{"www/js/utility.js":{"path":"www/js/utility.js","s":{"1":1,"2":1,"3":1,"4":1,"5":1,"6":1,"7":222,"8":1,"9":9,"10":1,"11":83,"12":83,"13":1,"14":147,"15":134,"16":1,"17":21,"18":1,"19":20,"20":1,"21":90,"22":90,"23":45,"24":45,"25":1,"26":0,"27":0,"28":0,"29":1,"30":1,"31":1,"32":0,"33":1,"34":0,"35":0,"36":0,"37":0,"38":0,"39":0,"40":1,"41":2,"42":1,"43":2,"44":1,"45":2,"46":2,"47":2,"48":1,"49":23,"50":23,"51":23,"52":23,"53":23,"54":23,"55":1,"56":4,"57":4,"58":4,"59":4,"60":4,"61":4,"62":4,"63":1,"64":13,"65":13,"66":13,"67":1,"68":0,"69":0,"70":0,"71":0,"72":0,"73":0,"74":0,"75":0,"76":1,"77":256,"78":256,"79":256,"80":256,"81":256,"82":45,"83":16,"84":29,"85":29,"86":211,"87":256,"88":256,"89":142,"90":142,"91":134,"92":114,"93":94,"94":94,"95":94,"96":72,"97":20,"98":10,"99":10,"100":10,"101":10,"102":8,"103":256,"104":1,"105":20},"b":{"1":[83,51],"2":[134,13],"3":[1,20],"4":[45,45],"5":[45,211],"6":[16,29],"7":[142,114],"8":[134,8],"9":[142,50],"10":[94,20],"11":[72,22],"12":[94,77],"13":[10,10],"14":[8,2]},"f":{"1":222,"2":9,"3":83,"4":147,"5":21,"6":90,"7":0,"8":0,"9":1,"10":0,"11":0,"12":0,"13":2,"14":2,"15":2,"16":23,"17":4,"18":13,"19":0,"20":256,"21":20},"fnMap":{"1":{"name":"isSameDay","line":12,"loc":{"start":{"line":12,"column":0},"end":{"line":12,"column":33}}},"2":{"name":"isToday","line":18,"loc":{"start":{"line":18,"column":0},"end":{"line":18,"column":23}}},"3":{"name":"isTodayOrLater","line":22,"loc":{"start":{"line":22,"column":0},"end":{"line":22,"column":30}}},"4":{"name":"callFunc","line":30,"loc":{"start":{"line":30,"column":0},"end":{"line":30,"column":30}}},"5":{"name":"deepCopy","line":37,"loc":{"start":{"line":37,"column":0},"end":{"line":37,"column":27}}},"6":{"name":"indexOfData","line":44,"loc":{"start":{"line":44,"column":0},"end":{"line":44,"column":38}}},"7":{"name":"dateInputToDate","line":53,"loc":{"start":{"line":53,"column":0},"end":{"line":53,"column":30}}},"8":{"name":"(anonymous_8)","line":54,"loc":{"start":{"line":54,"column":32},"end":{"line":54,"column":46}}},"9":{"name":"dateToDateInput","line":60,"loc":{"start":{"line":60,"column":0},"end":{"line":60,"column":30}}},"10":{"name":"dateToTimeInput","line":64,"loc":{"start":{"line":64,"column":0},"end":{"line":64,"column":30}}},"11":{"name":"timeInputToDate","line":68,"loc":{"start":{"line":68,"column":0},"end":{"line":68,"column":30}}},"12":{"name":"(anonymous_12)","line":69,"loc":{"start":{"line":69,"column":32},"end":{"line":69,"column":46}}},"13":{"name":"padDigits","line":78,"loc":{"start":{"line":78,"column":0},"end":{"line":78,"column":35}}},"14":{"name":"clearStorage","line":83,"loc":{"start":{"line":83,"column":0},"end":{"line":83,"column":24}}},"15":{"name":"(anonymous_15)","line":90,"loc":{"start":{"line":90,"column":19},"end":{"line":90,"column":53}}},"16":{"name":"(anonymous_16)","line":97,"loc":{"start":{"line":97,"column":18},"end":{"line":97,"column":67}}},"17":{"name":"(anonymous_17)","line":107,"loc":{"start":{"line":107,"column":18},"end":{"line":107,"column":76}}},"18":{"name":"(anonymous_18)","line":118,"loc":{"start":{"line":118,"column":17},"end":{"line":118,"column":47}}},"19":{"name":"(anonymous_19)","line":124,"loc":{"start":{"line":124,"column":14},"end":{"line":124,"column":161}}},"20":{"name":"findNextTime","line":135,"loc":{"start":{"line":135,"column":0},"end":{"line":135,"column":40}}},"21":{"name":"trimToDay","line":172,"loc":{"start":{"line":172,"column":0},"end":{"line":172,"column":29}}}},"statementMap":{"1":{"start":{"line":3,"column":0},"end":{"line":3,"column":22}},"2":{"start":{"line":4,"column":0},"end":{"line":4,"column":24}},"3":{"start":{"line":5,"column":0},"end":{"line":5,"column":28}},"4":{"start":{"line":7,"column":0},"end":{"line":7,"column":47}},"5":{"start":{"line":8,"column":0},"end":{"line":8,"column":29}},"6":{"start":{"line":12,"column":0},"end":{"line":14,"column":1}},"7":{"start":{"line":13,"column":1},"end":{"line":13,"column":54}},"8":{"start":{"line":18,"column":0},"end":{"line":20,"column":1}},"9":{"start":{"line":19,"column":1},"end":{"line":19,"column":36}},"10":{"start":{"line":22,"column":0},"end":{"line":25,"column":1}},"11":{"start":{"line":23,"column":1},"end":{"line":23,"column":24}},"12":{"start":{"line":24,"column":1},"end":{"line":24,"column":49}},"13":{"start":{"line":30,"column":0},"end":{"line":34,"column":1}},"14":{"start":{"line":31,"column":1},"end":{"line":33,"column":2}},"15":{"start":{"line":32,"column":2},"end":{"line":32,"column":27}},"16":{"start":{"line":37,"column":0},"end":{"line":42,"column":1}},"17":{"start":{"line":38,"column":1},"end":{"line":40,"column":2}},"18":{"start":{"line":39,"column":2},"end":{"line":39,"column":19}},"19":{"start":{"line":41,"column":1},"end":{"line":41,"column":44}},"20":{"start":{"line":44,"column":0},"end":{"line":51,"column":1}},"21":{"start":{"line":45,"column":1},"end":{"line":49,"column":2}},"22":{"start":{"line":46,"column":2},"end":{"line":48,"column":3}},"23":{"start":{"line":47,"column":3},"end":{"line":47,"column":12}},"24":{"start":{"line":50,"column":1},"end":{"line":50,"column":11}},"25":{"start":{"line":53,"column":0},"end":{"line":58,"column":1}},"26":{"start":{"line":54,"column":1},"end":{"line":56,"column":4}},"27":{"start":{"line":55,"column":2},"end":{"line":55,"column":23}},"28":{"start":{"line":57,"column":1},"end":{"line":57,"column":51}},"29":{"start":{"line":60,"column":0},"end":{"line":62,"column":1}},"30":{"start":{"line":61,"column":1},"end":{"line":61,"column":104}},"31":{"start":{"line":64,"column":0},"end":{"line":66,"column":1}},"32":{"start":{"line":65,"column":1},"end":{"line":65,"column":77}},"33":{"start":{"line":68,"column":0},"end":{"line":76,"column":1}},"34":{"start":{"line":69,"column":1},"end":{"line":71,"column":4}},"35":{"start":{"line":70,"column":2},"end":{"line":70,"column":23}},"36":{"start":{"line":72,"column":1},"end":{"line":72,"column":29}},"37":{"start":{"line":73,"column":1},"end":{"line":73,"column":31}},"38":{"start":{"line":74,"column":1},"end":{"line":74,"column":33}},"39":{"start":{"line":75,"column":1},"end":{"line":75,"column":19}},"40":{"start":{"line":78,"column":0},"end":{"line":80,"column":1}},"41":{"start":{"line":79,"column":4},"end":{"line":79,"column":83}},"42":{"start":{"line":83,"column":0},"end":{"line":85,"column":1}},"43":{"start":{"line":84,"column":1},"end":{"line":84,"column":21}},"44":{"start":{"line":90,"column":0},"end":{"line":94,"column":2}},"45":{"start":{"line":91,"column":1},"end":{"line":91,"column":18}},"46":{"start":{"line":92,"column":1},"end":{"line":92,"column":22}},"47":{"start":{"line":93,"column":1},"end":{"line":93,"column":28}},"48":{"start":{"line":97,"column":0},"end":{"line":104,"column":2}},"49":{"start":{"line":98,"column":1},"end":{"line":98,"column":18}},"50":{"start":{"line":99,"column":1},"end":{"line":99,"column":22}},"51":{"start":{"line":100,"column":1},"end":{"line":100,"column":22}},"52":{"start":{"line":101,"column":1},"end":{"line":101,"column":20}},"53":{"start":{"line":102,"column":1},"end":{"line":102,"column":28}},"54":{"start":{"line":103,"column":1},"end":{"line":103,"column":36}},"55":{"start":{"line":107,"column":0},"end":{"line":115,"column":2}},"56":{"start":{"line":108,"column":1},"end":{"line":108,"column":18}},"57":{"start":{"line":109,"column":1},"end":{"line":109,"column":22}},"58":{"start":{"line":110,"column":1},"end":{"line":110,"column":22}},"59":{"start":{"line":111,"column":1},"end":{"line":111,"column":20}},"60":{"start":{"line":112,"column":1},"end":{"line":112,"column":24}},"61":{"start":{"line":113,"column":1},"end":{"line":113,"column":28}},"62":{"start":{"line":114,"column":1},"end":{"line":114,"column":36}},"63":{"start":{"line":118,"column":0},"end":{"line":122,"column":2}},"64":{"start":{"line":119,"column":1},"end":{"line":119,"column":22}},"65":{"start":{"line":120,"column":1},"end":{"line":120,"column":22}},"66":{"start":{"line":121,"column":1},"end":{"line":121,"column":16}},"67":{"start":{"line":124,"column":0},"end":{"line":133,"column":2}},"68":{"start":{"line":125,"column":1},"end":{"line":125,"column":40}},"69":{"start":{"line":126,"column":1},"end":{"line":126,"column":36}},"70":{"start":{"line":127,"column":1},"end":{"line":127,"column":38}},"71":{"start":{"line":128,"column":1},"end":{"line":128,"column":42}},"72":{"start":{"line":129,"column":1},"end":{"line":129,"column":44}},"73":{"start":{"line":130,"column":1},"end":{"line":130,"column":40}},"74":{"start":{"line":131,"column":1},"end":{"line":131,"column":46}},"75":{"start":{"line":132,"column":1},"end":{"line":132,"column":38}},"76":{"start":{"line":135,"column":0},"end":{"line":170,"column":1}},"77":{"start":{"line":136,"column":1},"end":{"line":136,"column":27}},"78":{"start":{"line":137,"column":1},"end":{"line":137,"column":25}},"79":{"start":{"line":138,"column":1},"end":{"line":138,"column":14}},"80":{"start":{"line":139,"column":1},"end":{"line":139,"column":10}},"81":{"start":{"line":140,"column":1},"end":{"line":149,"column":2}},"82":{"start":{"line":141,"column":2},"end":{"line":146,"column":3}},"83":{"start":{"line":142,"column":3},"end":{"line":142,"column":39}},"84":{"start":{"line":144,"column":3},"end":{"line":144,"column":25}},"85":{"start":{"line":145,"column":3},"end":{"line":145,"column":44}},"86":{"start":{"line":148,"column":2},"end":{"line":148,"column":23}},"87":{"start":{"line":150,"column":1},"end":{"line":150,"column":35}},"88":{"start":{"line":151,"column":1},"end":{"line":168,"column":2}},"89":{"start":{"line":152,"column":2},"end":{"line":152,"column":26}},"90":{"start":{"line":153,"column":2},"end":{"line":155,"column":3}},"91":{"start":{"line":154,"column":3},"end":{"line":154,"column":46}},"92":{"start":{"line":156,"column":8},"end":{"line":168,"column":2}},"93":{"start":{"line":157,"column":2},"end":{"line":157,"column":35}},"94":{"start":{"line":158,"column":2},"end":{"line":158,"column":46}},"95":{"start":{"line":159,"column":2},"end":{"line":161,"column":3}},"96":{"start":{"line":160,"column":3},"end":{"line":160,"column":44}},"97":{"start":{"line":162,"column":8},"end":{"line":168,"column":2}},"98":{"start":{"line":163,"column":2},"end":{"line":163,"column":83}},"99":{"start":{"line":164,"column":2},"end":{"line":164,"column":25}},"100":{"start":{"line":165,"column":2},"end":{"line":165,"column":53}},"101":{"start":{"line":166,"column":8},"end":{"line":168,"column":2}},"102":{"start":{"line":167,"column":2},"end":{"line":167,"column":48}},"103":{"start":{"line":169,"column":1},"end":{"line":169,"column":27}},"104":{"start":{"line":172,"column":0},"end":{"line":174,"column":1}},"105":{"start":{"line":173,"column":1},"end":{"line":173,"column":53}}},"branchMap":{"1":{"line":24,"type":"binary-expr","locations":[{"start":{"line":24,"column":8},"end":{"line":24,"column":30}},{"start":{"line":24,"column":35},"end":{"line":24,"column":47}}]},"2":{"line":31,"type":"if","locations":[{"start":{"line":31,"column":1},"end":{"line":31,"column":1}},{"start":{"line":31,"column":1},"end":{"line":31,"column":1}}]},"3":{"line":38,"type":"if","locations":[{"start":{"line":38,"column":1},"end":{"line":38,"column":1}},{"start":{"line":38,"column":1},"end":{"line":38,"column":1}}]},"4":{"line":46,"type":"if","locations":[{"start":{"line":46,"column":2},"end":{"line":46,"column":2}},{"start":{"line":46,"column":2},"end":{"line":46,"column":2}}]},"5":{"line":140,"type":"if","locations":[{"start":{"line":140,"column":1},"end":{"line":140,"column":1}},{"start":{"line":140,"column":1},"end":{"line":140,"column":1}}]},"6":{"line":141,"type":"if","locations":[{"start":{"line":141,"column":2},"end":{"line":141,"column":2}},{"start":{"line":141,"column":2},"end":{"line":141,"column":2}}]},"7":{"line":151,"type":"if","locations":[{"start":{"line":151,"column":1},"end":{"line":151,"column":1}},{"start":{"line":151,"column":1},"end":{"line":151,"column":1}}]},"8":{"line":153,"type":"if","locations":[{"start":{"line":153,"column":2},"end":{"line":153,"column":2}},{"start":{"line":153,"column":2},"end":{"line":153,"column":2}}]},"9":{"line":153,"type":"binary-expr","locations":[{"start":{"line":153,"column":5},"end":{"line":153,"column":24}},{"start":{"line":153,"column":28},"end":{"line":153,"column":57}}]},"10":{"line":156,"type":"if","locations":[{"start":{"line":156,"column":8},"end":{"line":156,"column":8}},{"start":{"line":156,"column":8},"end":{"line":156,"column":8}}]},"11":{"line":159,"type":"if","locations":[{"start":{"line":159,"column":2},"end":{"line":159,"column":2}},{"start":{"line":159,"column":2},"end":{"line":159,"column":2}}]},"12":{"line":159,"type":"binary-expr","locations":[{"start":{"line":159,"column":5},"end":{"line":159,"column":24}},{"start":{"line":159,"column":28},"end":{"line":159,"column":57}}]},"13":{"line":162,"type":"if","locations":[{"start":{"line":162,"column":8},"end":{"line":162,"column":8}},{"start":{"line":162,"column":8},"end":{"line":162,"column":8}}]},"14":{"line":166,"type":"if","locations":[{"start":{"line":166,"column":8},"end":{"line":166,"column":8}},{"start":{"line":166,"column":8},"end":{"line":166,"column":8}}]}}},"www/js/Calculator.js":{"path":"www/js/Calculator.js","s":{"1":1,"2":15,"3":15,"4":42,"5":42,"6":42,"7":0,"8":42,"9":15,"10":14,"11":14,"12":14,"13":14,"14":14,"15":14,"16":14,"17":1,"18":56,"19":56,"20":56,"21":56,"22":0,"23":56,"24":56,"25":34,"26":56,"27":56,"28":56,"29":56,"30":56,"31":56,"32":28,"33":28,"34":0,"35":28,"36":17,"37":17,"38":17,"39":0,"40":17,"41":17,"42":56,"43":49,"44":49,"45":0,"46":49,"47":50,"48":50,"49":17,"50":33,"51":50,"52":56,"53":56,"54":106,"55":56,"56":56,"57":56,"58":106,"59":106,"60":106,"61":52,"62":52,"63":56,"64":56,"65":54,"66":56,"67":56,"68":1,"69":73,"70":73,"71":88,"72":20,"73":68,"74":73,"75":73,"76":73,"77":73,"78":73,"79":0,"80":0,"81":73,"82":56,"83":17,"84":1,"85":73,"86":73,"87":73,"88":88,"89":88,"90":88,"91":88,"92":88,"93":17,"94":17,"95":71,"96":56},"b":{"1":[0,42],"2":[42,14],"3":[14,0],"4":[14,14],"5":[0,56],"6":[0,28],"7":[0,17],"8":[0,49],"9":[17,33],"10":[52,54],"11":[20,68],"12":[0,73],"13":[56,17],"14":[17,71]},"f":{"1":15,"2":42,"3":14,"4":56,"5":73,"6":73},"fnMap":{"1":{"name":"(anonymous_1)","line":5,"loc":{"start":{"line":5,"column":17},"end":{"line":5,"column":28}}},"2":{"name":"(anonymous_2)","line":11,"loc":{"start":{"line":11,"column":24},"end":{"line":11,"column":39}}},"3":{"name":"(anonymous_3)","line":22,"loc":{"start":{"line":22,"column":32},"end":{"line":22,"column":47}}},"4":{"name":"calculate","line":40,"loc":{"start":{"line":40,"column":1},"end":{"line":40,"column":82}}},"5":{"name":"maxAmountToSpend","line":126,"loc":{"start":{"line":126,"column":2},"end":{"line":126,"column":46}}},"6":{"name":"getLastDayPossible","line":154,"loc":{"start":{"line":154,"column":3},"end":{"line":154,"column":44}}}},"statementMap":{"1":{"start":{"line":5,"column":0},"end":{"line":174,"column":2}},"2":{"start":{"line":7,"column":1},"end":{"line":7,"column":17}},"3":{"start":{"line":11,"column":1},"end":{"line":18,"column":3}},"4":{"start":{"line":12,"column":2},"end":{"line":12,"column":32}},"5":{"start":{"line":13,"column":2},"end":{"line":13,"column":35}},"6":{"start":{"line":14,"column":2},"end":{"line":16,"column":3}},"7":{"start":{"line":15,"column":3},"end":{"line":15,"column":31}},"8":{"start":{"line":17,"column":2},"end":{"line":17,"column":72}},"9":{"start":{"line":22,"column":1},"end":{"line":31,"column":3}},"10":{"start":{"line":23,"column":2},"end":{"line":23,"column":32}},"11":{"start":{"line":24,"column":2},"end":{"line":24,"column":43}},"12":{"start":{"line":25,"column":2},"end":{"line":27,"column":3}},"13":{"start":{"line":26,"column":3},"end":{"line":26,"column":30}},"14":{"start":{"line":28,"column":2},"end":{"line":28,"column":28}},"15":{"start":{"line":29,"column":2},"end":{"line":29,"column":43}},"16":{"start":{"line":30,"column":2},"end":{"line":30,"column":77}},"17":{"start":{"line":40,"column":1},"end":{"line":172,"column":2}},"18":{"start":{"line":46,"column":2},"end":{"line":46,"column":73}},"19":{"start":{"line":47,"column":2},"end":{"line":47,"column":39}},"20":{"start":{"line":48,"column":2},"end":{"line":48,"column":83}},"21":{"start":{"line":49,"column":2},"end":{"line":51,"column":3}},"22":{"start":{"line":50,"column":3},"end":{"line":50,"column":12}},"23":{"start":{"line":54,"column":2},"end":{"line":54,"column":23}},"24":{"start":{"line":55,"column":2},"end":{"line":57,"column":3}},"25":{"start":{"line":56,"column":3},"end":{"line":56,"column":42}},"26":{"start":{"line":58,"column":2},"end":{"line":58,"column":65}},"27":{"start":{"line":61,"column":2},"end":{"line":61,"column":19}},"28":{"start":{"line":62,"column":2},"end":{"line":62,"column":15}},"29":{"start":{"line":63,"column":2},"end":{"line":63,"column":35}},"30":{"start":{"line":64,"column":2},"end":{"line":64,"column":50}},"31":{"start":{"line":65,"column":2},"end":{"line":80,"column":3}},"32":{"start":{"line":66,"column":3},"end":{"line":66,"column":32}},"33":{"start":{"line":67,"column":3},"end":{"line":69,"column":4}},"34":{"start":{"line":68,"column":4},"end":{"line":68,"column":49}},"35":{"start":{"line":70,"column":3},"end":{"line":79,"column":4}},"36":{"start":{"line":71,"column":4},"end":{"line":71,"column":56}},"37":{"start":{"line":72,"column":4},"end":{"line":72,"column":70}},"38":{"start":{"line":73,"column":4},"end":{"line":77,"column":5}},"39":{"start":{"line":74,"column":5},"end":{"line":74,"column":39}},"40":{"start":{"line":76,"column":5},"end":{"line":76,"column":38}},"41":{"start":{"line":78,"column":4},"end":{"line":78,"column":36}},"42":{"start":{"line":81,"column":2},"end":{"line":95,"column":3}},"43":{"start":{"line":82,"column":3},"end":{"line":82,"column":32}},"44":{"start":{"line":83,"column":3},"end":{"line":85,"column":4}},"45":{"start":{"line":84,"column":4},"end":{"line":84,"column":49}},"46":{"start":{"line":86,"column":3},"end":{"line":94,"column":4}},"47":{"start":{"line":87,"column":4},"end":{"line":87,"column":57}},"48":{"start":{"line":88,"column":4},"end":{"line":92,"column":5}},"49":{"start":{"line":89,"column":5},"end":{"line":89,"column":49}},"50":{"start":{"line":91,"column":5},"end":{"line":91,"column":49}},"51":{"start":{"line":93,"column":4},"end":{"line":93,"column":36}},"52":{"start":{"line":97,"column":2},"end":{"line":97,"column":17}},"53":{"start":{"line":98,"column":2},"end":{"line":100,"column":3}},"54":{"start":{"line":99,"column":3},"end":{"line":99,"column":20}},"55":{"start":{"line":101,"column":2},"end":{"line":101,"column":25}},"56":{"start":{"line":104,"column":2},"end":{"line":104,"column":29}},"57":{"start":{"line":105,"column":2},"end":{"line":112,"column":3}},"58":{"start":{"line":106,"column":3},"end":{"line":106,"column":43}},"59":{"start":{"line":107,"column":3},"end":{"line":107,"column":26}},"60":{"start":{"line":108,"column":3},"end":{"line":111,"column":4}},"61":{"start":{"line":109,"column":4},"end":{"line":109,"column":44}},"62":{"start":{"line":110,"column":4},"end":{"line":110,"column":29}},"63":{"start":{"line":116,"column":2},"end":{"line":116,"column":13}},"64":{"start":{"line":117,"column":2},"end":{"line":119,"column":3}},"65":{"start":{"line":118,"column":3},"end":{"line":118,"column":23}},"66":{"start":{"line":120,"column":2},"end":{"line":120,"column":15}},"67":{"start":{"line":122,"column":2},"end":{"line":122,"column":59}},"68":{"start":{"line":126,"column":2},"end":{"line":171,"column":3}},"69":{"start":{"line":128,"column":3},"end":{"line":128,"column":27}},"70":{"start":{"line":129,"column":3},"end":{"line":134,"column":4}},"71":{"start":{"line":130,"column":4},"end":{"line":132,"column":5}},"72":{"start":{"line":131,"column":5},"end":{"line":131,"column":11}},"73":{"start":{"line":133,"column":4},"end":{"line":133,"column":41}},"74":{"start":{"line":139,"column":3},"end":{"line":139,"column":48}},"75":{"start":{"line":140,"column":3},"end":{"line":140,"column":86}},"76":{"start":{"line":141,"column":3},"end":{"line":141,"column":54}},"77":{"start":{"line":142,"column":3},"end":{"line":142,"column":58}},"78":{"start":{"line":143,"column":3},"end":{"line":146,"column":4}},"79":{"start":{"line":144,"column":4},"end":{"line":144,"column":25}},"80":{"start":{"line":145,"column":4},"end":{"line":145,"column":13}},"81":{"start":{"line":147,"column":3},"end":{"line":151,"column":4}},"82":{"start":{"line":148,"column":4},"end":{"line":148,"column":35}},"83":{"start":{"line":150,"column":4},"end":{"line":150,"column":55}},"84":{"start":{"line":154,"column":3},"end":{"line":170,"column":4}},"85":{"start":{"line":155,"column":4},"end":{"line":155,"column":28}},"86":{"start":{"line":156,"column":4},"end":{"line":156,"column":25}},"87":{"start":{"line":157,"column":4},"end":{"line":168,"column":5}},"88":{"start":{"line":158,"column":5},"end":{"line":158,"column":64}},"89":{"start":{"line":160,"column":5},"end":{"line":160,"column":84}},"90":{"start":{"line":161,"column":5},"end":{"line":161,"column":43}},"91":{"start":{"line":162,"column":5},"end":{"line":162,"column":53}},"92":{"start":{"line":163,"column":5},"end":{"line":166,"column":6}},"93":{"start":{"line":164,"column":6},"end":{"line":164,"column":47}},"94":{"start":{"line":165,"column":6},"end":{"line":165,"column":22}},"95":{"start":{"line":167,"column":5},"end":{"line":167,"column":42}},"96":{"start":{"line":169,"column":4},"end":{"line":169,"column":19}}},"branchMap":{"1":{"line":14,"type":"if","locations":[{"start":{"line":14,"column":2},"end":{"line":14,"column":2}},{"start":{"line":14,"column":2},"end":{"line":14,"column":2}}]},"2":{"line":14,"type":"binary-expr","locations":[{"start":{"line":14,"column":5},"end":{"line":14,"column":10}},{"start":{"line":14,"column":14},"end":{"line":14,"column":37}}]},"3":{"line":25,"type":"if","locations":[{"start":{"line":25,"column":2},"end":{"line":25,"column":2}},{"start":{"line":25,"column":2},"end":{"line":25,"column":2}}]},"4":{"line":25,"type":"binary-expr","locations":[{"start":{"line":25,"column":5},"end":{"line":25,"column":11}},{"start":{"line":25,"column":15},"end":{"line":25,"column":37}}]},"5":{"line":49,"type":"if","locations":[{"start":{"line":49,"column":2},"end":{"line":49,"column":2}},{"start":{"line":49,"column":2},"end":{"line":49,"column":2}}]},"6":{"line":67,"type":"if","locations":[{"start":{"line":67,"column":3},"end":{"line":67,"column":3}},{"start":{"line":67,"column":3},"end":{"line":67,"column":3}}]},"7":{"line":73,"type":"if","locations":[{"start":{"line":73,"column":4},"end":{"line":73,"column":4}},{"start":{"line":73,"column":4},"end":{"line":73,"column":4}}]},"8":{"line":83,"type":"if","locations":[{"start":{"line":83,"column":3},"end":{"line":83,"column":3}},{"start":{"line":83,"column":3},"end":{"line":83,"column":3}}]},"9":{"line":88,"type":"if","locations":[{"start":{"line":88,"column":4},"end":{"line":88,"column":4}},{"start":{"line":88,"column":4},"end":{"line":88,"column":4}}]},"10":{"line":108,"type":"if","locations":[{"start":{"line":108,"column":3},"end":{"line":108,"column":3}},{"start":{"line":108,"column":3},"end":{"line":108,"column":3}}]},"11":{"line":130,"type":"if","locations":[{"start":{"line":130,"column":4},"end":{"line":130,"column":4}},{"start":{"line":130,"column":4},"end":{"line":130,"column":4}}]},"12":{"line":143,"type":"if","locations":[{"start":{"line":143,"column":3},"end":{"line":143,"column":3}},{"start":{"line":143,"column":3},"end":{"line":143,"column":3}}]},"13":{"line":147,"type":"if","locations":[{"start":{"line":147,"column":3},"end":{"line":147,"column":3}},{"start":{"line":147,"column":3},"end":{"line":147,"column":3}}]},"14":{"line":163,"type":"if","locations":[{"start":{"line":163,"column":5},"end":{"line":163,"column":5}},{"start":{"line":163,"column":5},"end":{"line":163,"column":5}}]}}},"www/js/DataManager.js":{"path":"www/js/DataManager.js","s":{"1":1,"2":10,"3":10,"4":10,"5":10,"6":10,"7":10,"8":11,"9":1,"10":10,"11":10,"12":10,"13":10,"14":10,"15":10,"16":6,"17":4,"18":4,"19":4,"20":4,"21":4,"22":4,"23":10,"24":10,"25":10,"26":0,"27":10,"28":11,"29":10,"30":11,"31":11,"32":18,"33":18,"34":10,"35":10,"36":10,"37":10,"38":10,"39":10,"40":2,"41":1,"42":28,"43":24,"44":24,"45":24,"46":6},"b":{"1":[1,10],"2":[10,0],"3":[10,10],"4":[6,4],"5":[4,2],"6":[4,0],"7":[4,0],"8":[7,4],"9":[18,16],"10":[24,4],"11":[24,14],"12":[24,18]},"f":{"1":10,"2":11,"3":11,"4":11,"5":10,"6":2,"7":28},"fnMap":{"1":{"name":"(anonymous_1)","line":7,"loc":{"start":{"line":7,"column":18},"end":{"line":7,"column":29}}},"2":{"name":"(anonymous_2)","line":44,"loc":{"start":{"line":44,"column":16},"end":{"line":44,"column":63}}},"3":{"name":"(anonymous_3)","line":78,"loc":{"start":{"line":78,"column":16},"end":{"line":78,"column":35}}},"4":{"name":"(anonymous_4)","line":83,"loc":{"start":{"line":83,"column":25},"end":{"line":83,"column":56}}},"5":{"name":"(anonymous_5)","line":92,"loc":{"start":{"line":92,"column":14},"end":{"line":92,"column":25}}},"6":{"name":"(anonymous_6)","line":101,"loc":{"start":{"line":101,"column":18},"end":{"line":101,"column":29}}},"7":{"name":"notifyListeners","line":107,"loc":{"start":{"line":107,"column":1},"end":{"line":107,"column":39}}}},"statementMap":{"1":{"start":{"line":7,"column":0},"end":{"line":117,"column":2}},"2":{"start":{"line":10,"column":1},"end":{"line":10,"column":35}},"3":{"start":{"line":14,"column":1},"end":{"line":14,"column":23}},"4":{"start":{"line":18,"column":1},"end":{"line":18,"column":18}},"5":{"start":{"line":22,"column":1},"end":{"line":35,"column":3}},"6":{"start":{"line":38,"column":1},"end":{"line":38,"column":20}},"7":{"start":{"line":44,"column":1},"end":{"line":75,"column":3}},"8":{"start":{"line":45,"column":2},"end":{"line":47,"column":3}},"9":{"start":{"line":46,"column":3},"end":{"line":46,"column":16}},"10":{"start":{"line":49,"column":2},"end":{"line":49,"column":95}},"11":{"start":{"line":50,"column":2},"end":{"line":73,"column":3}},"12":{"start":{"line":51,"column":3},"end":{"line":51,"column":31}},"13":{"start":{"line":52,"column":3},"end":{"line":52,"column":47}},"14":{"start":{"line":53,"column":3},"end":{"line":53,"column":38}},"15":{"start":{"line":56,"column":3},"end":{"line":69,"column":4}},"16":{"start":{"line":59,"column":4},"end":{"line":68,"column":5}},"17":{"start":{"line":60,"column":5},"end":{"line":60,"column":52}},"18":{"start":{"line":61,"column":5},"end":{"line":63,"column":6}},"19":{"start":{"line":62,"column":6},"end":{"line":62,"column":32}},"20":{"start":{"line":64,"column":5},"end":{"line":64,"column":68}},"21":{"start":{"line":65,"column":5},"end":{"line":67,"column":6}},"22":{"start":{"line":66,"column":6},"end":{"line":66,"column":40}},"23":{"start":{"line":70,"column":3},"end":{"line":70,"column":29}},"24":{"start":{"line":71,"column":3},"end":{"line":71,"column":17}},"25":{"start":{"line":72,"column":3},"end":{"line":72,"column":15}},"26":{"start":{"line":74,"column":2},"end":{"line":74,"column":15}},"27":{"start":{"line":78,"column":1},"end":{"line":80,"column":3}},"28":{"start":{"line":79,"column":2},"end":{"line":79,"column":34}},"29":{"start":{"line":83,"column":1},"end":{"line":89,"column":3}},"30":{"start":{"line":84,"column":2},"end":{"line":84,"column":77}},"31":{"start":{"line":85,"column":2},"end":{"line":88,"column":3}},"32":{"start":{"line":86,"column":3},"end":{"line":86,"column":61}},"33":{"start":{"line":87,"column":3},"end":{"line":87,"column":43}},"34":{"start":{"line":92,"column":1},"end":{"line":97,"column":3}},"35":{"start":{"line":93,"column":2},"end":{"line":93,"column":49}},"36":{"start":{"line":94,"column":2},"end":{"line":94,"column":65}},"37":{"start":{"line":95,"column":2},"end":{"line":95,"column":19}},"38":{"start":{"line":96,"column":2},"end":{"line":96,"column":36}},"39":{"start":{"line":101,"column":1},"end":{"line":103,"column":3}},"40":{"start":{"line":102,"column":2},"end":{"line":102,"column":27}},"41":{"start":{"line":107,"column":1},"end":{"line":115,"column":2}},"42":{"start":{"line":108,"column":2},"end":{"line":114,"column":3}},"43":{"start":{"line":109,"column":3},"end":{"line":109,"column":21}},"44":{"start":{"line":110,"column":3},"end":{"line":110,"column":44}},"45":{"start":{"line":111,"column":3},"end":{"line":113,"column":4}},"46":{"start":{"line":112,"column":4},"end":{"line":112,"column":39}}},"branchMap":{"1":{"line":45,"type":"if","locations":[{"start":{"line":45,"column":2},"end":{"line":45,"column":2}},{"start":{"line":45,"column":2},"end":{"line":45,"column":2}}]},"2":{"line":50,"type":"if","locations":[{"start":{"line":50,"column":2},"end":{"line":50,"column":2}},{"start":{"line":50,"column":2},"end":{"line":50,"column":2}}]},"3":{"line":50,"type":"binary-expr","locations":[{"start":{"line":50,"column":5},"end":{"line":50,"column":16}},{"start":{"line":50,"column":21},"end":{"line":50,"column":63}}]},"4":{"line":56,"type":"if","locations":[{"start":{"line":56,"column":3},"end":{"line":56,"column":3}},{"start":{"line":56,"column":3},"end":{"line":56,"column":3}}]},"5":{"line":59,"type":"if","locations":[{"start":{"line":59,"column":4},"end":{"line":59,"column":4}},{"start":{"line":59,"column":4},"end":{"line":59,"column":4}}]},"6":{"line":61,"type":"if","locations":[{"start":{"line":61,"column":5},"end":{"line":61,"column":5}},{"start":{"line":61,"column":5},"end":{"line":61,"column":5}}]},"7":{"line":65,"type":"if","locations":[{"start":{"line":65,"column":5},"end":{"line":65,"column":5}},{"start":{"line":65,"column":5},"end":{"line":65,"column":5}}]},"8":{"line":84,"type":"cond-expr","locations":[{"start":{"line":84,"column":51},"end":{"line":84,"column":63}},{"start":{"line":84,"column":66},"end":{"line":84,"column":76}}]},"9":{"line":86,"type":"binary-expr","locations":[{"start":{"line":86,"column":30},"end":{"line":86,"column":54}},{"start":{"line":86,"column":58},"end":{"line":86,"column":60}}]},"10":{"line":108,"type":"if","locations":[{"start":{"line":108,"column":2},"end":{"line":108,"column":2}},{"start":{"line":108,"column":2},"end":{"line":108,"column":2}}]},"11":{"line":109,"type":"binary-expr","locations":[{"start":{"line":109,"column":10},"end":{"line":109,"column":14}},{"start":{"line":109,"column":18},"end":{"line":109,"column":20}}]},"12":{"line":110,"type":"binary-expr","locations":[{"start":{"line":110,"column":21},"end":{"line":110,"column":37}},{"start":{"line":110,"column":41},"end":{"line":110,"column":43}}]}}},"www/js/DateManager.js":{"path":"www/js/DateManager.js","s":{"1":1,"2":117,"3":117,"4":117,"5":117,"6":117,"7":3,"8":3,"9":3,"10":1,"11":2,"12":3,"13":3,"14":1,"15":3,"16":3,"17":1,"18":3,"19":3,"20":3,"21":1,"22":1,"23":1},"b":{"1":[1,2],"2":[1,2]},"f":{"1":117,"2":117,"3":3,"4":3,"5":3,"6":3,"7":1},"fnMap":{"1":{"name":"(anonymous_1)","line":4,"loc":{"start":{"line":4,"column":18},"end":{"line":4,"column":29}}},"2":{"name":"(anonymous_2)","line":11,"loc":{"start":{"line":11,"column":25},"end":{"line":11,"column":44}}},"3":{"name":"(anonymous_3)","line":16,"loc":{"start":{"line":16,"column":14},"end":{"line":16,"column":27}}},"4":{"name":"(anonymous_4)","line":17,"loc":{"start":{"line":17,"column":20},"end":{"line":17,"column":31}}},"5":{"name":"(anonymous_5)","line":18,"loc":{"start":{"line":18,"column":38},"end":{"line":18,"column":57}}},"6":{"name":"checkDate","line":33,"loc":{"start":{"line":33,"column":1},"end":{"line":33,"column":22}}},"7":{"name":"notifyListeners","line":43,"loc":{"start":{"line":43,"column":1},"end":{"line":43,"column":28}}}},"statementMap":{"1":{"start":{"line":4,"column":0},"end":{"line":49,"column":2}},"2":{"start":{"line":7,"column":1},"end":{"line":7,"column":17}},"3":{"start":{"line":9,"column":1},"end":{"line":9,"column":20}},"4":{"start":{"line":11,"column":1},"end":{"line":13,"column":3}},"5":{"start":{"line":12,"column":2},"end":{"line":12,"column":27}},"6":{"start":{"line":16,"column":1},"end":{"line":28,"column":3}},"7":{"start":{"line":17,"column":2},"end":{"line":27,"column":5}},"8":{"start":{"line":18,"column":3},"end":{"line":26,"column":6}},"9":{"start":{"line":19,"column":4},"end":{"line":23,"column":5}},"10":{"start":{"line":20,"column":5},"end":{"line":20,"column":33}},"11":{"start":{"line":22,"column":5},"end":{"line":22,"column":30}},"12":{"start":{"line":24,"column":4},"end":{"line":24,"column":16}},"13":{"start":{"line":25,"column":4},"end":{"line":25,"column":17}},"14":{"start":{"line":33,"column":1},"end":{"line":41,"column":2}},"15":{"start":{"line":34,"column":2},"end":{"line":34,"column":23}},"16":{"start":{"line":35,"column":2},"end":{"line":37,"column":3}},"17":{"start":{"line":36,"column":3},"end":{"line":36,"column":21}},"18":{"start":{"line":38,"column":2},"end":{"line":38,"column":20}},"19":{"start":{"line":39,"column":2},"end":{"line":39,"column":60}},"20":{"start":{"line":40,"column":2},"end":{"line":40,"column":101}},"21":{"start":{"line":43,"column":1},"end":{"line":47,"column":2}},"22":{"start":{"line":44,"column":2},"end":{"line":46,"column":3}},"23":{"start":{"line":45,"column":3},"end":{"line":45,"column":18}}},"branchMap":{"1":{"line":19,"type":"if","locations":[{"start":{"line":19,"column":4},"end":{"line":19,"column":4}},{"start":{"line":19,"column":4},"end":{"line":19,"column":4}}]},"2":{"line":35,"type":"if","locations":[{"start":{"line":35,"column":2},"end":{"line":35,"column":2}},{"start":{"line":35,"column":2},"end":{"line":35,"column":2}}]}}},"www/js/NetworkManager.js":{"path":"www/js/NetworkManager.js","s":{"1":1,"2":3,"3":3,"4":3,"5":3,"6":0,"7":0,"8":1,"9":0,"10":0,"11":0,"12":1,"13":0,"14":0,"15":0,"16":1,"17":0,"18":1,"19":0,"20":0,"21":0,"22":1,"23":1,"24":0,"25":0,"26":3,"27":0,"28":0,"29":0,"30":0,"31":0,"32":3,"33":2,"34":3,"35":0,"36":3,"37":0,"38":3,"39":0,"40":0,"41":0,"42":3,"43":0,"44":3,"45":0,"46":3,"47":0,"48":3,"49":3,"50":3,"51":3,"52":3,"53":1,"54":2,"55":2,"56":1,"57":2,"58":2,"59":2,"60":2,"61":2,"62":2,"63":1,"64":2,"65":0,"66":0,"67":0,"68":0,"69":0,"70":0,"71":0,"72":0,"73":0,"74":0,"75":0,"76":0,"77":1,"78":1},"b":{"1":[0,0],"2":[0,0],"3":[0,0],"4":[0,0],"5":[2,0],"6":[2,2],"7":[0,2],"8":[0,0]},"f":{"1":3,"2":0,"3":0,"4":0,"5":0,"6":0,"7":0,"8":0,"9":0,"10":0,"11":2,"12":0,"13":0,"14":0,"15":0,"16":0,"17":0,"18":0,"19":0,"20":2,"21":2,"22":2,"23":0,"24":0,"25":0,"26":0,"27":0},"fnMap":{"1":{"name":"(anonymous_1)","line":4,"loc":{"start":{"line":4,"column":21},"end":{"line":4,"column":32}}},"2":{"name":"(anonymous_2)","line":19,"loc":{"start":{"line":19,"column":25},"end":{"line":19,"column":51}}},"3":{"name":"notifyListeners","line":24,"loc":{"start":{"line":24,"column":1},"end":{"line":24,"column":39}}},"4":{"name":"updateLastModified","line":35,"loc":{"start":{"line":35,"column":1},"end":{"line":35,"column":37}}},"5":{"name":"populateStorage","line":44,"loc":{"start":{"line":44,"column":1},"end":{"line":44,"column":27}}},"6":{"name":"checkLastModified","line":47,"loc":{"start":{"line":47,"column":1},"end":{"line":47,"column":29}}},"7":{"name":"createUser","line":57,"loc":{"start":{"line":57,"column":1},"end":{"line":57,"column":41}}},"8":{"name":"login","line":61,"loc":{"start":{"line":61,"column":1},"end":{"line":61,"column":37}}},"9":{"name":"(anonymous_9)","line":66,"loc":{"start":{"line":66,"column":25},"end":{"line":66,"column":52}}},"10":{"name":"(anonymous_10)","line":67,"loc":{"start":{"line":67,"column":46},"end":{"line":67,"column":61}}},"11":{"name":"(anonymous_11)","line":77,"loc":{"start":{"line":77,"column":21},"end":{"line":77,"column":38}}},"12":{"name":"(anonymous_12)","line":81,"loc":{"start":{"line":81,"column":19},"end":{"line":81,"column":37}}},"13":{"name":"(anonymous_13)","line":86,"loc":{"start":{"line":86,"column":22},"end":{"line":86,"column":45}}},"14":{"name":"(anonymous_14)","line":91,"loc":{"start":{"line":91,"column":18},"end":{"line":91,"column":45}}},"15":{"name":"(anonymous_15)","line":98,"loc":{"start":{"line":98,"column":17},"end":{"line":98,"column":41}}},"16":{"name":"(anonymous_16)","line":103,"loc":{"start":{"line":103,"column":20},"end":{"line":103,"column":53}}},"17":{"name":"(anonymous_17)","line":108,"loc":{"start":{"line":108,"column":20},"end":{"line":108,"column":45}}},"18":{"name":"(anonymous_18)","line":112,"loc":{"start":{"line":112,"column":20},"end":{"line":112,"column":39}}},"19":{"name":"(anonymous_19)","line":116,"loc":{"start":{"line":116,"column":28},"end":{"line":116,"column":55}}},"20":{"name":"enqueueSend","line":131,"loc":{"start":{"line":131,"column":1},"end":{"line":131,"column":57}}},"21":{"name":"checkSend","line":142,"loc":{"start":{"line":142,"column":1},"end":{"line":142,"column":22}}},"22":{"name":"sendAjax","line":152,"loc":{"start":{"line":152,"column":1},"end":{"line":152,"column":54}}},"23":{"name":"(anonymous_23)","line":160,"loc":{"start":{"line":160,"column":11},"end":{"line":160,"column":26}}},"24":{"name":"(anonymous_24)","line":170,"loc":{"start":{"line":170,"column":11},"end":{"line":170,"column":26}}},"25":{"name":"(anonymous_25)","line":173,"loc":{"start":{"line":173,"column":13},"end":{"line":173,"column":24}}},"26":{"name":"defaultFail","line":180,"loc":{"start":{"line":180,"column":1},"end":{"line":180,"column":28}}},"27":{"name":"defaultSuccess","line":182,"loc":{"start":{"line":182,"column":1},"end":{"line":182,"column":31}}}},"statementMap":{"1":{"start":{"line":4,"column":0},"end":{"line":184,"column":2}},"2":{"start":{"line":6,"column":1},"end":{"line":6,"column":22}},"3":{"start":{"line":7,"column":1},"end":{"line":7,"column":39}},"4":{"start":{"line":17,"column":1},"end":{"line":17,"column":20}},"5":{"start":{"line":19,"column":1},"end":{"line":22,"column":3}},"6":{"start":{"line":20,"column":2},"end":{"line":20,"column":44}},"7":{"start":{"line":21,"column":2},"end":{"line":21,"column":34}},"8":{"start":{"line":24,"column":1},"end":{"line":29,"column":2}},"9":{"start":{"line":25,"column":2},"end":{"line":25,"column":43}},"10":{"start":{"line":26,"column":2},"end":{"line":28,"column":3}},"11":{"start":{"line":27,"column":3},"end":{"line":27,"column":38}},"12":{"start":{"line":35,"column":1},"end":{"line":42,"column":2}},"13":{"start":{"line":36,"column":2},"end":{"line":41,"column":3}},"14":{"start":{"line":37,"column":5},"end":{"line":37,"column":23}},"15":{"start":{"line":40,"column":2},"end":{"line":40,"column":48}},"16":{"start":{"line":44,"column":1},"end":{"line":46,"column":2}},"17":{"start":{"line":45,"column":2},"end":{"line":45,"column":42}},"18":{"start":{"line":47,"column":1},"end":{"line":55,"column":2}},"19":{"start":{"line":48,"column":2},"end":{"line":53,"column":3}},"20":{"start":{"line":49,"column":3},"end":{"line":49,"column":15}},"21":{"start":{"line":52,"column":3},"end":{"line":52,"column":16}},"22":{"start":{"line":57,"column":1},"end":{"line":59,"column":2}},"23":{"start":{"line":61,"column":1},"end":{"line":64,"column":2}},"24":{"start":{"line":62,"column":2},"end":{"line":62,"column":27}},"25":{"start":{"line":63,"column":2},"end":{"line":63,"column":87}},"26":{"start":{"line":66,"column":1},"end":{"line":74,"column":3}},"27":{"start":{"line":67,"column":2},"end":{"line":73,"column":14}},"28":{"start":{"line":68,"column":3},"end":{"line":68,"column":21}},"29":{"start":{"line":70,"column":3},"end":{"line":70,"column":41}},"30":{"start":{"line":71,"column":3},"end":{"line":71,"column":39}},"31":{"start":{"line":72,"column":3},"end":{"line":72,"column":17}},"32":{"start":{"line":77,"column":1},"end":{"line":79,"column":3}},"33":{"start":{"line":78,"column":2},"end":{"line":78,"column":76}},"34":{"start":{"line":81,"column":1},"end":{"line":83,"column":3}},"35":{"start":{"line":82,"column":2},"end":{"line":82,"column":78}},"36":{"start":{"line":86,"column":1},"end":{"line":88,"column":3}},"37":{"start":{"line":87,"column":2},"end":{"line":87,"column":74}},"38":{"start":{"line":91,"column":1},"end":{"line":95,"column":3}},"39":{"start":{"line":92,"column":2},"end":{"line":92,"column":15}},"40":{"start":{"line":93,"column":2},"end":{"line":93,"column":25}},"41":{"start":{"line":94,"column":2},"end":{"line":94,"column":66}},"42":{"start":{"line":98,"column":1},"end":{"line":100,"column":3}},"43":{"start":{"line":99,"column":2},"end":{"line":99,"column":66}},"44":{"start":{"line":103,"column":1},"end":{"line":105,"column":3}},"45":{"start":{"line":104,"column":2},"end":{"line":104,"column":68}},"46":{"start":{"line":108,"column":1},"end":{"line":110,"column":3}},"47":{"start":{"line":109,"column":2},"end":{"line":109,"column":77}},"48":{"start":{"line":112,"column":1},"end":{"line":114,"column":3}},"49":{"start":{"line":116,"column":1},"end":{"line":118,"column":3}},"50":{"start":{"line":120,"column":1},"end":{"line":126,"column":3}},"51":{"start":{"line":128,"column":1},"end":{"line":128,"column":32}},"52":{"start":{"line":129,"column":1},"end":{"line":129,"column":28}},"53":{"start":{"line":131,"column":1},"end":{"line":140,"column":2}},"54":{"start":{"line":132,"column":2},"end":{"line":138,"column":5}},"55":{"start":{"line":139,"column":2},"end":{"line":139,"column":14}},"56":{"start":{"line":142,"column":1},"end":{"line":150,"column":2}},"57":{"start":{"line":143,"column":2},"end":{"line":149,"column":3}},"58":{"start":{"line":144,"column":3},"end":{"line":144,"column":25}},"59":{"start":{"line":145,"column":3},"end":{"line":145,"column":27}},"60":{"start":{"line":146,"column":3},"end":{"line":146,"column":26}},"61":{"start":{"line":147,"column":3},"end":{"line":147,"column":115}},"62":{"start":{"line":148,"column":3},"end":{"line":148,"column":72}},"63":{"start":{"line":152,"column":1},"end":{"line":178,"column":2}},"64":{"start":{"line":153,"column":2},"end":{"line":177,"column":3}},"65":{"start":{"line":155,"column":3},"end":{"line":155,"column":41}},"66":{"start":{"line":156,"column":3},"end":{"line":176,"column":6}},"67":{"start":{"line":161,"column":4},"end":{"line":161,"column":103}},"68":{"start":{"line":162,"column":4},"end":{"line":168,"column":5}},"69":{"start":{"line":163,"column":5},"end":{"line":163,"column":68}},"70":{"start":{"line":165,"column":5},"end":{"line":165,"column":43}},"71":{"start":{"line":167,"column":5},"end":{"line":167,"column":58}},"72":{"start":{"line":169,"column":4},"end":{"line":169,"column":18}},"73":{"start":{"line":171,"column":4},"end":{"line":171,"column":103}},"74":{"start":{"line":172,"column":4},"end":{"line":172,"column":15}},"75":{"start":{"line":174,"column":4},"end":{"line":174,"column":27}},"76":{"start":{"line":175,"column":4},"end":{"line":175,"column":16}},"77":{"start":{"line":180,"column":1},"end":{"line":180,"column":31}},"78":{"start":{"line":182,"column":1},"end":{"line":182,"column":34}}},"branchMap":{"1":{"line":20,"type":"binary-expr","locations":[{"start":{"line":20,"column":21},"end":{"line":20,"column":37}},{"start":{"line":20,"column":41},"end":{"line":20,"column":43}}]},"2":{"line":25,"type":"binary-expr","locations":[{"start":{"line":25,"column":20},"end":{"line":25,"column":36}},{"start":{"line":25,"column":40},"end":{"line":25,"column":42}}]},"3":{"line":36,"type":"if","locations":[{"start":{"line":36,"column":2},"end":{"line":36,"column":2}},{"start":{"line":36,"column":2},"end":{"line":36,"column":2}}]},"4":{"line":48,"type":"if","locations":[{"start":{"line":48,"column":2},"end":{"line":48,"column":2}},{"start":{"line":48,"column":2},"end":{"line":48,"column":2}}]},"5":{"line":143,"type":"if","locations":[{"start":{"line":143,"column":2},"end":{"line":143,"column":2}},{"start":{"line":143,"column":2},"end":{"line":143,"column":2}}]},"6":{"line":143,"type":"binary-expr","locations":[{"start":{"line":143,"column":6},"end":{"line":143,"column":21}},{"start":{"line":143,"column":25},"end":{"line":143,"column":37}}]},"7":{"line":153,"type":"if","locations":[{"start":{"line":153,"column":2},"end":{"line":153,"column":2}},{"start":{"line":153,"column":2},"end":{"line":153,"column":2}}]},"8":{"line":162,"type":"if","locations":[{"start":{"line":162,"column":4},"end":{"line":162,"column":4}},{"start":{"line":162,"column":4},"end":{"line":162,"column":4}}]}}},"www/js/NotificationManager.js":{"path":"www/js/NotificationManager.js","s":{"1":1,"2":5,"3":4,"4":4,"5":2,"6":2,"7":2,"8":1,"9":2,"10":2,"11":2,"12":2,"13":2,"14":2,"15":2,"16":2,"17":0,"18":0,"19":0,"20":2,"21":2,"22":2,"23":2,"24":2,"25":2,"26":2,"27":2,"28":2,"29":2,"30":2,"31":0,"32":0,"33":1,"34":4,"35":4,"36":4,"37":4,"38":4,"39":1,"40":4},"b":{"1":[2,2],"2":[2,0],"3":[0,2],"4":[2,0],"5":[2,0],"6":[2,0]},"f":{"1":5,"2":4,"3":2,"4":4,"5":4},"fnMap":{"1":{"name":"(anonymous_1)","line":4,"loc":{"start":{"line":4,"column":26},"end":{"line":4,"column":61}}},"2":{"name":"(anonymous_2)","line":7,"loc":{"start":{"line":7,"column":57},"end":{"line":7,"column":72}}},"3":{"name":"setAllNotifications","line":21,"loc":{"start":{"line":21,"column":1},"end":{"line":21,"column":32}}},"4":{"name":"copyTimeOfDay","line":60,"loc":{"start":{"line":60,"column":1},"end":{"line":60,"column":46}}},"5":{"name":"setNotification","line":69,"loc":{"start":{"line":69,"column":1},"end":{"line":69,"column":49}}}},"statementMap":{"1":{"start":{"line":4,"column":0},"end":{"line":78,"column":2}},"2":{"start":{"line":7,"column":1},"end":{"line":19,"column":4}},"3":{"start":{"line":11,"column":2},"end":{"line":11,"column":41}},"4":{"start":{"line":12,"column":2},"end":{"line":18,"column":3}},"5":{"start":{"line":13,"column":3},"end":{"line":17,"column":4}},"6":{"start":{"line":14,"column":4},"end":{"line":14,"column":69}},"7":{"start":{"line":16,"column":4},"end":{"line":16,"column":70}},"8":{"start":{"line":21,"column":1},"end":{"line":57,"column":2}},"9":{"start":{"line":22,"column":2},"end":{"line":22,"column":35}},"10":{"start":{"line":23,"column":2},"end":{"line":23,"column":33}},"11":{"start":{"line":24,"column":2},"end":{"line":24,"column":49}},"12":{"start":{"line":25,"column":2},"end":{"line":25,"column":11}},"13":{"start":{"line":28,"column":2},"end":{"line":37,"column":3}},"14":{"start":{"line":29,"column":3},"end":{"line":29,"column":21}},"15":{"start":{"line":30,"column":3},"end":{"line":30,"column":79}},"16":{"start":{"line":31,"column":3},"end":{"line":35,"column":4}},"17":{"start":{"line":32,"column":4},"end":{"line":32,"column":62}},"18":{"start":{"line":33,"column":4},"end":{"line":33,"column":73}},"19":{"start":{"line":34,"column":4},"end":{"line":34,"column":96}},"20":{"start":{"line":36,"column":3},"end":{"line":36,"column":79}},"21":{"start":{"line":40,"column":2},"end":{"line":44,"column":3}},"22":{"start":{"line":41,"column":3},"end":{"line":41,"column":21}},"23":{"start":{"line":42,"column":3},"end":{"line":42,"column":65}},"24":{"start":{"line":43,"column":3},"end":{"line":43,"column":81}},"25":{"start":{"line":47,"column":2},"end":{"line":56,"column":3}},"26":{"start":{"line":48,"column":3},"end":{"line":48,"column":21}},"27":{"start":{"line":49,"column":3},"end":{"line":49,"column":19}},"28":{"start":{"line":50,"column":3},"end":{"line":52,"column":4}},"29":{"start":{"line":51,"column":4},"end":{"line":51,"column":39}},"30":{"start":{"line":53,"column":3},"end":{"line":53,"column":19}},"31":{"start":{"line":54,"column":3},"end":{"line":54,"column":22}},"32":{"start":{"line":55,"column":3},"end":{"line":55,"column":78}},"33":{"start":{"line":60,"column":1},"end":{"line":66,"column":2}},"34":{"start":{"line":61,"column":2},"end":{"line":61,"column":38}},"35":{"start":{"line":62,"column":2},"end":{"line":62,"column":45}},"36":{"start":{"line":63,"column":2},"end":{"line":63,"column":49}},"37":{"start":{"line":64,"column":2},"end":{"line":64,"column":49}},"38":{"start":{"line":65,"column":2},"end":{"line":65,"column":20}},"39":{"start":{"line":69,"column":1},"end":{"line":76,"column":2}},"40":{"start":{"line":70,"column":2},"end":{"line":75,"column":5}}},"branchMap":{"1":{"line":12,"type":"if","locations":[{"start":{"line":12,"column":2},"end":{"line":12,"column":2}},{"start":{"line":12,"column":2},"end":{"line":12,"column":2}}]},"2":{"line":28,"type":"if","locations":[{"start":{"line":28,"column":2},"end":{"line":28,"column":2}},{"start":{"line":28,"column":2},"end":{"line":28,"column":2}}]},"3":{"line":31,"type":"if","locations":[{"start":{"line":31,"column":3},"end":{"line":31,"column":3}},{"start":{"line":31,"column":3},"end":{"line":31,"column":3}}]},"4":{"line":40,"type":"if","locations":[{"start":{"line":40,"column":2},"end":{"line":40,"column":2}},{"start":{"line":40,"column":2},"end":{"line":40,"column":2}}]},"5":{"line":47,"type":"if","locations":[{"start":{"line":47,"column":2},"end":{"line":47,"column":2}},{"start":{"line":47,"column":2},"end":{"line":47,"column":2}}]},"6":{"line":50,"type":"if","locations":[{"start":{"line":50,"column":3},"end":{"line":50,"column":3}},{"start":{"line":50,"column":3},"end":{"line":50,"column":3}}]}}},"www/js/RecurringManager.js":{"path":"www/js/RecurringManager.js","s":{"1":1,"2":4,"3":4,"4":4,"5":2,"6":2,"7":2,"8":4,"9":2,"10":2,"11":2,"12":4,"13":0,"14":0,"15":0,"16":0,"17":1,"18":2,"19":2,"20":2,"21":2,"22":2,"23":2,"24":2,"25":2,"26":1,"27":2,"28":2,"29":2,"30":2,"31":2,"32":2,"33":2,"34":2},"b":{"1":[4,4],"2":[2,0],"3":[4,4],"4":[2,0]},"f":{"1":4,"2":2,"3":2,"4":0,"5":2,"6":2},"fnMap":{"1":{"name":"(anonymous_1)","line":5,"loc":{"start":{"line":5,"column":23},"end":{"line":5,"column":69}}},"2":{"name":"(anonymous_2)","line":12,"loc":{"start":{"line":12,"column":19},"end":{"line":12,"column":35}}},"3":{"name":"(anonymous_3)","line":20,"loc":{"start":{"line":20,"column":18},"end":{"line":20,"column":34}}},"4":{"name":"(anonymous_4)","line":27,"loc":{"start":{"line":27,"column":15},"end":{"line":27,"column":26}}},"5":{"name":"updateCharge","line":39,"loc":{"start":{"line":39,"column":1},"end":{"line":39,"column":30}}},"6":{"name":"updateIncome","line":55,"loc":{"start":{"line":55,"column":1},"end":{"line":55,"column":30}}}},"statementMap":{"1":{"start":{"line":5,"column":0},"end":{"line":68,"column":2}},"2":{"start":{"line":7,"column":1},"end":{"line":7,"column":18}},"3":{"start":{"line":9,"column":1},"end":{"line":9,"column":17}},"4":{"start":{"line":12,"column":1},"end":{"line":17,"column":3}},"5":{"start":{"line":13,"column":2},"end":{"line":13,"column":18}},"6":{"start":{"line":14,"column":2},"end":{"line":16,"column":3}},"7":{"start":{"line":15,"column":3},"end":{"line":15,"column":28}},"8":{"start":{"line":20,"column":1},"end":{"line":25,"column":3}},"9":{"start":{"line":21,"column":2},"end":{"line":21,"column":17}},"10":{"start":{"line":22,"column":2},"end":{"line":24,"column":3}},"11":{"start":{"line":23,"column":3},"end":{"line":23,"column":27}},"12":{"start":{"line":27,"column":1},"end":{"line":34,"column":3}},"13":{"start":{"line":28,"column":2},"end":{"line":30,"column":3}},"14":{"start":{"line":29,"column":3},"end":{"line":29,"column":28}},"15":{"start":{"line":31,"column":2},"end":{"line":33,"column":3}},"16":{"start":{"line":32,"column":3},"end":{"line":32,"column":27}},"17":{"start":{"line":39,"column":1},"end":{"line":50,"column":2}},"18":{"start":{"line":40,"column":2},"end":{"line":40,"column":23}},"19":{"start":{"line":41,"column":2},"end":{"line":41,"column":24}},"20":{"start":{"line":42,"column":2},"end":{"line":46,"column":3}},"21":{"start":{"line":43,"column":3},"end":{"line":43,"column":20}},"22":{"start":{"line":44,"column":3},"end":{"line":44,"column":33}},"23":{"start":{"line":45,"column":3},"end":{"line":45,"column":40}},"24":{"start":{"line":47,"column":2},"end":{"line":49,"column":3}},"25":{"start":{"line":48,"column":3},"end":{"line":48,"column":31}},"26":{"start":{"line":55,"column":1},"end":{"line":66,"column":2}},"27":{"start":{"line":56,"column":2},"end":{"line":56,"column":23}},"28":{"start":{"line":57,"column":2},"end":{"line":57,"column":24}},"29":{"start":{"line":58,"column":2},"end":{"line":62,"column":3}},"30":{"start":{"line":59,"column":3},"end":{"line":59,"column":20}},"31":{"start":{"line":60,"column":3},"end":{"line":60,"column":28}},"32":{"start":{"line":61,"column":3},"end":{"line":61,"column":40}},"33":{"start":{"line":63,"column":2},"end":{"line":65,"column":3}},"34":{"start":{"line":64,"column":3},"end":{"line":64,"column":29}}},"branchMap":{"1":{"line":42,"type":"binary-expr","locations":[{"start":{"line":42,"column":8},"end":{"line":42,"column":28}},{"start":{"line":42,"column":32},"end":{"line":42,"column":65}}]},"2":{"line":47,"type":"if","locations":[{"start":{"line":47,"column":2},"end":{"line":47,"column":2}},{"start":{"line":47,"column":2},"end":{"line":47,"column":2}}]},"3":{"line":58,"type":"binary-expr","locations":[{"start":{"line":58,"column":8},"end":{"line":58,"column":28}},{"start":{"line":58,"column":32},"end":{"line":58,"column":65}}]},"4":{"line":63,"type":"if","locations":[{"start":{"line":63,"column":2},"end":{"line":63,"column":2}},{"start":{"line":63,"column":2},"end":{"line":63,"column":2}}]}}},"www/js/StorageManager.js":{"path":"www/js/StorageManager.js","s":{"1":1,"2":117,"3":117,"4":0,"5":0,"6":0,"7":0,"8":0,"9":0,"10":117,"11":117,"12":18,"13":18,"14":18,"15":117,"16":0,"17":0,"18":0,"19":117,"20":12,"21":12,"22":12,"23":12,"24":12,"25":5,"26":5,"27":5,"28":7,"29":7,"30":1,"31":1,"32":11,"33":6,"34":6,"35":11,"36":11,"37":11,"38":11,"39":117,"40":5,"41":5,"42":5,"43":5,"44":5,"45":117,"46":30,"47":30,"48":15,"49":15,"50":15,"51":15,"52":15,"53":117,"54":30,"55":30,"56":30,"57":15,"58":15,"59":15,"60":15,"61":15,"62":117,"63":30,"64":30,"65":30,"66":15,"67":15,"68":15,"69":15,"70":15,"71":1,"72":93,"73":93,"74":93,"75":93,"76":68,"77":15,"78":53,"79":15,"80":93,"81":0,"82":117,"83":1,"84":1,"85":1,"86":1,"87":117,"88":0,"89":0,"90":0,"91":0,"92":117,"93":117,"94":3,"95":3,"96":31,"97":31,"98":117,"99":31,"100":31,"101":11,"102":11,"103":1,"104":10,"105":1,"106":31,"107":3,"108":117,"109":117,"110":3,"111":3,"112":3,"113":0,"114":0},"b":{"1":[0,0],"2":[0,0],"3":[0,0],"4":[18,0],"5":[0,0],"6":[12,12],"7":[5,7],"8":[5,0],"9":[0,7],"10":[1,6],"11":[6,5],"12":[6,0],"13":[11,0],"14":[5,0],"15":[15,15],"16":[15,0],"17":[15,15],"18":[15,0],"19":[15,15],"20":[15,0],"21":[93,0],"22":[93,0],"23":[68,25],"24":[15,53],"25":[15,38],"26":[0,117],"27":[117,0],"28":[11,20],"29":[1,10],"30":[1,9],"31":[3,28],"32":[3,0],"33":[3,1]},"f":{"1":117,"2":0,"3":0,"4":0,"5":18,"6":0,"7":12,"8":5,"9":30,"10":30,"11":30,"12":93,"13":1,"14":0,"15":0,"16":3,"17":31,"18":31,"19":117,"20":3,"21":3},"fnMap":{"1":{"name":"(anonymous_1)","line":6,"loc":{"start":{"line":6,"column":21},"end":{"line":6,"column":74}}},"2":{"name":"(anonymous_2)","line":12,"loc":{"start":{"line":12,"column":45},"end":{"line":12,"column":59}}},"3":{"name":"(anonymous_3)","line":16,"loc":{"start":{"line":16,"column":4},"end":{"line":16,"column":25}}},"4":{"name":"(anonymous_4)","line":20,"loc":{"start":{"line":20,"column":4},"end":{"line":20,"column":25}}},"5":{"name":"(anonymous_5)","line":30,"loc":{"start":{"line":30,"column":21},"end":{"line":30,"column":75}}},"6":{"name":"(anonymous_6)","line":38,"loc":{"start":{"line":38,"column":19},"end":{"line":38,"column":55}}},"7":{"name":"(anonymous_7)","line":46,"loc":{"start":{"line":46,"column":22},"end":{"line":46,"column":76}}},"8":{"name":"(anonymous_8)","line":92,"loc":{"start":{"line":92,"column":18},"end":{"line":92,"column":63}}},"9":{"name":"(anonymous_9)","line":102,"loc":{"start":{"line":102,"column":17},"end":{"line":102,"column":59}}},"10":{"name":"(anonymous_10)","line":117,"loc":{"start":{"line":117,"column":20},"end":{"line":117,"column":71}}},"11":{"name":"(anonymous_11)","line":132,"loc":{"start":{"line":132,"column":20},"end":{"line":132,"column":63}}},"12":{"name":"saveData","line":148,"loc":{"start":{"line":148,"column":1},"end":{"line":148,"column":48}}},"13":{"name":"(anonymous_13)","line":169,"loc":{"start":{"line":169,"column":30},"end":{"line":169,"column":41}}},"14":{"name":"(anonymous_14)","line":180,"loc":{"start":{"line":180,"column":34},"end":{"line":180,"column":49}}},"15":{"name":"(anonymous_15)","line":186,"loc":{"start":{"line":186,"column":5},"end":{"line":186,"column":16}}},"16":{"name":"(anonymous_16)","line":196,"loc":{"start":{"line":196,"column":25},"end":{"line":196,"column":36}}},"17":{"name":"(anonymous_17)","line":207,"loc":{"start":{"line":207,"column":22},"end":{"line":207,"column":44}}},"18":{"name":"(anonymous_18)","line":208,"loc":{"start":{"line":208,"column":28},"end":{"line":208,"column":47}}},"19":{"name":"(anonymous_19)","line":223,"loc":{"start":{"line":223,"column":20},"end":{"line":223,"column":31}}},"20":{"name":"(anonymous_20)","line":224,"loc":{"start":{"line":224,"column":37},"end":{"line":224,"column":56}}},"21":{"name":"(anonymous_21)","line":226,"loc":{"start":{"line":226,"column":42},"end":{"line":226,"column":53}}}},"statementMap":{"1":{"start":{"line":6,"column":0},"end":{"line":238,"column":2}},"2":{"start":{"line":8,"column":1},"end":{"line":8,"column":17}},"3":{"start":{"line":12,"column":1},"end":{"line":24,"column":4}},"4":{"start":{"line":13,"column":2},"end":{"line":15,"column":3}},"5":{"start":{"line":14,"column":3},"end":{"line":14,"column":68}},"6":{"start":{"line":17,"column":2},"end":{"line":19,"column":3}},"7":{"start":{"line":18,"column":3},"end":{"line":18,"column":58}},"8":{"start":{"line":21,"column":2},"end":{"line":23,"column":3}},"9":{"start":{"line":22,"column":3},"end":{"line":22,"column":57}},"10":{"start":{"line":27,"column":1},"end":{"line":27,"column":37}},"11":{"start":{"line":30,"column":1},"end":{"line":36,"column":3}},"12":{"start":{"line":32,"column":2},"end":{"line":34,"column":3}},"13":{"start":{"line":33,"column":3},"end":{"line":33,"column":39}},"14":{"start":{"line":35,"column":2},"end":{"line":35,"column":20}},"15":{"start":{"line":38,"column":1},"end":{"line":43,"column":3}},"16":{"start":{"line":39,"column":2},"end":{"line":41,"column":3}},"17":{"start":{"line":40,"column":3},"end":{"line":40,"column":38}},"18":{"start":{"line":42,"column":2},"end":{"line":42,"column":20}},"19":{"start":{"line":46,"column":1},"end":{"line":89,"column":3}},"20":{"start":{"line":52,"column":2},"end":{"line":52,"column":57}},"21":{"start":{"line":53,"column":2},"end":{"line":53,"column":45}},"22":{"start":{"line":55,"column":2},"end":{"line":55,"column":48}},"23":{"start":{"line":56,"column":2},"end":{"line":56,"column":72}},"24":{"start":{"line":58,"column":2},"end":{"line":73,"column":3}},"25":{"start":{"line":60,"column":3},"end":{"line":60,"column":47}},"26":{"start":{"line":61,"column":3},"end":{"line":63,"column":4}},"27":{"start":{"line":62,"column":4},"end":{"line":62,"column":41}},"28":{"start":{"line":64,"column":9},"end":{"line":73,"column":3}},"29":{"start":{"line":70,"column":9},"end":{"line":73,"column":3}},"30":{"start":{"line":71,"column":3},"end":{"line":71,"column":46}},"31":{"start":{"line":72,"column":3},"end":{"line":72,"column":10}},"32":{"start":{"line":76,"column":2},"end":{"line":80,"column":3}},"33":{"start":{"line":77,"column":3},"end":{"line":79,"column":4}},"34":{"start":{"line":78,"column":4},"end":{"line":78,"column":34}},"35":{"start":{"line":82,"column":2},"end":{"line":82,"column":74}},"36":{"start":{"line":84,"column":2},"end":{"line":86,"column":3}},"37":{"start":{"line":85,"column":3},"end":{"line":85,"column":46}},"38":{"start":{"line":88,"column":2},"end":{"line":88,"column":53}},"39":{"start":{"line":92,"column":1},"end":{"line":99,"column":3}},"40":{"start":{"line":93,"column":2},"end":{"line":93,"column":47}},"41":{"start":{"line":94,"column":2},"end":{"line":94,"column":29}},"42":{"start":{"line":95,"column":2},"end":{"line":97,"column":3}},"43":{"start":{"line":96,"column":3},"end":{"line":96,"column":46}},"44":{"start":{"line":98,"column":2},"end":{"line":98,"column":20}},"45":{"start":{"line":102,"column":1},"end":{"line":114,"column":3}},"46":{"start":{"line":103,"column":2},"end":{"line":103,"column":43}},"47":{"start":{"line":105,"column":2},"end":{"line":113,"column":3}},"48":{"start":{"line":106,"column":3},"end":{"line":106,"column":74}},"49":{"start":{"line":108,"column":3},"end":{"line":108,"column":18}},"50":{"start":{"line":109,"column":3},"end":{"line":111,"column":4}},"51":{"start":{"line":110,"column":4},"end":{"line":110,"column":43}},"52":{"start":{"line":112,"column":3},"end":{"line":112,"column":21}},"53":{"start":{"line":117,"column":1},"end":{"line":129,"column":3}},"54":{"start":{"line":118,"column":2},"end":{"line":118,"column":43}},"55":{"start":{"line":119,"column":2},"end":{"line":119,"column":46}},"56":{"start":{"line":120,"column":2},"end":{"line":128,"column":3}},"57":{"start":{"line":121,"column":3},"end":{"line":121,"column":70}},"58":{"start":{"line":123,"column":3},"end":{"line":123,"column":24}},"59":{"start":{"line":124,"column":3},"end":{"line":126,"column":4}},"60":{"start":{"line":125,"column":4},"end":{"line":125,"column":55}},"61":{"start":{"line":127,"column":3},"end":{"line":127,"column":21}},"62":{"start":{"line":132,"column":1},"end":{"line":144,"column":3}},"63":{"start":{"line":133,"column":2},"end":{"line":133,"column":43}},"64":{"start":{"line":134,"column":2},"end":{"line":134,"column":46}},"65":{"start":{"line":135,"column":2},"end":{"line":143,"column":3}},"66":{"start":{"line":136,"column":3},"end":{"line":136,"column":70}},"67":{"start":{"line":138,"column":3},"end":{"line":138,"column":25}},"68":{"start":{"line":139,"column":3},"end":{"line":141,"column":4}},"69":{"start":{"line":140,"column":4},"end":{"line":140,"column":47}},"70":{"start":{"line":142,"column":3},"end":{"line":142,"column":21}},"71":{"start":{"line":148,"column":1},"end":{"line":165,"column":2}},"72":{"start":{"line":149,"column":2},"end":{"line":164,"column":3}},"73":{"start":{"line":150,"column":3},"end":{"line":152,"column":4}},"74":{"start":{"line":151,"column":4},"end":{"line":151,"column":34}},"75":{"start":{"line":153,"column":3},"end":{"line":159,"column":4}},"76":{"start":{"line":154,"column":4},"end":{"line":158,"column":5}},"77":{"start":{"line":155,"column":5},"end":{"line":155,"column":38}},"78":{"start":{"line":156,"column":11},"end":{"line":158,"column":5}},"79":{"start":{"line":157,"column":5},"end":{"line":157,"column":37}},"80":{"start":{"line":160,"column":3},"end":{"line":160,"column":15}},"81":{"start":{"line":163,"column":3},"end":{"line":163,"column":16}},"82":{"start":{"line":169,"column":1},"end":{"line":174,"column":4}},"83":{"start":{"line":170,"column":2},"end":{"line":170,"column":70}},"84":{"start":{"line":171,"column":2},"end":{"line":171,"column":40}},"85":{"start":{"line":172,"column":2},"end":{"line":172,"column":37}},"86":{"start":{"line":173,"column":2},"end":{"line":173,"column":28}},"87":{"start":{"line":179,"column":1},"end":{"line":189,"column":2}},"88":{"start":{"line":180,"column":2},"end":{"line":188,"column":5}},"89":{"start":{"line":183,"column":3},"end":{"line":185,"column":4}},"90":{"start":{"line":184,"column":4},"end":{"line":184,"column":29}},"91":{"start":{"line":187,"column":3},"end":{"line":187,"column":45}},"92":{"start":{"line":193,"column":1},"end":{"line":236,"column":2}},"93":{"start":{"line":196,"column":2},"end":{"line":202,"column":4}},"94":{"start":{"line":197,"column":3},"end":{"line":197,"column":38}},"95":{"start":{"line":198,"column":3},"end":{"line":201,"column":4}},"96":{"start":{"line":199,"column":4},"end":{"line":199,"column":41}},"97":{"start":{"line":200,"column":4},"end":{"line":200,"column":35}},"98":{"start":{"line":207,"column":2},"end":{"line":221,"column":4}},"99":{"start":{"line":208,"column":3},"end":{"line":220,"column":6}},"100":{"start":{"line":209,"column":4},"end":{"line":216,"column":5}},"101":{"start":{"line":210,"column":5},"end":{"line":210,"column":35}},"102":{"start":{"line":211,"column":5},"end":{"line":215,"column":6}},"103":{"start":{"line":212,"column":6},"end":{"line":212,"column":39}},"104":{"start":{"line":213,"column":12},"end":{"line":215,"column":6}},"105":{"start":{"line":214,"column":6},"end":{"line":214,"column":38}},"106":{"start":{"line":217,"column":4},"end":{"line":219,"column":5}},"107":{"start":{"line":218,"column":5},"end":{"line":218,"column":38}},"108":{"start":{"line":223,"column":2},"end":{"line":233,"column":5}},"109":{"start":{"line":224,"column":3},"end":{"line":232,"column":6}},"110":{"start":{"line":225,"column":4},"end":{"line":231,"column":5}},"111":{"start":{"line":226,"column":5},"end":{"line":228,"column":8}},"112":{"start":{"line":227,"column":6},"end":{"line":227,"column":57}},"113":{"start":{"line":230,"column":5},"end":{"line":230,"column":24}},"114":{"start":{"line":235,"column":2},"end":{"line":235,"column":35}}},"branchMap":{"1":{"line":13,"type":"if","locations":[{"start":{"line":13,"column":2},"end":{"line":13,"column":2}},{"start":{"line":13,"column":2},"end":{"line":13,"column":2}}]},"2":{"line":17,"type":"if","locations":[{"start":{"line":17,"column":2},"end":{"line":17,"column":2}},{"start":{"line":17,"column":2},"end":{"line":17,"column":2}}]},"3":{"line":21,"type":"if","locations":[{"start":{"line":21,"column":2},"end":{"line":21,"column":2}},{"start":{"line":21,"column":2},"end":{"line":21,"column":2}}]},"4":{"line":32,"type":"if","locations":[{"start":{"line":32,"column":2},"end":{"line":32,"column":2}},{"start":{"line":32,"column":2},"end":{"line":32,"column":2}}]},"5":{"line":39,"type":"if","locations":[{"start":{"line":39,"column":2},"end":{"line":39,"column":2}},{"start":{"line":39,"column":2},"end":{"line":39,"column":2}}]},"6":{"line":56,"type":"binary-expr","locations":[{"start":{"line":56,"column":46},"end":{"line":56,"column":65}},{"start":{"line":56,"column":69},"end":{"line":56,"column":70}}]},"7":{"line":58,"type":"if","locations":[{"start":{"line":58,"column":2},"end":{"line":58,"column":2}},{"start":{"line":58,"column":2},"end":{"line":58,"column":2}}]},"8":{"line":61,"type":"if","locations":[{"start":{"line":61,"column":3},"end":{"line":61,"column":3}},{"start":{"line":61,"column":3},"end":{"line":61,"column":3}}]},"9":{"line":64,"type":"if","locations":[{"start":{"line":64,"column":9},"end":{"line":64,"column":9}},{"start":{"line":64,"column":9},"end":{"line":64,"column":9}}]},"10":{"line":70,"type":"if","locations":[{"start":{"line":70,"column":9},"end":{"line":70,"column":9}},{"start":{"line":70,"column":9},"end":{"line":70,"column":9}}]},"11":{"line":76,"type":"if","locations":[{"start":{"line":76,"column":2},"end":{"line":76,"column":2}},{"start":{"line":76,"column":2},"end":{"line":76,"column":2}}]},"12":{"line":77,"type":"if","locations":[{"start":{"line":77,"column":3},"end":{"line":77,"column":3}},{"start":{"line":77,"column":3},"end":{"line":77,"column":3}}]},"13":{"line":84,"type":"if","locations":[{"start":{"line":84,"column":2},"end":{"line":84,"column":2}},{"start":{"line":84,"column":2},"end":{"line":84,"column":2}}]},"14":{"line":95,"type":"if","locations":[{"start":{"line":95,"column":2},"end":{"line":95,"column":2}},{"start":{"line":95,"column":2},"end":{"line":95,"column":2}}]},"15":{"line":105,"type":"if","locations":[{"start":{"line":105,"column":2},"end":{"line":105,"column":2}},{"start":{"line":105,"column":2},"end":{"line":105,"column":2}}]},"16":{"line":109,"type":"if","locations":[{"start":{"line":109,"column":3},"end":{"line":109,"column":3}},{"start":{"line":109,"column":3},"end":{"line":109,"column":3}}]},"17":{"line":120,"type":"if","locations":[{"start":{"line":120,"column":2},"end":{"line":120,"column":2}},{"start":{"line":120,"column":2},"end":{"line":120,"column":2}}]},"18":{"line":124,"type":"if","locations":[{"start":{"line":124,"column":3},"end":{"line":124,"column":3}},{"start":{"line":124,"column":3},"end":{"line":124,"column":3}}]},"19":{"line":135,"type":"if","locations":[{"start":{"line":135,"column":2},"end":{"line":135,"column":2}},{"start":{"line":135,"column":2},"end":{"line":135,"column":2}}]},"20":{"line":139,"type":"if","locations":[{"start":{"line":139,"column":3},"end":{"line":139,"column":3}},{"start":{"line":139,"column":3},"end":{"line":139,"column":3}}]},"21":{"line":149,"type":"if","locations":[{"start":{"line":149,"column":2},"end":{"line":149,"column":2}},{"start":{"line":149,"column":2},"end":{"line":149,"column":2}}]},"22":{"line":150,"type":"if","locations":[{"start":{"line":150,"column":3},"end":{"line":150,"column":3}},{"start":{"line":150,"column":3},"end":{"line":150,"column":3}}]},"23":{"line":153,"type":"if","locations":[{"start":{"line":153,"column":3},"end":{"line":153,"column":3}},{"start":{"line":153,"column":3},"end":{"line":153,"column":3}}]},"24":{"line":154,"type":"if","locations":[{"start":{"line":154,"column":4},"end":{"line":154,"column":4}},{"start":{"line":154,"column":4},"end":{"line":154,"column":4}}]},"25":{"line":156,"type":"if","locations":[{"start":{"line":156,"column":11},"end":{"line":156,"column":11}},{"start":{"line":156,"column":11},"end":{"line":156,"column":11}}]},"26":{"line":179,"type":"if","locations":[{"start":{"line":179,"column":1},"end":{"line":179,"column":1}},{"start":{"line":179,"column":1},"end":{"line":179,"column":1}}]},"27":{"line":193,"type":"if","locations":[{"start":{"line":193,"column":1},"end":{"line":193,"column":1}},{"start":{"line":193,"column":1},"end":{"line":193,"column":1}}]},"28":{"line":209,"type":"if","locations":[{"start":{"line":209,"column":4},"end":{"line":209,"column":4}},{"start":{"line":209,"column":4},"end":{"line":209,"column":4}}]},"29":{"line":211,"type":"if","locations":[{"start":{"line":211,"column":5},"end":{"line":211,"column":5}},{"start":{"line":211,"column":5},"end":{"line":211,"column":5}}]},"30":{"line":213,"type":"if","locations":[{"start":{"line":213,"column":12},"end":{"line":213,"column":12}},{"start":{"line":213,"column":12},"end":{"line":213,"column":12}}]},"31":{"line":217,"type":"if","locations":[{"start":{"line":217,"column":4},"end":{"line":217,"column":4}},{"start":{"line":217,"column":4},"end":{"line":217,"column":4}}]},"32":{"line":225,"type":"if","locations":[{"start":{"line":225,"column":4},"end":{"line":225,"column":4}},{"start":{"line":225,"column":4},"end":{"line":225,"column":4}}]},"33":{"line":225,"type":"binary-expr","locations":[{"start":{"line":225,"column":7},"end":{"line":225,"column":19}},{"start":{"line":225,"column":23},"end":{"line":225,"column":46}}]}}},"www/js/TestingCode.js":{"path":"www/js/TestingCode.js","s":{"1":1,"2":0,"3":0,"4":0,"5":0,"6":0,"7":0,"8":0,"9":0,"10":0,"11":0,"12":0,"13":0,"14":0,"15":0,"16":0,"17":1,"18":0,"19":1,"20":0,"21":1,"22":0,"23":0,"24":0,"25":0,"26":0,"27":0,"28":0,"29":0,"30":0,"31":0,"32":1,"33":1,"34":1,"35":1,"36":0,"37":0,"38":0,"39":0},"b":{"1":[0,0],"2":[0,0],"3":[0,0]},"f":{"1":0,"2":0,"3":0,"4":0,"5":0,"6":1,"7":0},"fnMap":{"1":{"name":"setTempData","line":4,"loc":{"start":{"line":4,"column":0},"end":{"line":4,"column":23}}},"2":{"name":"setEndDate","line":28,"loc":{"start":{"line":28,"column":0},"end":{"line":28,"column":34}}},"3":{"name":"setTimeTravel","line":34,"loc":{"start":{"line":34,"column":0},"end":{"line":34,"column":29}}},"4":{"name":"timeTravel","line":40,"loc":{"start":{"line":40,"column":0},"end":{"line":40,"column":34}}},"5":{"name":"(anonymous_5)","line":46,"loc":{"start":{"line":46,"column":8},"end":{"line":46,"column":19}}},"6":{"name":"setUpFutureDate","line":67,"loc":{"start":{"line":67,"column":0},"end":{"line":67,"column":27}}},"7":{"name":"(anonymous_7)","line":73,"loc":{"start":{"line":73,"column":25},"end":{"line":73,"column":36}}}},"statementMap":{"1":{"start":{"line":4,"column":0},"end":{"line":24,"column":1}},"2":{"start":{"line":5,"column":1},"end":{"line":5,"column":23}},"3":{"start":{"line":6,"column":1},"end":{"line":6,"column":56}},"4":{"start":{"line":7,"column":1},"end":{"line":7,"column":58}},"5":{"start":{"line":9,"column":1},"end":{"line":9,"column":23}},"6":{"start":{"line":10,"column":1},"end":{"line":10,"column":70}},"7":{"start":{"line":11,"column":1},"end":{"line":11,"column":68}},"8":{"start":{"line":13,"column":1},"end":{"line":13,"column":22}},"9":{"start":{"line":14,"column":1},"end":{"line":14,"column":70}},"10":{"start":{"line":15,"column":1},"end":{"line":15,"column":72}},"11":{"start":{"line":17,"column":1},"end":{"line":17,"column":35}},"12":{"start":{"line":18,"column":1},"end":{"line":18,"column":56}},"13":{"start":{"line":19,"column":1},"end":{"line":19,"column":46}},"14":{"start":{"line":20,"column":1},"end":{"line":20,"column":46}},"15":{"start":{"line":21,"column":1},"end":{"line":21,"column":44}},"16":{"start":{"line":23,"column":1},"end":{"line":23,"column":35}},"17":{"start":{"line":28,"column":0},"end":{"line":30,"column":1}},"18":{"start":{"line":29,"column":1},"end":{"line":29,"column":90}},"19":{"start":{"line":34,"column":0},"end":{"line":36,"column":1}},"20":{"start":{"line":35,"column":1},"end":{"line":35,"column":43}},"21":{"start":{"line":40,"column":0},"end":{"line":64,"column":1}},"22":{"start":{"line":41,"column":1},"end":{"line":41,"column":25}},"23":{"start":{"line":46,"column":1},"end":{"line":63,"column":3}},"24":{"start":{"line":48,"column":2},"end":{"line":52,"column":3}},"25":{"start":{"line":50,"column":3},"end":{"line":50,"column":82}},"26":{"start":{"line":51,"column":3},"end":{"line":51,"column":31}},"27":{"start":{"line":55,"column":2},"end":{"line":55,"column":16}},"28":{"start":{"line":56,"column":2},"end":{"line":58,"column":3}},"29":{"start":{"line":57,"column":3},"end":{"line":57,"column":26}},"30":{"start":{"line":60,"column":2},"end":{"line":60,"column":83}},"31":{"start":{"line":62,"column":2},"end":{"line":62,"column":14}},"32":{"start":{"line":67,"column":0},"end":{"line":80,"column":1}},"33":{"start":{"line":69,"column":1},"end":{"line":69,"column":27}},"34":{"start":{"line":71,"column":1},"end":{"line":71,"column":49}},"35":{"start":{"line":73,"column":1},"end":{"line":79,"column":4}},"36":{"start":{"line":75,"column":2},"end":{"line":75,"column":60}},"37":{"start":{"line":76,"column":2},"end":{"line":76,"column":46}},"38":{"start":{"line":77,"column":2},"end":{"line":77,"column":66}},"39":{"start":{"line":78,"column":2},"end":{"line":78,"column":59}}},"branchMap":{"1":{"line":48,"type":"if","locations":[{"start":{"line":48,"column":2},"end":{"line":48,"column":2}},{"start":{"line":48,"column":2},"end":{"line":48,"column":2}}]},"2":{"line":48,"type":"binary-expr","locations":[{"start":{"line":48,"column":5},"end":{"line":48,"column":27}},{"start":{"line":48,"column":31},"end":{"line":48,"column":57}}]},"3":{"line":75,"type":"cond-expr","locations":[{"start":{"line":75,"column":31},"end":{"line":75,"column":46}},{"start":{"line":75,"column":49},"end":{"line":75,"column":59}}]}}},"www/js/UIController.js":{"path":"www/js/UIController.js","s":{"1":1,"2":21,"3":5,"4":4,"5":3,"6":1,"7":1,"8":21,"9":2,"10":1,"11":1,"12":1,"13":0,"14":0,"15":1,"16":21,"17":1,"18":21,"19":0,"20":0,"21":0,"22":0,"23":0,"24":21,"25":4,"26":3,"27":1,"28":21,"29":4,"30":3,"31":1,"32":21,"33":4,"34":3,"35":1,"36":1,"37":12,"38":1,"39":0,"40":0,"41":0,"42":0,"43":0,"44":0,"45":0,"46":1,"47":2},"b":{"1":[4,1],"2":[3,1],"3":[1,1],"4":[1,0],"5":[1,0],"6":[0,0],"7":[0,0],"8":[3,1],"9":[3,1],"10":[3,1],"11":[12,9,6,3],"12":[0,0],"13":[0,0],"14":[0,0],"15":[2,2]},"f":{"1":21,"2":5,"3":2,"4":1,"5":0,"6":4,"7":4,"8":4,"9":12,"10":0,"11":2},"fnMap":{"1":{"name":"(anonymous_1)","line":5,"loc":{"start":{"line":5,"column":19},"end":{"line":5,"column":73}}},"2":{"name":"(anonymous_2)","line":10,"loc":{"start":{"line":10,"column":36},"end":{"line":10,"column":71}}},"3":{"name":"(anonymous_3)","line":22,"loc":{"start":{"line":22,"column":37},"end":{"line":22,"column":91}}},"4":{"name":"(anonymous_4)","line":43,"loc":{"start":{"line":43,"column":33},"end":{"line":43,"column":78}}},"5":{"name":"(anonymous_5)","line":50,"loc":{"start":{"line":50,"column":34},"end":{"line":50,"column":70}}},"6":{"name":"(anonymous_6)","line":62,"loc":{"start":{"line":62,"column":32},"end":{"line":62,"column":74}}},"7":{"name":"(anonymous_7)","line":77,"loc":{"start":{"line":77,"column":35},"end":{"line":77,"column":86}}},"8":{"name":"(anonymous_8)","line":92,"loc":{"start":{"line":92,"column":35},"end":{"line":92,"column":78}}},"9":{"name":"verifyCategory","line":103,"loc":{"start":{"line":103,"column":1},"end":{"line":103,"column":35}}},"10":{"name":"verifyType","line":107,"loc":{"start":{"line":107,"column":1},"end":{"line":107,"column":38}}},"11":{"name":"isValidNumber","line":119,"loc":{"start":{"line":119,"column":1},"end":{"line":119,"column":29}}}},"statementMap":{"1":{"start":{"line":5,"column":0},"end":{"line":122,"column":2}},"2":{"start":{"line":10,"column":1},"end":{"line":20,"column":4}},"3":{"start":{"line":11,"column":2},"end":{"line":19,"column":3}},"4":{"start":{"line":12,"column":3},"end":{"line":16,"column":4}},"5":{"start":{"line":13,"column":4},"end":{"line":13,"column":65}},"6":{"start":{"line":15,"column":4},"end":{"line":15,"column":52}},"7":{"start":{"line":18,"column":3},"end":{"line":18,"column":65}},"8":{"start":{"line":22,"column":1},"end":{"line":41,"column":4}},"9":{"start":{"line":28,"column":2},"end":{"line":40,"column":3}},"10":{"start":{"line":29,"column":3},"end":{"line":37,"column":4}},"11":{"start":{"line":30,"column":4},"end":{"line":34,"column":5}},"12":{"start":{"line":31,"column":5},"end":{"line":31,"column":79}},"13":{"start":{"line":33,"column":5},"end":{"line":33,"column":57}},"14":{"start":{"line":36,"column":4},"end":{"line":36,"column":59}},"15":{"start":{"line":39,"column":3},"end":{"line":39,"column":71}},"16":{"start":{"line":43,"column":1},"end":{"line":48,"column":4}},"17":{"start":{"line":47,"column":2},"end":{"line":47,"column":63}},"18":{"start":{"line":50,"column":1},"end":{"line":60,"column":4}},"19":{"start":{"line":51,"column":2},"end":{"line":59,"column":3}},"20":{"start":{"line":52,"column":3},"end":{"line":56,"column":4}},"21":{"start":{"line":53,"column":4},"end":{"line":53,"column":57}},"22":{"start":{"line":55,"column":4},"end":{"line":55,"column":59}},"23":{"start":{"line":58,"column":3},"end":{"line":58,"column":59}},"24":{"start":{"line":62,"column":1},"end":{"line":75,"column":4}},"25":{"start":{"line":66,"column":2},"end":{"line":74,"column":3}},"26":{"start":{"line":68,"column":4},"end":{"line":68,"column":61}},"27":{"start":{"line":73,"column":3},"end":{"line":73,"column":59}},"28":{"start":{"line":77,"column":1},"end":{"line":90,"column":4}},"29":{"start":{"line":81,"column":2},"end":{"line":89,"column":3}},"30":{"start":{"line":83,"column":4},"end":{"line":83,"column":73}},"31":{"start":{"line":88,"column":3},"end":{"line":88,"column":59}},"32":{"start":{"line":92,"column":1},"end":{"line":101,"column":4}},"33":{"start":{"line":96,"column":2},"end":{"line":100,"column":3}},"34":{"start":{"line":97,"column":3},"end":{"line":97,"column":64}},"35":{"start":{"line":99,"column":3},"end":{"line":99,"column":59}},"36":{"start":{"line":103,"column":1},"end":{"line":105,"column":2}},"37":{"start":{"line":104,"column":2},"end":{"line":104,"column":103}},"38":{"start":{"line":107,"column":1},"end":{"line":117,"column":2}},"39":{"start":{"line":108,"column":2},"end":{"line":116,"column":3}},"40":{"start":{"line":109,"column":3},"end":{"line":109,"column":40}},"41":{"start":{"line":110,"column":9},"end":{"line":116,"column":3}},"42":{"start":{"line":111,"column":3},"end":{"line":111,"column":39}},"43":{"start":{"line":112,"column":9},"end":{"line":116,"column":3}},"44":{"start":{"line":113,"column":3},"end":{"line":113,"column":39}},"45":{"start":{"line":115,"column":3},"end":{"line":115,"column":16}},"46":{"start":{"line":119,"column":1},"end":{"line":121,"column":2}},"47":{"start":{"line":120,"column":2},"end":{"line":120,"column":51}}},"branchMap":{"1":{"line":11,"type":"if","locations":[{"start":{"line":11,"column":2},"end":{"line":11,"column":2}},{"start":{"line":11,"column":2},"end":{"line":11,"column":2}}]},"2":{"line":12,"type":"if","locations":[{"start":{"line":12,"column":3},"end":{"line":12,"column":3}},{"start":{"line":12,"column":3},"end":{"line":12,"column":3}}]},"3":{"line":28,"type":"if","locations":[{"start":{"line":28,"column":2},"end":{"line":28,"col
[...]
ine":449,"column":2},"end":{"line":449,"column":33}},"238":{"start":{"line":450,"column":2},"end":{"line":450,"column":35}},"239":{"start":{"line":451,"column":2},"end":{"line":451,"column":35}},"240":{"start":{"line":452,"column":2},"end":{"line":452,"column":42}},"241":{"start":{"line":454,"column":2},"end":{"line":474,"column":3}},"242":{"start":{"line":476,"column":2},"end":{"line":478,"column":3}},"243":{"start":{"line":477,"column":3},"end":{"line":477,"column":42}},"244":{"start":{"line":484,"column":1},"end":{"line":502,"column":4}},"245":{"start":{"line":485,"column":2},"end":{"line":485,"column":64}},"246":{"start":{"line":487,"column":2},"end":{"line":487,"column":55}},"247":{"start":{"line":489,"column":2},"end":{"line":491,"column":3}},"248":{"start":{"line":490,"column":3},"end":{"line":490,"column":10}},"249":{"start":{"line":493,"column":2},"end":{"line":493,"column":85}},"250":{"start":{"line":497,"column":2},"end":{"line":497,"column":48}},"251":{"start":{"line":498,"column":2},"end":{"line":498,"column":56}},"252":{"start":{"line":499,"column":2},"end":{"line":501,"column":3}},"253":{"start":{"line":500,"column":3},"end":{"line":500,"column":44}},"254":{"start":{"line":504,"column":1},"end":{"line":516,"column":2}},"255":{"start":{"line":505,"column":2},"end":{"line":505,"column":41}},"256":{"start":{"line":506,"column":2},"end":{"line":506,"column":54}},"257":{"start":{"line":507,"column":2},"end":{"line":509,"column":3}},"258":{"start":{"line":508,"column":3},"end":{"line":508,"column":10}},"259":{"start":{"line":511,"column":2},"end":{"line":511,"column":58}},"260":{"start":{"line":512,"column":2},"end":{"line":512,"column":49}},"261":{"start":{"line":514,"column":2},"end":{"line":514,"column":61}},"262":{"start":{"line":515,"column":2},"end":{"line":515,"column":62}},"263":{"start":{"line":519,"column":1},"end":{"line":521,"column":4}},"264":{"start":{"line":520,"column":2},"end":{"line":520,"column":31}},"265":{"start":{"line":523,"column":1},"end":{"line":527,"column":4}},"266":{"start":{"line":524,"column":2},"end":{"line":526,"column":3}},"267":{"start":{"line":525,"column":3},"end":{"line":525,"column":28}},"268":{"start":{"line":532,"column":1},"end":{"line":548,"column":4}},"269":{"start":{"line":533,"column":2},"end":{"line":533,"column":63}},"270":{"start":{"line":534,"column":2},"end":{"line":534,"column":54}},"271":{"start":{"line":535,"column":2},"end":{"line":537,"column":3}},"272":{"start":{"line":536,"column":3},"end":{"line":536,"column":10}},"273":{"start":{"line":539,"column":2},"end":{"line":539,"column":105}},"274":{"start":{"line":543,"column":2},"end":{"line":543,"column":61}},"275":{"start":{"line":544,"column":2},"end":{"line":544,"column":56}},"276":{"start":{"line":545,"column":2},"end":{"line":547,"column":3}},"277":{"start":{"line":546,"column":3},"end":{"line":546,"column":44}},"278":{"start":{"line":550,"column":1},"end":{"line":567,"column":2}},"279":{"start":{"line":551,"column":2},"end":{"line":551,"column":41}},"280":{"start":{"line":552,"column":2},"end":{"line":552,"column":54}},"281":{"start":{"line":553,"column":2},"end":{"line":553,"column":52}},"282":{"start":{"line":554,"column":2},"end":{"line":554,"column":61}},"283":{"start":{"line":555,"column":2},"end":{"line":555,"column":60}},"284":{"start":{"line":557,"column":2},"end":{"line":559,"column":3}},"285":{"start":{"line":558,"column":3},"end":{"line":558,"column":66}},"286":{"start":{"line":561,"column":2},"end":{"line":561,"column":58}},"287":{"start":{"line":562,"column":2},"end":{"line":562,"column":49}},"288":{"start":{"line":564,"column":2},"end":{"line":564,"column":72}},"289":{"start":{"line":566,"column":2},"end":{"line":566,"column":62}},"290":{"start":{"line":569,"column":1},"end":{"line":573,"column":4}},"291":{"start":{"line":570,"column":2},"end":{"line":572,"column":3}},"292":{"start":{"line":571,"column":3},"end":{"line":571,"column":27}},"293":{"start":{"line":578,"column":1},"end":{"line":594,"column":4}},"294":{"start":{"line":579,"column":2},"end":{"line":579,"column":63}},"295":{"start":{"line":580,"column":2},"end":{"line":580,"column":54}},"296":{"start":{"line":581,"column":2},"end":{"line":583,"column":3}},"297":{"start":{"line":582,"column":3},"end":{"line":582,"column":10}},"298":{"start":{"line":585,"column":2},"end":{"line":585,"column":102}},"299":{"start":{"line":589,"column":2},"end":{"line":589,"column":64}},"300":{"start":{"line":590,"column":2},"end":{"line":590,"column":55}},"301":{"start":{"line":591,"column":2},"end":{"line":593,"column":3}},"302":{"start":{"line":592,"column":3},"end":{"line":592,"column":43}},"303":{"start":{"line":596,"column":1},"end":{"line":612,"column":2}},"304":{"start":{"line":597,"column":2},"end":{"line":597,"column":41}},"305":{"start":{"line":598,"column":2},"end":{"line":598,"column":54}},"306":{"start":{"line":599,"column":2},"end":{"line":599,"column":52}},"307":{"start":{"line":600,"column":2},"end":{"line":600,"column":61}},"308":{"start":{"line":601,"column":2},"end":{"line":601,"column":60}},"309":{"start":{"line":603,"column":2},"end":{"line":606,"column":3}},"310":{"start":{"line":604,"column":3},"end":{"line":604,"column":66}},"311":{"start":{"line":607,"column":2},"end":{"line":607,"column":58}},"312":{"start":{"line":608,"column":2},"end":{"line":608,"column":49}},"313":{"start":{"line":610,"column":2},"end":{"line":610,"column":74}},"314":{"start":{"line":611,"column":2},"end":{"line":611,"column":61}},"315":{"start":{"line":615,"column":1},"end":{"line":619,"column":4}},"316":{"start":{"line":616,"column":2},"end":{"line":618,"column":3}},"317":{"start":{"line":617,"column":3},"end":{"line":617,"column":27}},"318":{"start":{"line":624,"column":1},"end":{"line":640,"column":4}},"319":{"start":{"line":625,"column":2},"end":{"line":638,"column":6}},"320":{"start":{"line":626,"column":3},"end":{"line":626,"column":44}},"321":{"start":{"line":627,"column":12},"end":{"line":627,"column":65}},"322":{"start":{"line":628,"column":12},"end":{"line":628,"column":66}},"323":{"start":{"line":629,"column":12},"end":{"line":629,"column":63}},"324":{"start":{"line":630,"column":3},"end":{"line":632,"column":4}},"325":{"start":{"line":631,"column":4},"end":{"line":631,"column":38}},"326":{"start":{"line":634,"column":3},"end":{"line":634,"column":44}},"327":{"start":{"line":635,"column":12},"end":{"line":635,"column":61}},"328":{"start":{"line":636,"column":12},"end":{"line":636,"column":66}},"329":{"start":{"line":637,"column":12},"end":{"line":637,"column":63}},"330":{"start":{"line":639,"column":2},"end":{"line":639,"column":50}},"331":{"start":{"line":645,"column":1},"end":{"line":645,"column":13}},"332":{"start":{"line":646,"column":1},"end":{"line":663,"column":4}},"333":{"start":{"line":647,"column":2},"end":{"line":647,"column":46}},"334":{"start":{"line":648,"column":2},"end":{"line":648,"column":33}},"335":{"start":{"line":649,"column":2},"end":{"line":649,"column":35}},"336":{"start":{"line":650,"column":2},"end":{"line":650,"column":48}},"337":{"start":{"line":652,"column":2},"end":{"line":652,"column":31}},"338":{"start":{"line":655,"column":2},"end":{"line":655,"column":34}},"339":{"start":{"line":656,"column":2},"end":{"line":660,"column":3}},"340":{"start":{"line":657,"column":3},"end":{"line":657,"column":38}},"341":{"start":{"line":659,"column":3},"end":{"line":659,"column":40}},"342":{"start":{"line":662,"column":2},"end":{"line":662,"column":49}},"343":{"start":{"line":666,"column":1},"end":{"line":669,"column":4}},"344":{"start":{"line":667,"column":2},"end":{"line":667,"column":54}},"345":{"start":{"line":668,"column":2},"end":{"line":668,"column":39}},"346":{"start":{"line":675,"column":1},"end":{"line":682,"column":4}},"347":{"start":{"line":676,"column":2},"end":{"line":676,"column":38}},"348":{"start":{"line":677,"column":2},"end":{"line":681,"column":6}},"349":{"start":{"line":684,"column":1},"end":{"line":691,"column":4}},"350":{"start":{"line":685,"column":2},"end":{"line":685,"column":38}},"351":{"start":{"line":686,"column":2},"end":{"line":690,"column":6}},"352":{"start":{"line":693,"column":1},"end":{"line":700,"column":4}},"353":{"start":{"line":694,"column":2},"end":{"line":694,"column":40}},"354":{"start":{"line":695,"column":2},"end":{"line":699,"column":6}},"355":{"start":{"line":702,"column":1},"end":{"line":708,"column":4}},"356":{"start":{"line":703,"column":2},"end":{"line":707,"column":6}},"357":{"start":{"line":710,"column":1},"end":{"line":716,"column":4}},"358":{"start":{"line":711,"column":2},"end":{"line":715,"column":6}},"359":{"start":{"line":718,"column":1},"end":{"line":728,"column":4}},"360":{"start":{"line":719,"column":2},"end":{"line":727,"column":6}},"361":{"start":{"line":720,"column":3},"end":{"line":720,"column":50}},"362":{"start":{"line":721,"column":3},"end":{"line":724,"column":4}},"363":{"start":{"line":722,"column":4},"end":{"line":722,"column":39}},"364":{"start":{"line":723,"column":4},"end":{"line":723,"column":23}},"365":{"start":{"line":726,"column":3},"end":{"line":726,"column":38}},"366":{"start":{"line":748,"column":1},"end":{"line":756,"column":4}},"367":{"start":{"line":749,"column":2},"end":{"line":749,"column":62}},"368":{"start":{"line":751,"column":2},"end":{"line":755,"column":6}},"369":{"start":{"line":758,"column":1},"end":{"line":766,"column":4}},"370":{"start":{"line":759,"column":2},"end":{"line":759,"column":51}},"371":{"start":{"line":761,"column":2},"end":{"line":765,"column":6}},"372":{"start":{"line":770,"column":1},"end":{"line":773,"column":4}},"373":{"start":{"line":771,"column":2},"end":{"line":771,"column":17}},"374":{"start":{"line":772,"column":2},"end":{"line":772,"column":83}},"375":{"start":{"line":778,"column":4},"end":{"line":781,"column":7}},"376":{"start":{"line":779,"column":2},"end":{"line":779,"column":22}},"377":{"start":{"line":780,"column":2},"end":{"line":780,"column":24}},"378":{"start":{"line":783,"column":1},"end":{"line":786,"column":7}},"379":{"start":{"line":784,"column":2},"end":{"line":784,"column":22}},"380":{"start":{"line":785,"column":2},"end":{"line":785,"column":24}},"381":{"start":{"line":788,"column":1},"end":{"line":791,"column":7}},"382":{"start":{"line":789,"column":2},"end":{"line":789,"column":22}},"383":{"start":{"line":790,"column":2},"end":{"line":790,"column":24}},"384":{"start":{"line":796,"column":1},"end":{"line":804,"column":2}},"385":{"start":{"line":797,"column":3},"end":{"line":801,"column":4}},"386":{"start":{"line":798,"column":5},"end":{"line":800,"column":21}},"387":{"start":{"line":802,"column":3},"end":{"line":803,"column":37}}},"branchMap":{"1":{"line":12,"type":"binary-expr","locations":[{"start":{"line":12,"column":21},"end":{"line":12,"column":37}},{"start":{"line":12,"column":41},"end":{"line":12,"column":43}}]},"2":{"line":17,"type":"binary-expr","locations":[{"start":{"line":17,"column":20},"end":{"line":17,"column":36}},{"start":{"line":17,"column":40},"end":{"line":17,"column":42}}]},"3":{"line":27,"type":"if","locations":[{"start":{"line":27,"column":2},"end":{"line":27,"column":2}},{"start":{"line":27,"column":2},"end":{"line":27,"column":2}}]},"4":{"line":31,"type":"if","locations":[{"start":{"line":31,"column":2},"end":{"line":31,"column":2}},{"start":{"line":31,"column":2},"end":{"line":31,"column":2}}]},"5":{"line":69,"type":"if","locations":[{"start":{"line":69,"column":2},"end":{"line":69,"column":2}},{"start":{"line":69,"column":2},"end":{"line":69,"column":2}}]},"6":{"line":69,"type":"binary-expr","locations":[{"start":{"line":69,"column":5},"end":{"line":69,"column":40}},{"start":{"line":69,"column":44},"end":{"line":69,"column":65}}]},"7":{"line":81,"type":"if","locations":[{"start":{"line":81,"column":2},"end":{"line":81,"column":2}},{"start":{"line":81,"column":2},"end":{"line":81,"column":2}}]},"8":{"line":90,"type":"if","locations":[{"start":{"line":90,"column":2},"end":{"line":90,"column":2}},{"start":{"line":90,"column":2},"end":{"line":90,"column":2}}]},"9":{"line":99,"type":"if","locations":[{"start":{"line":99,"column":2},"end":{"line":99,"column":2}},{"start":{"line":99,"column":2},"end":{"line":99,"column":2}}]},"10":{"line":107,"type":"if","locations":[{"start":{"line":107,"column":2},"end":{"line":107,"column":2}},{"start":{"line":107,"column":2},"end":{"line":107,"column":2}}]},"11":{"line":112,"type":"if","locations":[{"start":{"line":112,"column":2},"end":{"line":112,"column":2}},{"start":{"line":112,"column":2},"end":{"line":112,"column":2}}]},"12":{"line":121,"type":"if","locations":[{"start":{"line":121,"column":2},"end":{"line":121,"column":2}},{"start":{"line":121,"column":2},"end":{"line":121,"column":2}}]},"13":{"line":130,"type":"if","locations":[{"start":{"line":130,"column":2},"end":{"line":130,"column":2}},{"start":{"line":130,"column":2},"end":{"line":130,"column":2}}]},"14":{"line":168,"type":"if","locations":[{"start":{"line":168,"column":2},"end":{"line":168,"column":2}},{"start":{"line":168,"column":2},"end":{"line":168,"column":2}}]},"15":{"line":176,"type":"if","locations":[{"start":{"line":176,"column":2},"end":{"line":176,"column":2}},{"start":{"line":176,"column":2},"end":{"line":176,"column":2}}]},"16":{"line":184,"type":"if","locations":[{"start":{"line":184,"column":2},"end":{"line":184,"column":2}},{"start":{"line":184,"column":2},"end":{"line":184,"column":2}}]},"17":{"line":443,"type":"if","locations":[{"start":{"line":443,"column":2},"end":{"line":443,"column":2}},{"start":{"line":443,"column":2},"end":{"line":443,"column":2}}]},"18":{"line":454,"type":"if","locations":[{"start":{"line":454,"column":2},"end":{"line":454,"column":2}},{"start":{"line":454,"column":2},"end":{"line":454,"column":2}}]},"19":{"line":476,"type":"if","locations":[{"start":{"line":476,"column":2},"end":{"line":476,"column":2}},{"start":{"line":476,"column":2},"end":{"line":476,"column":2}}]},"20":{"line":489,"type":"if","locations":[{"start":{"line":489,"column":2},"end":{"line":489,"column":2}},{"start":{"line":489,"column":2},"end":{"line":489,"column":2}}]},"21":{"line":489,"type":"binary-expr","locations":[{"start":{"line":489,"column":5},"end":{"line":489,"column":21}},{"start":{"line":489,"column":25},"end":{"line":489,"column":39}}]},"22":{"line":499,"type":"if","locations":[{"start":{"line":499,"column":2},"end":{"line":499,"column":2}},{"start":{"line":499,"column":2},"end":{"line":499,"column":2}}]},"23":{"line":507,"type":"if","locations":[{"start":{"line":507,"column":2},"end":{"line":507,"column":2}},{"start":{"line":507,"column":2},"end":{"line":507,"column":2}}]},"24":{"line":524,"type":"if","locations":[{"start":{"line":524,"column":2},"end":{"line":524,"column":2}},{"start":{"line":524,"column":2},"end":{"line":524,"column":2}}]},"25":{"line":535,"type":"if","locations":[{"start":{"line":535,"column":2},"end":{"line":535,"column":2}},{"start":{"line":535,"column":2},"end":{"line":535,"column":2}}]},"26":{"line":535,"type":"binary-expr","locations":[{"start":{"line":535,"column":5},"end":{"line":535,"column":21}},{"start":{"line":535,"column":25},"end":{"line":535,"column":39}}]},"27":{"line":545,"type":"if","locations":[{"start":{"line":545,"column":2},"end":{"line":545,"column":2}},{"start":{"line":545,"column":2},"end":{"line":545,"column":2}}]},"28":{"line":557,"type":"if","locations":[{"start":{"line":557,"column":2},"end":{"line":557,"column":2}},{"start":{"line":557,"column":2},"end":{"line":557,"column":2}}]},"29":{"line":570,"type":"if","locations":[{"start":{"line":570,"column":2},"end":{"line":570,"column":2}},{"start":{"line":570,"column":2},"end":{"line":570,"column":2}}]},"30":{"line":581,"type":"if","locations":[{"start":{"line":581,"column":2},"end":{"line":581,"column":2}},{"start":{"line":581,"column":2},"end":{"line":581,"column":2}}]},"31":{"line":581,"type":"binary-expr","locations":[{"start":{"line":581,"column":5},"end":{"line":581,"column":21}},{"start":{"line":581,"column":25},"end":{"line":581,"column":39}}]},"32":{"line":591,"type":"if","locations":[{"start":{"line":591,"column":2},"end":{"line":591,"column":2}},{"start":{"line":591,"column":2},"end":{"line":591,"column":2}}]},"33":{"line":603,"type":"if","locations":[{"start":{"line":603,"column":2},"end":{"line":603,"column":2}},{"start":{"line":603,"column":2},"end":{"line":603,"column":2}}]},"34":{"line":616,"type":"if","locations":[{"start":{"line":616,"column":2},"end":{"line":616,"column":2}},{"start":{"line":616,"column":2},"end":{"line":616,"column":2}}]},"35":{"line":630,"type":"if","locations":[{"start":{"line":630,"column":3},"end":{"line":630,"column":3}},{"start":{"line":630,"column":3},"end":{"line":630,"column":3}}]},"36":{"line":656,"type":"if","locations":[{"start":{"line":656,"column":2},"end":{"line":656,"column":2}},{"start":{"line":656,"column":2},"end":{"line":656,"column":2}}]},"37":{"line":656,"type":"binary-expr","locations":[{"start":{"line":656,"column":5},"end":{"line":656,"column":18}},{"start":{"line":656,"column":22},"end":{"line":656,"column":35}}]},"38":{"line":721,"type":"if","locations":[{"start":{"line":721,"column":3},"end":{"line":721,"column":3}},{"start":{"line":721,"column":3},"end":{"line":721,"column":3}}]}}},"www/js/main.js":{"path":"www/js/main.js","s":{"1":1,"2":1,"3":1,"4":1,"5":0,"6":1,"7":1,"8":0,"9":0,"10":1,"11":1,"12":1,"13":1,"14":1,"15":1,"16":0,"17":1,"18":1,"19":1,"20":1,"21":1,"22":1,"23":1},"b":{"1":[1,0],"2":[0,1],"3":[1,0]},"f":{"1":1,"2":1,"3":1,"4":0},"fnMap":{"1":{"name":"(anonymous_1)","line":5,"loc":{"start":{"line":5,"column":19},"end":{"line":5,"column":30}}},"2":{"name":"(anonymous_2)","line":6,"loc":{"start":{"line":6,"column":38},"end":{"line":6,"column":57}}},"3":{"name":"init","line":20,"loc":{"start":{"line":20,"column":0},"end":{"line":20,"column":16}}},"4":{"name":"(anonymous_4)","line":36,"loc":{"start":{"line":36,"column":70},"end":{"line":36,"column":81}}}},"statementMap":{"1":{"start":{"line":4,"column":0},"end":{"line":18,"column":1}},"2":{"start":{"line":5,"column":1},"end":{"line":13,"column":4}},"3":{"start":{"line":6,"column":2},"end":{"line":12,"column":5}},"4":{"start":{"line":7,"column":3},"end":{"line":9,"column":4}},"5":{"start":{"line":8,"column":4},"end":{"line":8,"column":20}},"6":{"start":{"line":10,"column":3},"end":{"line":10,"column":21}},"7":{"start":{"line":11,"column":3},"end":{"line":11,"column":10}},"8":{"start":{"line":16,"column":1},"end":{"line":16,"column":26}},"9":{"start":{"line":17,"column":1},"end":{"line":17,"column":8}},"10":{"start":{"line":20,"column":0},"end":{"line":55,"column":1}},"11":{"start":{"line":22,"column":1},"end":{"line":22,"column":37}},"12":{"start":{"line":25,"column":1},"end":{"line":25,"column":102}},"13":{"start":{"line":29,"column":1},"end":{"line":29,"column":43}},"14":{"start":{"line":32,"column":1},"end":{"line":32,"column":131}},"15":{"start":{"line":36,"column":1},"end":{"line":41,"column":4}},"16":{"start":{"line":40,"column":2},"end":{"line":40,"column":22}},"17":{"start":{"line":44,"column":1},"end":{"line":44,"column":99}},"18":{"start":{"line":48,"column":1},"end":{"line":54,"column":2}},"19":{"start":{"line":49,"column":2},"end":{"line":49,"column":35}},"20":{"start":{"line":50,"column":2},"end":{"line":50,"column":51}},"21":{"start":{"line":51,"column":2},"end":{"line":51,"column":41}},"22":{"start":{"line":52,"column":2},"end":{"line":52,"column":25}},"23":{"start":{"line":53,"column":2},"end":{"line":53,"column":41}}},"branchMap":{"1":{"line":4,"type":"if","locations":[{"start":{"line":4,"column":0},"end":{"line":4,"column":0}},{"start":{"line":4,"column":0},"end":{"line":4,"column":0}}]},"2":{"line":7,"type":"if","locations":[{"start":{"line":7,"column":3},"end":{"line":7,"column":3}},{"start":{"line":7,"column":3},"end":{"line":7,"column":3}}]},"3":{"line":48,"type":"if","locations":[{"start":{"line":48,"column":1},"end":{"line":48,"column":1}},{"start":{"line":48,"column":1},"end":{"line":48,"column":1}}]}}}}