{"www/js/Calculator.js":{"path":"www/js/Calculator.js","s":{"1":1,"2":15,"3":15,"4":42,"5":42,"6":42,"7":0,"8":42,"9":15,"10":14,"11":14,"12":14,"13":14,"14":14,"15":14,"16":14,"17":1,"18":56,"19":56,"20":56,"21":56,"22":0,"23":56,"24":56,"25":34,"26":56,"27":56,"28":56,"29":56,"30":56,"31":56,"32":28,"33":28,"34":0,"35":28,"36":17,"37":17,"38":17,"39":0,"40":17,"41":17,"42":56,"43":49,"44":49,"45":0,"46":49,"47":50,"48":50,"49":34,"50":16,"51":50,"52":56,"53":56,"54":89,"55":56,"56":56,"57":56,"58":89,"59":89,"60":89,"61":35,"62":35,"63":56,"64":56,"65":54,"66":56,"67":56,"68":1,"69":73,"70":73,"71":88,"72":20,"73":68,"74":73,"75":73,"76":73,"77":73,"78":73,"79":0,"80":0,"81":73,"82":56,"83":17,"84":1,"85":73,"86":73,"87":73,"88":88,"89":88,"90":88,"91":88,"92":88,"93":17,"94":17,"95":71,"96":56},"b":{"1":[0,42],"2":[42,14],"3":[14,0],"4":[14,14],"5":[0,56],"6":[0,28],"7":[0,17],"8":[0,49],"9":[34,16],"10":[35,54],"11":[20,68],"12":[0,73],"13":[56,17],"14":[17,71]},"f":{"1":15,"2":42,"3":14,"4":56,"5":73,"6":73},"fnMap":{"1":{"name":"(anonymous_1)","line":5,"loc":{"start":{"line":5,"column":17},"end":{"line":5,"column":28}}},"2":{"name":"(anonymous_2)","line":11,"loc":{"start":{"line":11,"column":24},"end":{"line":11,"column":39}}},"3":{"name":"(anonymous_3)","line":22,"loc":{"start":{"line":22,"column":32},"end":{"line":22,"column":47}}},"4":{"name":"calculate","line":40,"loc":{"start":{"line":40,"column":1},"end":{"line":40,"column":82}}},"5":{"name":"maxAmountToSpend","line":125,"loc":{"start":{"line":125,"column":2},"end":{"line":125,"column":46}}},"6":{"name":"getLastDayPossible","line":153,"loc":{"start":{"line":153,"column":3},"end":{"line":153,"column":44}}}},"statementMap":{"1":{"start":{"line":5,"column":0},"end":{"line":172,"column":2}},"2":{"start":{"line":7,"column":1},"end":{"line":7,"column":17}},"3":{"start":{"line":11,"column":1},"end":{"line":18,"column":3}},"4":{"start":{"line":12,"column":2},"end":{"line":12,"column":32}},"5":{"start":{"line":13,"column":2},"end":{"line":13,"column":35}},"6":{"start":{"line":14,"column":2},"end":{"line":16,"column":3}},"7":{"start":{"line":15,"column":3},"end":{"line":15,"column":31}},"8":{"start":{"line":17,"column":2},"end":{"line":17,"column":72}},"9":{"start":{"line":22,"column":1},"end":{"line":31,"column":3}},"10":{"start":{"line":23,"column":2},"end":{"line":23,"column":32}},"11":{"start":{"line":24,"column":2},"end":{"line":24,"column":43}},"12":{"start":{"line":25,"column":2},"end":{"line":27,"column":3}},"13":{"start":{"line":26,"column":3},"end":{"line":26,"column":30}},"14":{"start":{"line":28,"column":2},"end":{"line":28,"column":28}},"15":{"start":{"line":29,"column":2},"end":{"line":29,"column":43}},"16":{"start":{"line":30,"column":2},"end":{"line":30,"column":77}},"17":{"start":{"line":40,"column":1},"end":{"line":170,"column":2}},"18":{"start":{"line":46,"column":2},"end":{"line":46,"column":73}},"19":{"start":{"line":47,"column":2},"end":{"line":47,"column":39}},"20":{"start":{"line":48,"column":2},"end":{"line":48,"column":83}},"21":{"start":{"line":49,"column":2},"end":{"line":51,"column":3}},"22":{"start":{"line":50,"column":3},"end":{"line":50,"column":12}},"23":{"start":{"line":54,"column":2},"end":{"line":54,"column":23}},"24":{"start":{"line":55,"column":2},"end":{"line":57,"column":3}},"25":{"start":{"line":56,"column":3},"end":{"line":56,"column":42}},"26":{"start":{"line":58,"column":2},"end":{"line":58,"column":65}},"27":{"start":{"line":61,"column":2},"end":{"line":61,"column":19}},"28":{"start":{"line":62,"column":2},"end":{"line":62,"column":15}},"29":{"start":{"line":63,"column":2},"end":{"line":63,"column":35}},"30":{"start":{"line":64,"column":2},"end":{"line":64,"column":50}},"31":{"start":{"line":65,"column":2},"end":{"line":80,"column":3}},"32":{"start":{"line":66,"column":3},"end":{"line":66,"column":32}},"33":{"start":{"line":67,"column":3},"end":{"line":69,"column":4}},"34":{"start":{"line":68,"column":4},"end":{"line":68,"column":49}},"35":{"start":{"line":70,"column":3},"end":{"line":79,"column":4}},"36":{"start":{"line":71,"column":4},"end":{"line":71,"column":56}},"37":{"start":{"line":72,"column":4},"end":{"line":72,"column":70}},"38":{"start":{"line":73,"column":4},"end":{"line":77,"column":5}},"39":{"start":{"line":74,"column":5},"end":{"line":74,"column":39}},"40":{"start":{"line":76,"column":5},"end":{"line":76,"column":38}},"41":{"start":{"line":78,"column":4},"end":{"line":78,"column":36}},"42":{"start":{"line":81,"column":2},"end":{"line":95,"column":3}},"43":{"start":{"line":82,"column":3},"end":{"line":82,"column":32}},"44":{"start":{"line":83,"column":3},"end":{"line":85,"column":4}},"45":{"start":{"line":84,"column":4},"end":{"line":84,"column":49}},"46":{"start":{"line":86,"column":3},"end":{"line":94,"column":4}},"47":{"start":{"line":87,"column":4},"end":{"line":87,"column":57}},"48":{"start":{"line":88,"column":4},"end":{"line":92,"column":5}},"49":{"start":{"line":89,"column":5},"end":{"line":89,"column":49}},"50":{"start":{"line":91,"column":5},"end":{"line":91,"column":49}},"51":{"start":{"line":93,"column":4},"end":{"line":93,"column":36}},"52":{"start":{"line":97,"column":2},"end":{"line":97,"column":17}},"53":{"start":{"line":98,"column":2},"end":{"line":100,"column":3}},"54":{"start":{"line":99,"column":3},"end":{"line":99,"column":20}},"55":{"start":{"line":101,"column":2},"end":{"line":101,"column":25}},"56":{"start":{"line":104,"column":2},"end":{"line":104,"column":29}},"57":{"start":{"line":105,"column":2},"end":{"line":112,"column":3}},"58":{"start":{"line":106,"column":3},"end":{"line":106,"column":43}},"59":{"start":{"line":107,"column":3},"end":{"line":107,"column":26}},"60":{"start":{"line":108,"column":3},"end":{"line":111,"column":4}},"61":{"start":{"line":109,"column":4},"end":{"line":109,"column":44}},"62":{"start":{"line":110,"column":4},"end":{"line":110,"column":29}},"63":{"start":{"line":115,"column":2},"end":{"line":115,"column":13}},"64":{"start":{"line":116,"column":2},"end":{"line":118,"column":3}},"65":{"start":{"line":117,"column":3},"end":{"line":117,"column":23}},"66":{"start":{"line":119,"column":2},"end":{"line":119,"column":15}},"67":{"start":{"line":121,"column":2},"end":{"line":121,"column":59}},"68":{"start":{"line":125,"column":2},"end":{"line":169,"column":3}},"69":{"start":{"line":127,"column":3},"end":{"line":127,"column":27}},"70":{"start":{"line":128,"column":3},"end":{"line":133,"column":4}},"71":{"start":{"line":129,"column":4},"end":{"line":131,"column":5}},"72":{"start":{"line":130,"column":5},"end":{"line":130,"column":11}},"73":{"start":{"line":132,"column":4},"end":{"line":132,"column":41}},"74":{"start":{"line":138,"column":3},"end":{"line":138,"column":48}},"75":{"start":{"line":139,"column":3},"end":{"line":139,"column":86}},"76":{"start":{"line":140,"column":3},"end":{"line":140,"column":54}},"77":{"start":{"line":141,"column":3},"end":{"line":141,"column":58}},"78":{"start":{"line":142,"column":3},"end":{"line":145,"column":4}},"79":{"start":{"line":143,"column":4},"end":{"line":143,"column":40}},"80":{"start":{"line":144,"column":4},"end":{"line":144,"column":13}},"81":{"start":{"line":146,"column":3},"end":{"line":150,"column":4}},"82":{"start":{"line":147,"column":4},"end":{"line":147,"column":35}},"83":{"start":{"line":149,"column":4},"end":{"line":149,"column":55}},"84":{"start":{"line":153,"column":3},"end":{"line":168,"column":4}},"85":{"start":{"line":154,"column":4},"end":{"line":154,"column":28}},"86":{"start":{"line":155,"column":4},"end":{"line":155,"column":25}},"87":{"start":{"line":156,"column":4},"end":{"line":166,"column":5}},"88":{"start":{"line":157,"column":5},"end":{"line":157,"column":64}},"89":{"start":{"line":158,"column":5},"end":{"line":158,"column":84}},"90":{"start":{"line":159,"column":5},"end":{"line":159,"column":43}},"91":{"start":{"line":160,"column":5},"end":{"line":160,"column":53}},"92":{"start":{"line":161,"column":5},"end":{"line":164,"column":6}},"93":{"start":{"line":162,"column":6},"end":{"line":162,"column":47}},"94":{"start":{"line":163,"column":6},"end":{"line":163,"column":22}},"95":{"start":{"line":165,"column":5},"end":{"line":165,"column":42}},"96":{"start":{"line":167,"column":4},"end":{"line":167,"column":19}}},"branchMap":{"1":{"line":14,"type":"if","locations":[{"start":{"line":14,"column":2},"end":{"line":14,"column":2}},{"start":{"line":14,"column":2},"end":{"line":14,"column":2}}]},"2":{"line":14,"type":"binary-expr","locations":[{"start":{"line":14,"column":5},"end":{"line":14,"column":10}},{"start":{"line":14,"column":14},"end":{"line":14,"column":37}}]},"3":{"line":25,"type":"if","locations":[{"start":{"line":25,"column":2},"end":{"line":25,"column":2}},{"start":{"line":25,"column":2},"end":{"line":25,"column":2}}]},"4":{"line":25,"type":"binary-expr","locations":[{"start":{"line":25,"column":5},"end":{"line":25,"column":11}},{"start":{"line":25,"column":15},"end":{"line":25,"column":37}}]},"5":{"line":49,"type":"if","locations":[{"start":{"line":49,"column":2},"end":{"line":49,"column":2}},{"start":{"line":49,"column":2},"end":{"line":49,"column":2}}]},"6":{"line":67,"type":"if","locations":[{"start":{"line":67,"column":3},"end":{"line":67,"column":3}},{"start":{"line":67,"column":3},"end":{"line":67,"column":3}}]},"7":{"line":73,"type":"if","locations":[{"start":{"line":73,"column":4},"end":{"line":73,"column":4}},{"start":{"line":73,"column":4},"end":{"line":73,"column":4}}]},"8":{"line":83,"type":"if","locations":[{"start":{"line":83,"column":3},"end":{"line":83,"column":3}},{"start":{"line":83,"column":3},"end":{"line":83,"column":3}}]},"9":{"line":88,"type":"if","locations":[{"start":{"line":88,"column":4},"end":{"line":88,"column":4}},{"start":{"line":88,"column":4},"end":{"line":88,"column":4}}]},"10":{"line":108,"type":"if","locations":[{"start":{"line":108,"column":3},"end":{"line":108,"column":3}},{"start":{"line":108,"column":3},"end":{"line":108,"column":3}}]},"11":{"line":129,"type":"if","locations":[{"start":{"line":129,"column":4},"end":{"line":129,"column":4}},{"start":{"line":129,"column":4},"end":{"line":129,"column":4}}]},"12":{"line":142,"type":"if","locations":[{"start":{"line":142,"column":3},"end":{"line":142,"column":3}},{"start":{"line":142,"column":3},"end":{"line":142,"column":3}}]},"13":{"line":146,"type":"if","locations":[{"start":{"line":146,"column":3},"end":{"line":146,"column":3}},{"start":{"line":146,"column":3},"end":{"line":146,"column":3}}]},"14":{"line":161,"type":"if","locations":[{"start":{"line":161,"column":5},"end":{"line":161,"column":5}},{"start":{"line":161,"column":5},"end":{"line":161,"column":5}}]}}},"www/js/DataManager.js":{"path":"www/js/DataManager.js","s":{"1":1,"2":10,"3":10,"4":10,"5":10,"6":10,"7":10,"8":11,"9":1,"10":10,"11":10,"12":10,"13":10,"14":10,"15":10,"16":6,"17":4,"18":4,"19":4,"20":0,"21":4,"22":4,"23":4,"24":4,"25":10,"26":10,"27":10,"28":0,"29":10,"30":11,"31":0,"32":11,"33":10,"34":10,"35":10,"36":17,"37":17,"38":10,"39":10,"40":10,"41":10,"42":10,"43":10,"44":3,"45":1,"46":28,"47":24,"48":24,"49":24,"50":6},"b":{"1":[1,10],"2":[10,0],"3":[10,10],"4":[6,4],"5":[4,2],"6":[4,0],"7":[0,4],"8":[4,0],"9":[0,11],"10":[6,4],"11":[17,16],"12":[24,4],"13":[24,14],"14":[24,18]},"f":{"1":10,"2":11,"3":11,"4":10,"5":10,"6":3,"7":28},"fnMap":{"1":{"name":"(anonymous_1)","line":7,"loc":{"start":{"line":7,"column":18},"end":{"line":7,"column":29}}},"2":{"name":"(anonymous_2)","line":47,"loc":{"start":{"line":47,"column":16},"end":{"line":47,"column":63}}},"3":{"name":"(anonymous_3)","line":84,"loc":{"start":{"line":84,"column":16},"end":{"line":84,"column":35}}},"4":{"name":"(anonymous_4)","line":92,"loc":{"start":{"line":92,"column":25},"end":{"line":92,"column":56}}},"5":{"name":"(anonymous_5)","line":101,"loc":{"start":{"line":101,"column":14},"end":{"line":101,"column":25}}},"6":{"name":"(anonymous_6)","line":110,"loc":{"start":{"line":110,"column":18},"end":{"line":110,"column":29}}},"7":{"name":"notifyListeners","line":116,"loc":{"start":{"line":116,"column":1},"end":{"line":116,"column":39}}}},"statementMap":{"1":{"start":{"line":7,"column":0},"end":{"line":126,"column":2}},"2":{"start":{"line":10,"column":1},"end":{"line":10,"column":35}},"3":{"start":{"line":14,"column":1},"end":{"line":14,"column":23}},"4":{"start":{"line":18,"column":1},"end":{"line":18,"column":18}},"5":{"start":{"line":22,"column":1},"end":{"line":38,"column":3}},"6":{"start":{"line":41,"column":1},"end":{"line":41,"column":20}},"7":{"start":{"line":47,"column":1},"end":{"line":81,"column":3}},"8":{"start":{"line":48,"column":2},"end":{"line":50,"column":3}},"9":{"start":{"line":49,"column":3},"end":{"line":49,"column":16}},"10":{"start":{"line":52,"column":2},"end":{"line":52,"column":95}},"11":{"start":{"line":53,"column":2},"end":{"line":79,"column":3}},"12":{"start":{"line":54,"column":3},"end":{"line":54,"column":31}},"13":{"start":{"line":55,"column":3},"end":{"line":55,"column":47}},"14":{"start":{"line":56,"column":3},"end":{"line":56,"column":38}},"15":{"start":{"line":59,"column":3},"end":{"line":75,"column":4}},"16":{"start":{"line":62,"column":4},"end":{"line":74,"column":5}},"17":{"start":{"line":63,"column":5},"end":{"line":63,"column":52}},"18":{"start":{"line":64,"column":5},"end":{"line":69,"column":6}},"19":{"start":{"line":65,"column":6},"end":{"line":67,"column":7}},"20":{"start":{"line":66,"column":7},"end":{"line":66,"column":58}},"21":{"start":{"line":68,"column":6},"end":{"line":68,"column":32}},"22":{"start":{"line":70,"column":5},"end":{"line":70,"column":68}},"23":{"start":{"line":71,"column":5},"end":{"line":73,"column":6}},"24":{"start":{"line":72,"column":6},"end":{"line":72,"column":40}},"25":{"start":{"line":76,"column":3},"end":{"line":76,"column":29}},"26":{"start":{"line":77,"column":3},"end":{"line":77,"column":17}},"27":{"start":{"line":78,"column":3},"end":{"line":78,"column":15}},"28":{"start":{"line":80,"column":2},"end":{"line":80,"column":15}},"29":{"start":{"line":84,"column":1},"end":{"line":89,"column":3}},"30":{"start":{"line":85,"column":2},"end":{"line":87,"column":3}},"31":{"start":{"line":86,"column":3},"end":{"line":86,"column":15}},"32":{"start":{"line":88,"column":2},"end":{"line":88,"column":34}},"33":{"start":{"line":92,"column":1},"end":{"line":98,"column":3}},"34":{"start":{"line":93,"column":2},"end":{"line":93,"column":77}},"35":{"start":{"line":94,"column":2},"end":{"line":97,"column":3}},"36":{"start":{"line":95,"column":3},"end":{"line":95,"column":61}},"37":{"start":{"line":96,"column":3},"end":{"line":96,"column":43}},"38":{"start":{"line":101,"column":1},"end":{"line":106,"column":3}},"39":{"start":{"line":102,"column":2},"end":{"line":102,"column":49}},"40":{"start":{"line":103,"column":2},"end":{"line":103,"column":65}},"41":{"start":{"line":104,"column":2},"end":{"line":104,"column":19}},"42":{"start":{"line":105,"column":2},"end":{"line":105,"column":36}},"43":{"start":{"line":110,"column":1},"end":{"line":112,"column":3}},"44":{"start":{"line":111,"column":2},"end":{"line":111,"column":27}},"45":{"start":{"line":116,"column":1},"end":{"line":124,"column":2}},"46":{"start":{"line":117,"column":2},"end":{"line":123,"column":3}},"47":{"start":{"line":118,"column":3},"end":{"line":118,"column":21}},"48":{"start":{"line":119,"column":3},"end":{"line":119,"column":44}},"49":{"start":{"line":120,"column":3},"end":{"line":122,"column":4}},"50":{"start":{"line":121,"column":4},"end":{"line":121,"column":39}}},"branchMap":{"1":{"line":48,"type":"if","locations":[{"start":{"line":48,"column":2},"end":{"line":48,"column":2}},{"start":{"line":48,"column":2},"end":{"line":48,"column":2}}]},"2":{"line":53,"type":"if","locations":[{"start":{"line":53,"column":2},"end":{"line":53,"column":2}},{"start":{"line":53,"column":2},"end":{"line":53,"column":2}}]},"3":{"line":53,"type":"binary-expr","locations":[{"start":{"line":53,"column":5},"end":{"line":53,"column":16}},{"start":{"line":53,"column":21},"end":{"line":53,"column":63}}]},"4":{"line":59,"type":"if","locations":[{"start":{"line":59,"column":3},"end":{"line":59,"column":3}},{"start":{"line":59,"column":3},"end":{"line":59,"column":3}}]},"5":{"line":62,"type":"if","locations":[{"start":{"line":62,"column":4},"end":{"line":62,"column":4}},{"start":{"line":62,"column":4},"end":{"line":62,"column":4}}]},"6":{"line":64,"type":"if","locations":[{"start":{"line":64,"column":5},"end":{"line":64,"column":5}},{"start":{"line":64,"column":5},"end":{"line":64,"column":5}}]},"7":{"line":65,"type":"if","locations":[{"start":{"line":65,"column":6},"end":{"line":65,"column":6}},{"start":{"line":65,"column":6},"end":{"line":65,"column":6}}]},"8":{"line":71,"type":"if","locations":[{"start":{"line":71,"column":5},"end":{"line":71,"column":5}},{"start":{"line":71,"column":5},"end":{"line":71,"column":5}}]},"9":{"line":85,"type":"if","locations":[{"start":{"line":85,"column":2},"end":{"line":85,"column":2}},{"start":{"line":85,"column":2},"end":{"line":85,"column":2}}]},"10":{"line":93,"type":"cond-expr","locations":[{"start":{"line":93,"column":51},"end":{"line":93,"column":63}},{"start":{"line":93,"column":66},"end":{"line":93,"column":76}}]},"11":{"line":95,"type":"binary-expr","locations":[{"start":{"line":95,"column":30},"end":{"line":95,"column":54}},{"start":{"line":95,"column":58},"end":{"line":95,"column":60}}]},"12":{"line":117,"type":"if","locations":[{"start":{"line":117,"column":2},"end":{"line":117,"column":2}},{"start":{"line":117,"column":2},"end":{"line":117,"column":2}}]},"13":{"line":118,"type":"binary-expr","locations":[{"start":{"line":118,"column":10},"end":{"line":118,"column":14}},{"start":{"line":118,"column":18},"end":{"line":118,"column":20}}]},"14":{"line":119,"type":"binary-expr","locations":[{"start":{"line":119,"column":21},"end":{"line":119,"column":37}},{"start":{"line":119,"column":41},"end":{"line":119,"column":43}}]}}},"www/js/DateManager.js":{"path":"www/js/DateManager.js","s":{"1":1,"2":117,"3":117,"4":117,"5":117,"6":117,"7":3,"8":3,"9":3,"10":1,"11":2,"12":3,"13":3,"14":1,"15":3,"16":3,"17":1,"18":3,"19":3,"20":3,"21":1,"22":1,"23":1},"b":{"1":[1,2],"2":[1,2]},"f":{"1":117,"2":117,"3":3,"4":3,"5":3,"6":3,"7":1},"fnMap":{"1":{"name":"(anonymous_1)","line":4,"loc":{"start":{"line":4,"column":18},"end":{"line":4,"column":29}}},"2":{"name":"(anonymous_2)","line":11,"loc":{"start":{"line":11,"column":25},"end":{"line":11,"column":44}}},"3":{"name":"(anonymous_3)","line":16,"loc":{"start":{"line":16,"column":14},"end":{"line":16,"column":27}}},"4":{"name":"(anonymous_4)","line":17,"loc":{"start":{"line":17,"column":20},"end":{"line":17,"column":31}}},"5":{"name":"(anonymous_5)","line":18,"loc":{"start":{"line":18,"column":38},"end":{"line":18,"column":57}}},"6":{"name":"checkDate","line":33,"loc":{"start":{"line":33,"column":1},"end":{"line":33,"column":22}}},"7":{"name":"notifyListeners","line":43,"loc":{"start":{"line":43,"column":1},"end":{"line":43,"column":28}}}},"statementMap":{"1":{"start":{"line":4,"column":0},"end":{"line":49,"column":2}},"2":{"start":{"line":7,"column":1},"end":{"line":7,"column":17}},"3":{"start":{"line":9,"column":1},"end":{"line":9,"column":20}},"4":{"start":{"line":11,"column":1},"end":{"line":13,"column":3}},"5":{"start":{"line":12,"column":2},"end":{"line":12,"column":27}},"6":{"start":{"line":16,"column":1},"end":{"line":28,"column":3}},"7":{"start":{"line":17,"column":2},"end":{"line":27,"column":5}},"8":{"start":{"line":18,"column":3},"end":{"line":26,"column":6}},"9":{"start":{"line":19,"column":4},"end":{"line":23,"column":5}},"10":{"start":{"line":20,"column":5},"end":{"line":20,"column":33}},"11":{"start":{"line":22,"column":5},"end":{"line":22,"column":30}},"12":{"start":{"line":24,"column":4},"end":{"line":24,"column":16}},"13":{"start":{"line":25,"column":4},"end":{"line":25,"column":17}},"14":{"start":{"line":33,"column":1},"end":{"line":41,"column":2}},"15":{"start":{"line":34,"column":2},"end":{"line":34,"column":23}},"16":{"start":{"line":35,"column":2},"end":{"line":37,"column":3}},"17":{"start":{"line":36,"column":3},"end":{"line":36,"column":21}},"18":{"start":{"line":38,"column":2},"end":{"line":38,"column":20}},"19":{"start":{"line":39,"column":2},"end":{"line":39,"column":60}},"20":{"start":{"line":40,"column":2},"end":{"line":40,"column":101}},"21":{"start":{"line":43,"column":1},"end":{"line":47,"column":2}},"22":{"start":{"line":44,"column":2},"end":{"line":46,"column":3}},"23":{"start":{"line":45,"column":3},"end":{"line":45,"column":18}}},"branchMap":{"1":{"line":19,"type":"if","locations":[{"start":{"line":19,"column":4},"end":{"line":19,"column":4}},{"start":{"line":19,"column":4},"end":{"line":19,"column":4}}]},"2":{"line":35,"type":"if","locations":[{"start":{"line":35,"column":2},"end":{"line":35,"column":2}},{"start":{"line":35,"column":2},"end":{"line":35,"column":2}}]}}},"www/js/NetworkManager.js":{"path":"www/js/NetworkManager.js","s":{"1":1,"2":3,"3":3,"4":3,"5":3,"6":3,"7":3,"8":3,"9":3,"10":1,"11":0,"12":0,"13":0,"14":1,"15":0,"16":3,"17":3,"18":3,"19":3,"20":3,"21":8,"22":8,"23":2,"24":2,"25":3,"26":2,"27":2,"28":2,"29":3,"30":2,"31":2,"32":2,"33":3,"34":2,"35":2,"36":2,"37":3,"38":2,"39":2,"40":2,"41":3,"42":3,"43":3,"44":3,"45":3,"46":0,"47":0,"48":1,"49":0,"50":0,"51":0,"52":1,"53":0,"54":3,"55":0,"56":0,"57":3,"58":0,"59":0,"60":0,"61":0,"62":0,"63":0,"64":0,"65":0,"66":0,"67":0,"68":0,"69":0,"70":0,"71":3,"72":0,"73":0,"74":0,"75":0,"76":0,"77":0,"78":0,"79":0,"80":0,"81":0,"82":0,"83":0,"84":0,"85":0,"86":0,"87":3,"88":0,"89":0,"90":0,"91":0,"92":0,"93":0,"94":3,"95":0,"96":0,"97":3,"98":3,"99":0,"100":0,"101":0,"102":0,"103":3,"104":2,"105":3,"106":0,"107":3,"108":0,"109":3,"110":0,"111":0,"112":0,"113":3,"114":0,"115":3,"116":0,"117":0,"118":0,"119":0,"120":3,"121":0,"122":3,"123":0,"124":3,"125":0,"126":3,"127":3,"128":1,"129":5,"130":5,"131":5,"132":5,"133":5,"134":0,"135":0,"136":0,"137":0,"138":0,"139":0,"140":1,"141":0,"142":0,"143":0,"144":0,"145":0,"146":0,"147":0,"148":1,"149":0,"150":0,"151":0,"152":0,"153":0,"154":0,"155":0,"156":0,"157":0,"158":0,"159":0,"160":0,"161":0,"162":0,"163":0,"164":0,"165":0,"166":0,"167":0,"168":0,"169":0,"170":0,"171":0,"172":1,"173":0,"174":0,"175":0,"176":0,"177":1,"178":0,"179":0,"180":0,"181":0,"182":0,"183":0,"184":0,"185":1,"186":1},"b":{"1":[3,3],"2":[0,0],"3":[2,6],"4":[0,0],"5":[0,0],"6":[5,0],"7":[5,5],"8":[5,0],"9":[5,0],"10":[5,5,0],"11":[0,0],"12":[0,0],"13":[0,0],"14":[0,0,0],"15":[0,0],"16":[0,0],"17":[0,0],"18":[0,0],"19":[0,0],"20":[0,0],"21":[0,0],"22":[0,0,0]},"f":{"1":3,"2":3,"3":0,"4":0,"5":3,"6":8,"7":2,"8":2,"9":2,"10":2,"11":0,"12":0,"13":0,"14":0,"15":0,"16":0,"17":0,"18":0,"19":0,"20":3,"21":0,"22":2,"23":0,"24":0,"25":0,"26":0,"27":0,"28":0,"29":0,"30":0,"31":5,"32":0,"33":0,"34":0,"35":0,"36":0,"37":0,"38":0,"39":0,"40":0,"41":0,"42":0},"fnMap":{"1":{"name":"(anonymous_1)","line":4,"loc":{"start":{"line":4,"column":21},"end":{"line":4,"column":64}}},"2":{"name":"(anonymous_2)","line":20,"loc":{"start":{"line":20,"column":25},"end":{"line":20,"column":51}}},"3":{"name":"notifyListeners","line":26,"loc":{"start":{"line":26,"column":1},"end":{"line":26,"column":39}}},"4":{"name":"saveData","line":33,"loc":{"start":{"line":33,"column":1},"end":{"line":33,"column":31}}},"5":{"name":"(anonymous_5)","line":38,"loc":{"start":{"line":38,"column":19},"end":{"line":38,"column":30}}},"6":{"name":"(anonymous_6)","line":48,"loc":{"start":{"line":48,"column":18},"end":{"line":48,"column":29}}},"7":{"name":"(anonymous_7)","line":56,"loc":{"start":{"line":56,"column":24},"end":{"line":56,"column":43}}},"8":{"name":"(anonymous_8)","line":62,"loc":{"start":{"line":62,"column":20},"end":{"line":62,"column":39}}},"9":{"name":"(anonymous_9)","line":68,"loc":{"start":{"line":68,"column":20},"end":{"line":68,"column":39}}},"10":{"name":"(anonymous_10)","line":74,"loc":{"start":{"line":74,"column":16},"end":{"line":74,"column":35}}},"11":{"name":"(anonymous_11)","line":87,"loc":{"start":{"line":87,"column":29},"end":{"line":87,"column":40}}},"12":{"name":"updateLastModified","line":94,"loc":{"start":{"line":94,"column":1},"end":{"line":94,"column":37}}},"13":{"name":"getLastModified","line":100,"loc":{"start":{"line":100,"column":1},"end":{"line":100,"column":28}}},"14":{"name":"(anonymous_14)","line":105,"loc":{"start":{"line":105,"column":16},"end":{"line":105,"column":61}}},"15":{"name":"(anonymous_15)","line":113,"loc":{"start":{"line":113,"column":14},"end":{"line":113,"column":53}}},"16":{"name":"(anonymous_16)","line":114,"loc":{"start":{"line":114,"column":65},"end":{"line":114,"column":79}}},"17":{"name":"(anonymous_17)","line":130,"loc":{"start":{"line":130,"column":18},"end":{"line":130,"column":29}}},"18":{"name":"(anonymous_18)","line":152,"loc":{"start":{"line":152,"column":15},"end":{"line":152,"column":26}}},"19":{"name":"(anonymous_19)","line":161,"loc":{"start":{"line":161,"column":24},"end":{"line":161,"column":35}}},"20":{"name":"(anonymous_20)","line":166,"loc":{"start":{"line":166,"column":25},"end":{"line":166,"column":52}}},"21":{"name":"(anonymous_21)","line":167,"loc":{"start":{"line":167,"column":54},"end":{"line":167,"column":69}}},"22":{"name":"(anonymous_22)","line":177,"loc":{"start":{"line":177,"column":21},"end":{"line":177,"column":38}}},"23":{"name":"(anonymous_23)","line":181,"loc":{"start":{"line":181,"column":19},"end":{"line":181,"column":37}}},"24":{"name":"(anonymous_24)","line":186,"loc":{"start":{"line":186,"column":22},"end":{"line":186,"column":45}}},"25":{"name":"(anonymous_25)","line":191,"loc":{"start":{"line":191,"column":18},"end":{"line":191,"column":45}}},"26":{"name":"(anonymous_26)","line":198,"loc":{"start":{"line":198,"column":17},"end":{"line":198,"column":41}}},"27":{"name":"(anonymous_27)","line":203,"loc":{"start":{"line":203,"column":20},"end":{"line":203,"column":53}}},"28":{"name":"(anonymous_28)","line":212,"loc":{"start":{"line":212,"column":20},"end":{"line":212,"column":45}}},"29":{"name":"(anonymous_29)","line":216,"loc":{"start":{"line":216,"column":20},"end":{"line":216,"column":39}}},"30":{"name":"(anonymous_30)","line":220,"loc":{"start":{"line":220,"column":28},"end":{"line":220,"column":55}}},"31":{"name":"enqueueSend","line":227,"loc":{"start":{"line":227,"column":1},"end":{"line":227,"column":57}}},"32":{"name":"checkSend","line":250,"loc":{"start":{"line":250,"column":1},"end":{"line":250,"column":22}}},"33":{"name":"sendAjax","line":261,"loc":{"start":{"line":261,"column":1},"end":{"line":261,"column":58}}},"34":{"name":"(anonymous_34)","line":269,"loc":{"start":{"line":269,"column":11},"end":{"line":269,"column":26}}},"35":{"name":"(anonymous_35)","line":279,"loc":{"start":{"line":279,"column":11},"end":{"line":279,"column":26}}},"36":{"name":"(anonymous_36)","line":296,"loc":{"start":{"line":296,"column":13},"end":{"line":296,"column":24}}},"37":{"name":"silentLogin","line":303,"loc":{"start":{"line":303,"column":1},"end":{"line":303,"column":24}}},"38":{"name":"updateData","line":311,"loc":{"start":{"line":311,"column":1},"end":{"line":311,"column":23}}},"39":{"name":"(anonymous_39)","line":312,"loc":{"start":{"line":312,"column":43},"end":{"line":312,"column":58}}},"40":{"name":"(anonymous_40)","line":320,"loc":{"start":{"line":320,"column":5},"end":{"line":320,"column":16}}},"41":{"name":"defaultFail","line":323,"loc":{"start":{"line":323,"column":1},"end":{"line":323,"column":28}}},"42":{"name":"defaultSuccess","line":325,"loc":{"start":{"line":325,"column":1},"end":{"line":325,"column":31}}}},"statementMap":{"1":{"start":{"line":4,"column":0},"end":{"line":326,"column":2}},"2":{"start":{"line":6,"column":1},"end":{"line":6,"column":17}},"3":{"start":{"line":7,"column":1},"end":{"line":7,"column":22}},"4":{"start":{"line":8,"column":1},"end":{"line":8,"column":45}},"5":{"start":{"line":18,"column":1},"end":{"line":18,"column":20}},"6":{"start":{"line":20,"column":1},"end":{"line":24,"column":3}},"7":{"start":{"line":21,"column":2},"end":{"line":21,"column":58}},"8":{"start":{"line":22,"column":2},"end":{"line":22,"column":44}},"9":{"start":{"line":23,"column":2},"end":{"line":23,"column":34}},"10":{"start":{"line":26,"column":1},"end":{"line":31,"column":2}},"11":{"start":{"line":27,"column":2},"end":{"line":27,"column":43}},"12":{"start":{"line":28,"column":2},"end":{"line":30,"column":3}},"13":{"start":{"line":29,"column":3},"end":{"line":29,"column":38}},"14":{"start":{"line":33,"column":1},"end":{"line":35,"column":2}},"15":{"start":{"line":34,"column":2},"end":{"line":34,"column":51}},"16":{"start":{"line":37,"column":1},"end":{"line":37,"column":23}},"17":{"start":{"line":38,"column":1},"end":{"line":92,"column":4}},"18":{"start":{"line":41,"column":2},"end":{"line":41,"column":23}},"19":{"start":{"line":44,"column":2},"end":{"line":44,"column":20}},"20":{"start":{"line":48,"column":2},"end":{"line":54,"column":4}},"21":{"start":{"line":49,"column":3},"end":{"line":49,"column":18}},"22":{"start":{"line":50,"column":3},"end":{"line":53,"column":4}},"23":{"start":{"line":51,"column":4},"end":{"line":51,"column":32}},"24":{"start":{"line":52,"column":4},"end":{"line":52,"column":20}},"25":{"start":{"line":56,"column":2},"end":{"line":60,"column":4}},"26":{"start":{"line":57,"column":3},"end":{"line":57,"column":62}},"27":{"start":{"line":58,"column":3},"end":{"line":58,"column":22}},"28":{"start":{"line":59,"column":3},"end":{"line":59,"column":15}},"29":{"start":{"line":62,"column":2},"end":{"line":66,"column":4}},"30":{"start":{"line":63,"column":3},"end":{"line":63,"column":70}},"31":{"start":{"line":64,"column":3},"end":{"line":64,"column":26}},"32":{"start":{"line":65,"column":3},"end":{"line":65,"column":15}},"33":{"start":{"line":68,"column":2},"end":{"line":72,"column":4}},"34":{"start":{"line":69,"column":3},"end":{"line":69,"column":70}},"35":{"start":{"line":70,"column":3},"end":{"line":70,"column":30}},"36":{"start":{"line":71,"column":3},"end":{"line":71,"column":15}},"37":{"start":{"line":74,"column":2},"end":{"line":78,"column":4}},"38":{"start":{"line":75,"column":3},"end":{"line":75,"column":66}},"39":{"start":{"line":76,"column":3},"end":{"line":76,"column":26}},"40":{"start":{"line":77,"column":3},"end":{"line":77,"column":15}},"41":{"start":{"line":80,"column":2},"end":{"line":80,"column":55}},"42":{"start":{"line":81,"column":2},"end":{"line":81,"column":47}},"43":{"start":{"line":82,"column":2},"end":{"line":82,"column":47}},"44":{"start":{"line":83,"column":2},"end":{"line":83,"column":39}},"45":{"start":{"line":87,"column":2},"end":{"line":90,"column":11}},"46":{"start":{"line":88,"column":3},"end":{"line":88,"column":19}},"47":{"start":{"line":89,"column":3},"end":{"line":89,"column":52}},"48":{"start":{"line":94,"column":1},"end":{"line":98,"column":2}},"49":{"start":{"line":95,"column":2},"end":{"line":95,"column":25}},"50":{"start":{"line":96,"column":2},"end":{"line":96,"column":61}},"51":{"start":{"line":97,"column":2},"end":{"line":97,"column":47}},"52":{"start":{"line":100,"column":1},"end":{"line":103,"column":2}},"53":{"start":{"line":101,"column":2},"end":{"line":101,"column":22}},"54":{"start":{"line":105,"column":1},"end":{"line":110,"column":3}},"55":{"start":{"line":106,"column":2},"end":{"line":106,"column":31}},"56":{"start":{"line":107,"column":2},"end":{"line":107,"column":191}},"57":{"start":{"line":113,"column":1},"end":{"line":128,"column":3}},"58":{"start":{"line":114,"column":2},"end":{"line":127,"column":14}},"59":{"start":{"line":115,"column":3},"end":{"line":115,"column":41}},"60":{"start":{"line":116,"column":3},"end":{"line":116,"column":41}},"61":{"start":{"line":117,"column":3},"end":{"line":117,"column":41}},"62":{"start":{"line":118,"column":3},"end":{"line":118,"column":20}},"63":{"start":{"line":119,"column":3},"end":{"line":119,"column":67}},"64":{"start":{"line":120,"column":3},"end":{"line":120,"column":67}},"65":{"start":{"line":121,"column":3},"end":{"line":121,"column":67}},"66":{"start":{"line":122,"column":3},"end":{"line":122,"column":27}},"67":{"start":{"line":123,"column":3},"end":{"line":123,"column":31}},"68":{"start":{"line":124,"column":3},"end":{"line":124,"column":31}},"69":{"start":{"line":125,"column":3},"end":{"line":125,"column":16}},"70":{"start":{"line":126,"column":3},"end":{"line":126,"column":36}},"71":{"start":{"line":130,"column":1},"end":{"line":150,"column":3}},"72":{"start":{"line":131,"column":2},"end":{"line":131,"column":28}},"73":{"start":{"line":132,"column":2},"end":{"line":132,"column":33}},"74":{"start":{"line":133,"column":2},"end":{"line":133,"column":32}},"75":{"start":{"line":134,"column":2},"end":{"line":134,"column":40}},"76":{"start":{"line":135,"column":2},"end":{"line":135,"column":8}},"77":{"start":{"line":136,"column":2},"end":{"line":138,"column":3}},"78":{"start":{"line":137,"column":3},"end":{"line":137,"column":45}},"79":{"start":{"line":139,"column":2},"end":{"line":141,"column":3}},"80":{"start":{"line":140,"column":3},"end":{"line":140,"column":45}},"81":{"start":{"line":142,"column":2},"end":{"line":144,"column":3}},"82":{"start":{"line":143,"column":3},"end":{"line":143,"column":43}},"83":{"start":{"line":145,"column":2},"end":{"line":145,"column":34}},"84":{"start":{"line":146,"column":2},"end":{"line":146,"column":50}},"85":{"start":{"line":147,"column":2},"end":{"line":149,"column":3}},"86":{"start":{"line":148,"column":3},"end":{"line":148,"column":43}},"87":{"start":{"line":152,"column":1},"end":{"line":159,"column":3}},"88":{"start":{"line":153,"column":2},"end":{"line":153,"column":31}},"89":{"start":{"line":154,"column":2},"end":{"line":154,"column":35}},"90":{"start":{"line":155,"column":2},"end":{"line":155,"column":31}},"91":{"start":{"line":156,"column":2},"end":{"line":156,"column":37}},"92":{"start":{"line":157,"column":2},"end":{"line":157,"column":37}},"93":{"start":{"line":158,"column":2},"end":{"line":158,"column":33}},"94":{"start":{"line":161,"column":1},"end":{"line":164,"column":3}},"95":{"start":{"line":162,"column":2},"end":{"line":162,"column":41}},"96":{"start":{"line":163,"column":2},"end":{"line":163,"column":62}},"97":{"start":{"line":166,"column":1},"end":{"line":174,"column":3}},"98":{"start":{"line":167,"column":2},"end":{"line":173,"column":14}},"99":{"start":{"line":168,"column":3},"end":{"line":168,"column":21}},"100":{"start":{"line":170,"column":3},"end":{"line":170,"column":41}},"101":{"start":{"line":171,"column":3},"end":{"line":171,"column":39}},"102":{"start":{"line":172,"column":3},"end":{"line":172,"column":22}},"103":{"start":{"line":177,"column":1},"end":{"line":179,"column":3}},"104":{"start":{"line":178,"column":2},"end":{"line":178,"column":76}},"105":{"start":{"line":181,"column":1},"end":{"line":183,"column":3}},"106":{"start":{"line":182,"column":2},"end":{"line":182,"column":78}},"107":{"start":{"line":186,"column":1},"end":{"line":188,"column":3}},"108":{"start":{"line":187,"column":2},"end":{"line":187,"column":74}},"109":{"start":{"line":191,"column":1},"end":{"line":195,"column":3}},"110":{"start":{"line":192,"column":2},"end":{"line":192,"column":15}},"111":{"start":{"line":193,"column":2},"end":{"line":193,"column":25}},"112":{"start":{"line":194,"column":2},"end":{"line":194,"column":66}},"113":{"start":{"line":198,"column":1},"end":{"line":200,"column":3}},"114":{"start":{"line":199,"column":2},"end":{"line":199,"column":66}},"115":{"start":{"line":203,"column":1},"end":{"line":209,"column":3}},"116":{"start":{"line":204,"column":2},"end":{"line":206,"column":3}},"117":{"start":{"line":205,"column":3},"end":{"line":205,"column":22}},"118":{"start":{"line":207,"column":2},"end":{"line":207,"column":38}},"119":{"start":{"line":208,"column":2},"end":{"line":208,"column":68}},"120":{"start":{"line":212,"column":1},"end":{"line":214,"column":3}},"121":{"start":{"line":213,"column":2},"end":{"line":213,"column":77}},"122":{"start":{"line":216,"column":1},"end":{"line":218,"column":3}},"123":{"start":{"line":217,"column":2},"end":{"line":217,"column":80}},"124":{"start":{"line":220,"column":1},"end":{"line":222,"column":3}},"125":{"start":{"line":221,"column":2},"end":{"line":221,"column":96}},"126":{"start":{"line":224,"column":1},"end":{"line":224,"column":20}},"127":{"start":{"line":225,"column":1},"end":{"line":225,"column":28}},"128":{"start":{"line":227,"column":1},"end":{"line":248,"column":2}},"129":{"start":{"line":228,"column":2},"end":{"line":234,"column":3}},"130":{"start":{"line":229,"column":3},"end":{"line":233,"column":4}},"131":{"start":{"line":230,"column":4},"end":{"line":230,"column":66}},"132":{"start":{"line":231,"column":4},"end":{"line":231,"column":29}},"133":{"start":{"line":232,"column":4},"end":{"line":232,"column":11}},"134":{"start":{"line":235,"column":2},"end":{"line":239,"column":3}},"135":{"start":{"line":236,"column":3},"end":{"line":236,"column":30}},"136":{"start":{"line":237,"column":3},"end":{"line":237,"column":26}},"137":{"start":{"line":238,"column":3},"end":{"line":238,"column":67}},"138":{"start":{"line":240,"column":2},"end":{"line":246,"column":5}},"139":{"start":{"line":247,"column":2},"end":{"line":247,"column":14}},"140":{"start":{"line":250,"column":1},"end":{"line":259,"column":2}},"141":{"start":{"line":251,"column":2},"end":{"line":251,"column":37}},"142":{"start":{"line":252,"column":2},"end":{"line":258,"column":3}},"143":{"start":{"line":253,"column":3},"end":{"line":253,"column":42}},"144":{"start":{"line":254,"column":3},"end":{"line":254,"column":25}},"145":{"start":{"line":255,"column":3},"end":{"line":255,"column":27}},"146":{"start":{"line":256,"column":3},"end":{"line":256,"column":26}},"147":{"start":{"line":257,"column":3},"end":{"line":257,"column":72}},"148":{"start":{"line":261,"column":1},"end":{"line":301,"column":2}},"149":{"start":{"line":262,"column":2},"end":{"line":300,"column":3}},"150":{"start":{"line":263,"column":3},"end":{"line":263,"column":104}},"151":{"start":{"line":264,"column":3},"end":{"line":299,"column":6}},"152":{"start":{"line":270,"column":4},"end":{"line":270,"column":103}},"153":{"start":{"line":271,"column":4},"end":{"line":271,"column":27}},"154":{"start":{"line":272,"column":4},"end":{"line":277,"column":5}},"155":{"start":{"line":273,"column":5},"end":{"line":273,"column":72}},"156":{"start":{"line":274,"column":5},"end":{"line":274,"column":43}},"157":{"start":{"line":276,"column":5},"end":{"line":276,"column":58}},"158":{"start":{"line":278,"column":4},"end":{"line":278,"column":18}},"159":{"start":{"line":280,"column":4},"end":{"line":280,"column":125}},"160":{"start":{"line":281,"column":4},"end":{"line":281,"column":27}},"161":{"start":{"line":283,"column":4},"end":{"line":294,"column":5}},"162":{"start":{"line":285,"column":5},"end":{"line":285,"column":47}},"163":{"start":{"line":286,"column":5},"end":{"line":286,"column":18}},"164":{"start":{"line":287,"column":5},"end":{"line":287,"column":56}},"165":{"start":{"line":288,"column":11},"end":{"line":294,"column":5}},"166":{"start":{"line":289,"column":5},"end":{"line":293,"column":6}},"167":{"start":{"line":290,"column":6},"end":{"line":292,"column":7}},"168":{"start":{"line":291,"column":7},"end":{"line":291,"column":58}},"169":{"start":{"line":295,"column":4},"end":{"line":295,"column":15}},"170":{"start":{"line":297,"column":4},"end":{"line":297,"column":27}},"171":{"start":{"line":298,"column":4},"end":{"line":298,"column":16}},"172":{"start":{"line":303,"column":1},"end":{"line":309,"column":2}},"173":{"start":{"line":304,"column":2},"end":{"line":307,"column":3}},"174":{"start":{"line":305,"column":3},"end":{"line":305,"column":123}},"175":{"start":{"line":306,"column":3},"end":{"line":306,"column":15}},"176":{"start":{"line":308,"column":2},"end":{"line":308,"column":15}},"177":{"start":{"line":311,"column":1},"end":{"line":321,"column":2}},"178":{"start":{"line":312,"column":2},"end":{"line":320,"column":21}},"179":{"start":{"line":313,"column":3},"end":{"line":313,"column":67}},"180":{"start":{"line":314,"column":3},"end":{"line":314,"column":41}},"181":{"start":{"line":315,"column":3},"end":{"line":315,"column":39}},"182":{"start":{"line":316,"column":3},"end":{"line":319,"column":4}},"183":{"start":{"line":317,"column":4},"end":{"line":317,"column":96}},"184":{"start":{"line":318,"column":4},"end":{"line":318,"column":34}},"185":{"start":{"line":323,"column":1},"end":{"line":323,"column":31}},"186":{"start":{"line":325,"column":1},"end":{"line":325,"column":34}}},"branchMap":{"1":{"line":22,"type":"binary-expr","locations":[{"start":{"line":22,"column":21},"end":{"line":22,"column":37}},{"start":{"line":22,"column":41},"end":{"line":22,"column":43}}]},"2":{"line":27,"type":"binary-expr","locations":[{"start":{"line":27,"column":20},"end":{"line":27,"column":36}},{"start":{"line":27,"column":40},"end":{"line":27,"column":42}}]},"3":{"line":50,"type":"if","locations":[{"start":{"line":50,"column":3},"end":{"line":50,"column":3}},{"start":{"line":50,"column":3},"end":{"line":50,"column":3}}]},"4":{"line":204,"type":"if","locations":[{"start":{"line":204,"column":2},"end":{"line":204,"column":2}},{"start":{"line":204,"column":2},"end":{"line":204,"column":2}}]},"5":{"line":204,"type":"binary-expr","locations":[{"start":{"line":204,"column":6},"end":{"line":204,"column":34}},{"start":{"line":204,"column":38},"end":{"line":204,"column":47}}]},"6":{"line":228,"type":"if","locations":[{"start":{"line":228,"column":2},"end":{"line":228,"column":2}},{"start":{"line":228,"column":2},"end":{"line":228,"column":2}}]},"7":{"line":228,"type":"binary-expr","locations":[{"start":{"line":228,"column":6},"end":{"line":228,"column":21}},{"start":{"line":228,"column":25},"end":{"line":228,"column":62}}]},"8":{"line":228,"type":"binary-expr","locations":[{"start":{"line":228,"column":27},"end":{"line":228,"column":41}},{"start":{"line":228,"column":45},"end":{"line":228,"column":61}}]},"9":{"line":229,"type":"if","locations":[{"start":{"line":229,"column":3},"end":{"line":229,"column":3}},{"start":{"line":229,"column":3},"end":{"line":229,"column":3}}]},"10":{"line":229,"type":"binary-expr","locations":[{"start":{"line":229,"column":7},"end":{"line":229,"column":19}},{"start":{"line":229,"column":23},"end":{"line":229,"column":40}},{"start":{"line":229,"column":44},"end":{"line":229,"column":65}}]},"11":{"line":235,"type":"if","locations":[{"start":{"line":235,"column":2},"end":{"line":235,"column":2}},{"start":{"line":235,"column":2},"end":{"line":235,"column":2}}]},"12":{"line":235,"type":"binary-expr","locations":[{"start":{"line":235,"column":6},"end":{"line":235,"column":21}},{"start":{"line":235,"column":25},"end":{"line":235,"column":40}}]},"13":{"line":252,"type":"if","locations":[{"start":{"line":252,"column":2},"end":{"line":252,"column":2}},{"start":{"line":252,"column":2},"end":{"line":252,"column":2}}]},"14":{"line":252,"type":"binary-expr","locations":[{"start":{"line":252,"column":6},"end":{"line":252,"column":21}},{"start":{"line":252,"column":25},"end":{"line":252,"column":37}},{"start":{"line":252,"column":41},"end":{"line":252,"column":56}}]},"15":{"line":262,"type":"if","locations":[{"start":{"line":262,"column":2},"end":{"line":262,"column":2}},{"start":{"line":262,"column":2},"end":{"line":262,"column":2}}]},"16":{"line":272,"type":"if","locations":[{"start":{"line":272,"column":4},"end":{"line":272,"column":4}},{"start":{"line":272,"column":4},"end":{"line":272,"column":4}}]},"17":{"line":283,"type":"if","locations":[{"start":{"line":283,"column":4},"end":{"line":283,"column":4}},{"start":{"line":283,"column":4},"end":{"line":283,"column":4}}]},"18":{"line":288,"type":"if","locations":[{"start":{"line":288,"column":11},"end":{"line":288,"column":11}},{"start":{"line":288,"column":11},"end":{"line":288,"column":11}}]},"19":{"line":289,"type":"if","locations":[{"start":{"line":289,"column":5},"end":{"line":289,"column":5}},{"start":{"line":289,"column":5},"end":{"line":289,"column":5}}]},"20":{"line":290,"type":"if","locations":[{"start":{"line":290,"column":6},"end":{"line":290,"column":6}},{"start":{"line":290,"column":6},"end":{"line":290,"column":6}}]},"21":{"line":304,"type":"if","locations":[{"start":{"line":304,"column":2},"end":{"line":304,"column":2}},{"start":{"line":304,"column":2},"end":{"line":304,"column":2}}]},"22":{"line":304,"type":"binary-expr","locations":[{"start":{"line":304,"column":6},"end":{"line":304,"column":17}},{"start":{"line":304,"column":21},"end":{"line":304,"column":37}},{"start":{"line":304,"column":41},"end":{"line":304,"column":61}}]}}},"www/js/NotificationManager.js":{"path":"www/js/NotificationManager.js","s":{"1":1,"2":5,"3":4,"4":4,"5":2,"6":2,"7":0,"8":1,"9":2,"10":2,"11":2,"12":2,"13":2,"14":2,"15":2,"16":2,"17":2,"18":0,"19":0,"20":2,"21":2,"22":2,"23":2,"24":2,"25":0,"26":0,"27":2,"28":2,"29":2,"30":2,"31":0,"32":0,"33":0,"34":0,"35":0,"36":2,"37":2,"38":2,"39":2,"40":2,"41":0,"42":2,"43":1,"44":4,"45":4,"46":4,"47":4,"48":4,"49":1,"50":6,"51":6,"52":6,"53":0},"b":{"1":[2,2],"2":[2,0],"3":[0,2],"4":[2,0],"5":[0,2],"6":[2,0],"7":[0,2],"8":[0,0],"9":[0,2]},"f":{"1":5,"2":4,"3":2,"4":4,"5":6},"fnMap":{"1":{"name":"(anonymous_1)","line":4,"loc":{"start":{"line":4,"column":26},"end":{"line":4,"column":61}}},"2":{"name":"(anonymous_2)","line":7,"loc":{"start":{"line":7,"column":57},"end":{"line":7,"column":72}}},"3":{"name":"setAllNotifications","line":22,"loc":{"start":{"line":22,"column":1},"end":{"line":22,"column":32}}},"4":{"name":"copyTimeOfDay","line":77,"loc":{"start":{"line":77,"column":1},"end":{"line":77,"column":46}}},"5":{"name":"setNotification","line":86,"loc":{"start":{"line":86,"column":1},"end":{"line":86,"column":49}}}},"statementMap":{"1":{"start":{"line":4,"column":0},"end":{"line":101,"column":2}},"2":{"start":{"line":7,"column":1},"end":{"line":20,"column":4}},"3":{"start":{"line":11,"column":2},"end":{"line":11,"column":41}},"4":{"start":{"line":12,"column":2},"end":{"line":19,"column":3}},"5":{"start":{"line":13,"column":3},"end":{"line":18,"column":4}},"6":{"start":{"line":14,"column":4},"end":{"line":14,"column":70}},"7":{"start":{"line":17,"column":4},"end":{"line":17,"column":26}},"8":{"start":{"line":22,"column":1},"end":{"line":74,"column":2}},"9":{"start":{"line":23,"column":2},"end":{"line":23,"column":35}},"10":{"start":{"line":24,"column":2},"end":{"line":24,"column":33}},"11":{"start":{"line":25,"column":2},"end":{"line":25,"column":49}},"12":{"start":{"line":26,"column":2},"end":{"line":26,"column":23}},"13":{"start":{"line":27,"column":2},"end":{"line":27,"column":23}},"14":{"start":{"line":30,"column":2},"end":{"line":39,"column":3}},"15":{"start":{"line":31,"column":3},"end":{"line":31,"column":33}},"16":{"start":{"line":32,"column":3},"end":{"line":32,"column":91}},"17":{"start":{"line":33,"column":3},"end":{"line":38,"column":4}},"18":{"start":{"line":34,"column":4},"end":{"line":34,"column":61}},"19":{"start":{"line":35,"column":4},"end":{"line":35,"column":88}},"20":{"start":{"line":37,"column":4},"end":{"line":37,"column":80}},"21":{"start":{"line":42,"column":2},"end":{"line":51,"column":3}},"22":{"start":{"line":43,"column":3},"end":{"line":43,"column":33}},"23":{"start":{"line":44,"column":3},"end":{"line":44,"column":89}},"24":{"start":{"line":45,"column":3},"end":{"line":50,"column":4}},"25":{"start":{"line":46,"column":4},"end":{"line":46,"column":61}},"26":{"start":{"line":47,"column":4},"end":{"line":47,"column":101}},"27":{"start":{"line":49,"column":4},"end":{"line":49,"column":101}},"28":{"start":{"line":54,"column":2},"end":{"line":73,"column":3}},"29":{"start":{"line":55,"column":3},"end":{"line":55,"column":33}},"30":{"start":{"line":56,"column":3},"end":{"line":71,"column":4}},"31":{"start":{"line":57,"column":4},"end":{"line":57,"column":32}},"32":{"start":{"line":58,"column":4},"end":{"line":58,"column":34}},"33":{"start":{"line":59,"column":4},"end":{"line":59,"column":35}},"34":{"start":{"line":60,"column":4},"end":{"line":62,"column":5}},"35":{"start":{"line":61,"column":5},"end":{"line":61,"column":64}},"36":{"start":{"line":64,"column":4},"end":{"line":64,"column":47}},"37":{"start":{"line":65,"column":4},"end":{"line":65,"column":80}},"38":{"start":{"line":66,"column":4},"end":{"line":66,"column":34}},"39":{"start":{"line":67,"column":4},"end":{"line":67,"column":35}},"40":{"start":{"line":68,"column":4},"end":{"line":70,"column":5}},"41":{"start":{"line":69,"column":5},"end":{"line":69,"column":62}},"42":{"start":{"line":72,"column":3},"end":{"line":72,"column":90}},"43":{"start":{"line":77,"column":1},"end":{"line":83,"column":2}},"44":{"start":{"line":78,"column":2},"end":{"line":78,"column":38}},"45":{"start":{"line":79,"column":2},"end":{"line":79,"column":45}},"46":{"start":{"line":80,"column":2},"end":{"line":80,"column":49}},"47":{"start":{"line":81,"column":2},"end":{"line":81,"column":49}},"48":{"start":{"line":82,"column":2},"end":{"line":82,"column":20}},"49":{"start":{"line":86,"column":1},"end":{"line":99,"column":2}},"50":{"start":{"line":87,"column":2},"end":{"line":98,"column":3}},"51":{"start":{"line":88,"column":3},"end":{"line":88,"column":22}},"52":{"start":{"line":89,"column":3},"end":{"line":95,"column":6}},"53":{"start":{"line":97,"column":3},"end":{"line":97,"column":56}}},"branchMap":{"1":{"line":12,"type":"if","locations":[{"start":{"line":12,"column":2},"end":{"line":12,"column":2}},{"start":{"line":12,"column":2},"end":{"line":12,"column":2}}]},"2":{"line":30,"type":"if","locations":[{"start":{"line":30,"column":2},"end":{"line":30,"column":2}},{"start":{"line":30,"column":2},"end":{"line":30,"column":2}}]},"3":{"line":33,"type":"if","locations":[{"start":{"line":33,"column":3},"end":{"line":33,"column":3}},{"start":{"line":33,"column":3},"end":{"line":33,"column":3}}]},"4":{"line":42,"type":"if","locations":[{"start":{"line":42,"column":2},"end":{"line":42,"column":2}},{"start":{"line":42,"column":2},"end":{"line":42,"column":2}}]},"5":{"line":45,"type":"if","locations":[{"start":{"line":45,"column":3},"end":{"line":45,"column":3}},{"start":{"line":45,"column":3},"end":{"line":45,"column":3}}]},"6":{"line":54,"type":"if","locations":[{"start":{"line":54,"column":2},"end":{"line":54,"column":2}},{"start":{"line":54,"column":2},"end":{"line":54,"column":2}}]},"7":{"line":56,"type":"if","locations":[{"start":{"line":56,"column":3},"end":{"line":56,"column":3}},{"start":{"line":56,"column":3},"end":{"line":56,"column":3}}]},"8":{"line":60,"type":"if","locations":[{"start":{"line":60,"column":4},"end":{"line":60,"column":4}},{"start":{"line":60,"column":4},"end":{"line":60,"column":4}}]},"9":{"line":68,"type":"if","locations":[{"start":{"line":68,"column":4},"end":{"line":68,"column":4}},{"start":{"line":68,"column":4},"end":{"line":68,"column":4}}]}}},"www/js/RecurringManager.js":{"path":"www/js/RecurringManager.js","s":{"1":1,"2":4,"3":4,"4":4,"5":2,"6":2,"7":2,"8":4,"9":2,"10":2,"11":2,"12":4,"13":0,"14":0,"15":0,"16":0,"17":1,"18":2,"19":2,"20":2,"21":2,"22":2,"23":2,"24":2,"25":2,"26":1,"27":2,"28":2,"29":2,"30":2,"31":2,"32":2,"33":2,"34":2},"b":{"1":[4,4],"2":[2,0],"3":[4,3],"4":[2,0]},"f":{"1":4,"2":2,"3":2,"4":0,"5":2,"6":2},"fnMap":{"1":{"name":"(anonymous_1)","line":5,"loc":{"start":{"line":5,"column":23},"end":{"line":5,"column":69}}},"2":{"name":"(anonymous_2)","line":12,"loc":{"start":{"line":12,"column":19},"end":{"line":12,"column":35}}},"3":{"name":"(anonymous_3)","line":20,"loc":{"start":{"line":20,"column":18},"end":{"line":20,"column":34}}},"4":{"name":"(anonymous_4)","line":27,"loc":{"start":{"line":27,"column":15},"end":{"line":27,"column":26}}},"5":{"name":"updateCharge","line":39,"loc":{"start":{"line":39,"column":1},"end":{"line":39,"column":30}}},"6":{"name":"updateIncome","line":55,"loc":{"start":{"line":55,"column":1},"end":{"line":55,"column":30}}}},"statementMap":{"1":{"start":{"line":5,"column":0},"end":{"line":68,"column":2}},"2":{"start":{"line":7,"column":1},"end":{"line":7,"column":18}},"3":{"start":{"line":9,"column":1},"end":{"line":9,"column":17}},"4":{"start":{"line":12,"column":1},"end":{"line":17,"column":3}},"5":{"start":{"line":13,"column":2},"end":{"line":13,"column":18}},"6":{"start":{"line":14,"column":2},"end":{"line":16,"column":3}},"7":{"start":{"line":15,"column":3},"end":{"line":15,"column":28}},"8":{"start":{"line":20,"column":1},"end":{"line":25,"column":3}},"9":{"start":{"line":21,"column":2},"end":{"line":21,"column":17}},"10":{"start":{"line":22,"column":2},"end":{"line":24,"column":3}},"11":{"start":{"line":23,"column":3},"end":{"line":23,"column":27}},"12":{"start":{"line":27,"column":1},"end":{"line":34,"column":3}},"13":{"start":{"line":28,"column":2},"end":{"line":30,"column":3}},"14":{"start":{"line":29,"column":3},"end":{"line":29,"column":28}},"15":{"start":{"line":31,"column":2},"end":{"line":33,"column":3}},"16":{"start":{"line":32,"column":3},"end":{"line":32,"column":27}},"17":{"start":{"line":39,"column":1},"end":{"line":50,"column":2}},"18":{"start":{"line":40,"column":2},"end":{"line":40,"column":23}},"19":{"start":{"line":41,"column":2},"end":{"line":41,"column":24}},"20":{"start":{"line":42,"column":2},"end":{"line":46,"column":3}},"21":{"start":{"line":43,"column":3},"end":{"line":43,"column":20}},"22":{"start":{"line":44,"column":3},"end":{"line":44,"column":33}},"23":{"start":{"line":45,"column":3},"end":{"line":45,"column":40}},"24":{"start":{"line":47,"column":2},"end":{"line":49,"column":3}},"25":{"start":{"line":48,"column":3},"end":{"line":48,"column":31}},"26":{"start":{"line":55,"column":1},"end":{"line":66,"column":2}},"27":{"start":{"line":56,"column":2},"end":{"line":56,"column":23}},"28":{"start":{"line":57,"column":2},"end":{"line":57,"column":24}},"29":{"start":{"line":58,"column":2},"end":{"line":62,"column":3}},"30":{"start":{"line":59,"column":3},"end":{"line":59,"column":20}},"31":{"start":{"line":60,"column":3},"end":{"line":60,"column":28}},"32":{"start":{"line":61,"column":3},"end":{"line":61,"column":40}},"33":{"start":{"line":63,"column":2},"end":{"line":65,"column":3}},"34":{"start":{"line":64,"column":3},"end":{"line":64,"column":29}}},"branchMap":{"1":{"line":42,"type":"binary-expr","locations":[{"start":{"line":42,"column":8},"end":{"line":42,"column":28}},{"start":{"line":42,"column":32},"end":{"line":42,"column":65}}]},"2":{"line":47,"type":"if","locations":[{"start":{"line":47,"column":2},"end":{"line":47,"column":2}},{"start":{"line":47,"column":2},"end":{"line":47,"column":2}}]},"3":{"line":58,"type":"binary-expr","locations":[{"start":{"line":58,"column":8},"end":{"line":58,"column":28}},{"start":{"line":58,"column":32},"end":{"line":58,"column":65}}]},"4":{"line":63,"type":"if","locations":[{"start":{"line":63,"column":2},"end":{"line":63,"column":2}},{"start":{"line":63,"column":2},"end":{"line":63,"column":2}}]}}},"www/js/StorageManager.js":{"path":"www/js/StorageManager.js","s":{"1":1,"2":117,"3":117,"4":0,"5":0,"6":0,"7":0,"8":0,"9":0,"10":117,"11":117,"12":18,"13":18,"14":18,"15":117,"16":0,"17":0,"18":0,"19":117,"20":12,"21":12,"22":12,"23":12,"24":12,"25":5,"26":5,"27":5,"28":7,"29":7,"30":1,"31":1,"32":11,"33":6,"34":6,"35":11,"36":11,"37":11,"38":11,"39":117,"40":5,"41":5,"42":5,"43":5,"44":5,"45":117,"46":30,"47":30,"48":15,"49":15,"50":15,"51":15,"52":15,"53":117,"54":30,"55":30,"56":30,"57":15,"58":15,"59":0,"60":15,"61":15,"62":15,"63":15,"64":117,"65":30,"66":30,"67":30,"68":15,"69":15,"70":15,"71":15,"72":15,"73":1,"74":93,"75":93,"76":93,"77":93,"78":93,"79":93,"80":68,"81":15,"82":53,"83":15,"84":93,"85":0,"86":117,"87":1,"88":1,"89":1,"90":1,"91":117,"92":0,"93":117,"94":117,"95":117,"96":117,"97":0,"98":0,"99":0,"100":117,"101":117,"102":3,"103":3,"104":31,"105":31,"106":117,"107":31,"108":31,"109":11,"110":11,"111":1,"112":10,"113":1,"114":31,"115":3,"116":117,"117":117,"118":3,"119":3,"120":3,"121":0,"122":0},"b":{"1":[0,0],"2":[0,0],"3":[0,0],"4":[18,0],"5":[0,0],"6":[12,12],"7":[5,7],"8":[5,0],"9":[0,7],"10":[1,6],"11":[6,5],"12":[6,0],"13":[11,0],"14":[5,0],"15":[15,15],"16":[15,0],"17":[15,15],"18":[0,15],"19":[15,0],"20":[15,15],"21":[15,0],"22":[93,0],"23":[93,0],"24":[68,25],"25":[15,53],"26":[15,38],"27":[117,0],"28":[117,0],"29":[11,20],"30":[1,10],"31":[1,9],"32":[3,28],"33":[3,0],"34":[3,1]},"f":{"1":117,"2":0,"3":0,"4":0,"5":18,"6":0,"7":12,"8":5,"9":30,"10":30,"11":30,"12":93,"13":1,"14":0,"15":0,"16":0,"17":3,"18":31,"19":31,"20":117,"21":3,"22":3},"fnMap":{"1":{"name":"(anonymous_1)","line":6,"loc":{"start":{"line":6,"column":21},"end":{"line":6,"column":74}}},"2":{"name":"(anonymous_2)","line":12,"loc":{"start":{"line":12,"column":45},"end":{"line":12,"column":59}}},"3":{"name":"(anonymous_3)","line":16,"loc":{"start":{"line":16,"column":4},"end":{"line":16,"column":25}}},"4":{"name":"(anonymous_4)","line":20,"loc":{"start":{"line":20,"column":4},"end":{"line":20,"column":25}}},"5":{"name":"(anonymous_5)","line":30,"loc":{"start":{"line":30,"column":21},"end":{"line":30,"column":75}}},"6":{"name":"(anonymous_6)","line":38,"loc":{"start":{"line":38,"column":19},"end":{"line":38,"column":55}}},"7":{"name":"(anonymous_7)","line":46,"loc":{"start":{"line":46,"column":22},"end":{"line":46,"column":76}}},"8":{"name":"(anonymous_8)","line":92,"loc":{"start":{"line":92,"column":18},"end":{"line":92,"column":63}}},"9":{"name":"(anonymous_9)","line":102,"loc":{"start":{"line":102,"column":17},"end":{"line":102,"column":59}}},"10":{"name":"(anonymous_10)","line":117,"loc":{"start":{"line":117,"column":20},"end":{"line":117,"column":71}}},"11":{"name":"(anonymous_11)","line":135,"loc":{"start":{"line":135,"column":20},"end":{"line":135,"column":63}}},"12":{"name":"saveData","line":151,"loc":{"start":{"line":151,"column":1},"end":{"line":151,"column":48}}},"13":{"name":"(anonymous_13)","line":174,"loc":{"start":{"line":174,"column":30},"end":{"line":174,"column":41}}},"14":{"name":"(anonymous_14)","line":182,"loc":{"start":{"line":182,"column":40},"end":{"line":182,"column":51}}},"15":{"name":"(anonymous_15)","line":192,"loc":{"start":{"line":192,"column":34},"end":{"line":192,"column":49}}},"16":{"name":"(anonymous_16)","line":198,"loc":{"start":{"line":198,"column":5},"end":{"line":198,"column":16}}},"17":{"name":"(anonymous_17)","line":210,"loc":{"start":{"line":210,"column":25},"end":{"line":210,"column":36}}},"18":{"name":"(anonymous_18)","line":221,"loc":{"start":{"line":221,"column":22},"end":{"line":221,"column":44}}},"19":{"name":"(anonymous_19)","line":222,"loc":{"start":{"line":222,"column":28},"end":{"line":222,"column":47}}},"20":{"name":"(anonymous_20)","line":237,"loc":{"start":{"line":237,"column":20},"end":{"line":237,"column":31}}},"21":{"name":"(anonymous_21)","line":238,"loc":{"start":{"line":238,"column":37},"end":{"line":238,"column":56}}},"22":{"name":"(anonymous_22)","line":240,"loc":{"start":{"line":240,"column":42},"end":{"line":240,"column":53}}}},"statementMap":{"1":{"start":{"line":6,"column":0},"end":{"line":252,"column":2}},"2":{"start":{"line":8,"column":1},"end":{"line":8,"column":17}},"3":{"start":{"line":12,"column":1},"end":{"line":24,"column":4}},"4":{"start":{"line":13,"column":2},"end":{"line":15,"column":3}},"5":{"start":{"line":14,"column":3},"end":{"line":14,"column":68}},"6":{"start":{"line":17,"column":2},"end":{"line":19,"column":3}},"7":{"start":{"line":18,"column":3},"end":{"line":18,"column":58}},"8":{"start":{"line":21,"column":2},"end":{"line":23,"column":3}},"9":{"start":{"line":22,"column":3},"end":{"line":22,"column":57}},"10":{"start":{"line":27,"column":1},"end":{"line":27,"column":37}},"11":{"start":{"line":30,"column":1},"end":{"line":36,"column":3}},"12":{"start":{"line":32,"column":2},"end":{"line":34,"column":3}},"13":{"start":{"line":33,"column":3},"end":{"line":33,"column":39}},"14":{"start":{"line":35,"column":2},"end":{"line":35,"column":20}},"15":{"start":{"line":38,"column":1},"end":{"line":43,"column":3}},"16":{"start":{"line":39,"column":2},"end":{"line":41,"column":3}},"17":{"start":{"line":40,"column":3},"end":{"line":40,"column":38}},"18":{"start":{"line":42,"column":2},"end":{"line":42,"column":20}},"19":{"start":{"line":46,"column":1},"end":{"line":89,"column":3}},"20":{"start":{"line":52,"column":2},"end":{"line":52,"column":57}},"21":{"start":{"line":53,"column":2},"end":{"line":53,"column":45}},"22":{"start":{"line":55,"column":2},"end":{"line":55,"column":48}},"23":{"start":{"line":56,"column":2},"end":{"line":56,"column":72}},"24":{"start":{"line":58,"column":2},"end":{"line":73,"column":3}},"25":{"start":{"line":60,"column":3},"end":{"line":60,"column":47}},"26":{"start":{"line":61,"column":3},"end":{"line":63,"column":4}},"27":{"start":{"line":62,"column":4},"end":{"line":62,"column":41}},"28":{"start":{"line":64,"column":9},"end":{"line":73,"column":3}},"29":{"start":{"line":70,"column":9},"end":{"line":73,"column":3}},"30":{"start":{"line":71,"column":3},"end":{"line":71,"column":46}},"31":{"start":{"line":72,"column":3},"end":{"line":72,"column":10}},"32":{"start":{"line":76,"column":2},"end":{"line":80,"column":3}},"33":{"start":{"line":77,"column":3},"end":{"line":79,"column":4}},"34":{"start":{"line":78,"column":4},"end":{"line":78,"column":34}},"35":{"start":{"line":82,"column":2},"end":{"line":82,"column":74}},"36":{"start":{"line":84,"column":2},"end":{"line":86,"column":3}},"37":{"start":{"line":85,"column":3},"end":{"line":85,"column":46}},"38":{"start":{"line":88,"column":2},"end":{"line":88,"column":53}},"39":{"start":{"line":92,"column":1},"end":{"line":99,"column":3}},"40":{"start":{"line":93,"column":2},"end":{"line":93,"column":47}},"41":{"start":{"line":94,"column":2},"end":{"line":94,"column":29}},"42":{"start":{"line":95,"column":2},"end":{"line":97,"column":3}},"43":{"start":{"line":96,"column":3},"end":{"line":96,"column":46}},"44":{"start":{"line":98,"column":2},"end":{"line":98,"column":20}},"45":{"start":{"line":102,"column":1},"end":{"line":114,"column":3}},"46":{"start":{"line":103,"column":2},"end":{"line":103,"column":43}},"47":{"start":{"line":105,"column":2},"end":{"line":113,"column":3}},"48":{"start":{"line":106,"column":3},"end":{"line":106,"column":74}},"49":{"start":{"line":108,"column":3},"end":{"line":108,"column":18}},"50":{"start":{"line":109,"column":3},"end":{"line":111,"column":4}},"51":{"start":{"line":110,"column":4},"end":{"line":110,"column":43}},"52":{"start":{"line":112,"column":3},"end":{"line":112,"column":21}},"53":{"start":{"line":117,"column":1},"end":{"line":132,"column":3}},"54":{"start":{"line":118,"column":2},"end":{"line":118,"column":43}},"55":{"start":{"line":119,"column":2},"end":{"line":119,"column":46}},"56":{"start":{"line":120,"column":2},"end":{"line":131,"column":3}},"57":{"start":{"line":121,"column":3},"end":{"line":121,"column":70}},"58":{"start":{"line":123,"column":3},"end":{"line":125,"column":4}},"59":{"start":{"line":124,"column":4},"end":{"line":124,"column":43}},"60":{"start":{"line":126,"column":3},"end":{"line":126,"column":24}},"61":{"start":{"line":127,"column":3},"end":{"line":129,"column":4}},"62":{"start":{"line":128,"column":4},"end":{"line":128,"column":55}},"63":{"start":{"line":130,"column":3},"end":{"line":130,"column":21}},"64":{"start":{"line":135,"column":1},"end":{"line":147,"column":3}},"65":{"start":{"line":136,"column":2},"end":{"line":136,"column":43}},"66":{"start":{"line":137,"column":2},"end":{"line":137,"column":46}},"67":{"start":{"line":138,"column":2},"end":{"line":146,"column":3}},"68":{"start":{"line":139,"column":3},"end":{"line":139,"column":70}},"69":{"start":{"line":141,"column":3},"end":{"line":141,"column":25}},"70":{"start":{"line":142,"column":3},"end":{"line":144,"column":4}},"71":{"start":{"line":143,"column":4},"end":{"line":143,"column":47}},"72":{"start":{"line":145,"column":3},"end":{"line":145,"column":21}},"73":{"start":{"line":151,"column":1},"end":{"line":170,"column":2}},"74":{"start":{"line":152,"column":2},"end":{"line":152,"column":33}},"75":{"start":{"line":153,"column":2},"end":{"line":169,"column":3}},"76":{"start":{"line":154,"column":3},"end":{"line":154,"column":34}},"77":{"start":{"line":155,"column":3},"end":{"line":157,"column":4}},"78":{"start":{"line":156,"column":4},"end":{"line":156,"column":34}},"79":{"start":{"line":158,"column":3},"end":{"line":164,"column":4}},"80":{"start":{"line":159,"column":4},"end":{"line":163,"column":5}},"81":{"start":{"line":160,"column":5},"end":{"line":160,"column":38}},"82":{"start":{"line":161,"column":11},"end":{"line":163,"column":5}},"83":{"start":{"line":162,"column":5},"end":{"line":162,"column":37}},"84":{"start":{"line":165,"column":3},"end":{"line":165,"column":15}},"85":{"start":{"line":168,"column":3},"end":{"line":168,"column":16}},"86":{"start":{"line":174,"column":1},"end":{"line":179,"column":4}},"87":{"start":{"line":175,"column":2},"end":{"line":175,"column":70}},"88":{"start":{"line":176,"column":2},"end":{"line":176,"column":40}},"89":{"start":{"line":177,"column":2},"end":{"line":177,"column":37}},"90":{"start":{"line":178,"column":2},"end":{"line":178,"column":28}},"91":{"start":{"line":182,"column":1},"end":{"line":184,"column":4}},"92":{"start":{"line":183,"column":2},"end":{"line":183,"column":78}},"93":{"start":{"line":189,"column":1},"end":{"line":203,"column":2}},"94":{"start":{"line":190,"column":2},"end":{"line":190,"column":50}},"95":{"start":{"line":191,"column":2},"end":{"line":191,"column":56}},"96":{"start":{"line":192,"column":2},"end":{"line":200,"column":5}},"97":{"start":{"line":195,"column":3},"end":{"line":197,"column":4}},"98":{"start":{"line":196,"column":4},"end":{"line":196,"column":29}},"99":{"start":{"line":199,"column":3},"end":{"line":199,"column":45}},"100":{"start":{"line":207,"column":1},"end":{"line":250,"column":2}},"101":{"start":{"line":210,"column":2},"end":{"line":216,"column":4}},"102":{"start":{"line":211,"column":3},"end":{"line":211,"column":38}},"103":{"start":{"line":212,"column":3},"end":{"line":215,"column":4}},"104":{"start":{"line":213,"column":4},"end":{"line":213,"column":41}},"105":{"start":{"line":214,"column":4},"end":{"line":214,"column":35}},"106":{"start":{"line":221,"column":2},"end":{"line":235,"column":4}},"107":{"start":{"line":222,"column":3},"end":{"line":234,"column":6}},"108":{"start":{"line":223,"column":4},"end":{"line":230,"column":5}},"109":{"start":{"line":224,"column":5},"end":{"line":224,"column":35}},"110":{"start":{"line":225,"column":5},"end":{"line":229,"column":6}},"111":{"start":{"line":226,"column":6},"end":{"line":226,"column":39}},"112":{"start":{"line":227,"column":12},"end":{"line":229,"column":6}},"113":{"start":{"line":228,"column":6},"end":{"line":228,"column":38}},"114":{"start":{"line":231,"column":4},"end":{"line":233,"column":5}},"115":{"start":{"line":232,"column":5},"end":{"line":232,"column":38}},"116":{"start":{"line":237,"column":2},"end":{"line":247,"column":5}},"117":{"start":{"line":238,"column":3},"end":{"line":246,"column":6}},"118":{"start":{"line":239,"column":4},"end":{"line":245,"column":5}},"119":{"start":{"line":240,"column":5},"end":{"line":242,"column":8}},"120":{"start":{"line":241,"column":6},"end":{"line":241,"column":57}},"121":{"start":{"line":244,"column":5},"end":{"line":244,"column":24}},"122":{"start":{"line":249,"column":2},"end":{"line":249,"column":35}}},"branchMap":{"1":{"line":13,"type":"if","locations":[{"start":{"line":13,"column":2},"end":{"line":13,"column":2}},{"start":{"line":13,"column":2},"end":{"line":13,"column":2}}]},"2":{"line":17,"type":"if","locations":[{"start":{"line":17,"column":2},"end":{"line":17,"column":2}},{"start":{"line":17,"column":2},"end":{"line":17,"column":2}}]},"3":{"line":21,"type":"if","locations":[{"start":{"line":21,"column":2},"end":{"line":21,"column":2}},{"start":{"line":21,"column":2},"end":{"line":21,"column":2}}]},"4":{"line":32,"type":"if","locations":[{"start":{"line":32,"column":2},"end":{"line":32,"column":2}},{"start":{"line":32,"column":2},"end":{"line":32,"column":2}}]},"5":{"line":39,"type":"if","locations":[{"start":{"line":39,"column":2},"end":{"line":39,"column":2}},{"start":{"line":39,"column":2},"end":{"line":39,"column":2}}]},"6":{"line":56,"type":"binary-expr","locations":[{"start":{"line":56,"column":46},"end":{"line":56,"column":65}},{"start":{"line":56,"column":69},"end":{"line":56,"column":70}}]},"7":{"line":58,"type":"if","locations":[{"start":{"line":58,"column":2},"end":{"line":58,"column":2}},{"start":{"line":58,"column":2},"end":{"line":58,"column":2}}]},"8":{"line":61,"type":"if","locations":[{"start":{"line":61,"column":3},"end":{"line":61,"column":3}},{"start":{"line":61,"column":3},"end":{"line":61,"column":3}}]},"9":{"line":64,"type":"if","locations":[{"start":{"line":64,"column":9},"end":{"line":64,"column":9}},{"start":{"line":64,"column":9},"end":{"line":64,"column":9}}]},"10":{"line":70,"type":"if","locations":[{"start":{"line":70,"column":9},"end":{"line":70,"column":9}},{"start":{"line":70,"column":9},"end":{"line":70,"column":9}}]},"11":{"line":76,"type":"if","locations":[{"start":{"line":76,"column":2},"end":{"line":76,"column":2}},{"start":{"line":76,"column":2},"end":{"line":76,"column":2}}]},"12":{"line":77,"type":"if","locations":[{"start":{"line":77,"column":3},"end":{"line":77,"column":3}},{"start":{"line":77,"column":3},"end":{"line":77,"column":3}}]},"13":{"line":84,"type":"if","locations":[{"start":{"line":84,"column":2},"end":{"line":84,"column":2}},{"start":{"line":84,"column":2},"end":{"line":84,"column":2}}]},"14":{"line":95,"type":"if","locations":[{"start":{"line":95,"column":2},"end":{"line":95,"column":2}},{"start":{"line":95,"column":2},"end":{"line":95,"column":2}}]},"15":{"line":105,"type":"if","locations":[{"start":{"line":105,"column":2},"end":{"line":105,"column":2}},{"start":{"line":105,"column":2},"end":{"line":105,"column":2}}]},"16":{"line":109,"type":"if","locations":[{"start":{"line":109,"column":3},"end":{"line":109,"column":3}},{"start":{"line":109,"column":3},"end":{"line":109,"column":3}}]},"17":{"line":120,"type":"if","locations":[{"start":{"line":120,"column":2},"end":{"line":120,"column":2}},{"start":{"line":120,"column":2},"end":{"line":120,"column":2}}]},"18":{"line":123,"type":"if","locations":[{"start":{"line":123,"column":3},"end":{"line":123,"column":3}},{"start":{"line":123,"column":3},"end":{"line":123,"column":3}}]},"19":{"line":127,"type":"if","locations":[{"start":{"line":127,"column":3},"end":{"line":127,"column":3}},{"start":{"line":127,"column":3},"end":{"line":127,"column":3}}]},"20":{"line":138,"type":"if","locations":[{"start":{"line":138,"column":2},"end":{"line":138,"column":2}},{"start":{"line":138,"column":2},"end":{"line":138,"column":2}}]},"21":{"line":142,"type":"if","locations":[{"start":{"line":142,"column":3},"end":{"line":142,"column":3}},{"start":{"line":142,"column":3},"end":{"line":142,"column":3}}]},"22":{"line":153,"type":"if","locations":[{"start":{"line":153,"column":2},"end":{"line":153,"column":2}},{"start":{"line":153,"column":2},"end":{"line":153,"column":2}}]},"23":{"line":155,"type":"if","locations":[{"start":{"line":155,"column":3},"end":{"line":155,"column":3}},{"start":{"line":155,"column":3},"end":{"line":155,"column":3}}]},"24":{"line":158,"type":"if","locations":[{"start":{"line":158,"column":3},"end":{"line":158,"column":3}},{"start":{"line":158,"column":3},"end":{"line":158,"column":3}}]},"25":{"line":159,"type":"if","locations":[{"start":{"line":159,"column":4},"end":{"line":159,"column":4}},{"start":{"line":159,"column":4},"end":{"line":159,"column":4}}]},"26":{"line":161,"type":"if","locations":[{"start":{"line":161,"column":11},"end":{"line":161,"column":11}},{"start":{"line":161,"column":11},"end":{"line":161,"column":11}}]},"27":{"line":189,"type":"if","locations":[{"start":{"line":189,"column":1},"end":{"line":189,"column":1}},{"start":{"line":189,"column":1},"end":{"line":189,"column":1}}]},"28":{"line":207,"type":"if","locations":[{"start":{"line":207,"column":1},"end":{"line":207,"column":1}},{"start":{"line":207,"column":1},"end":{"line":207,"column":1}}]},"29":{"line":223,"type":"if","locations":[{"start":{"line":223,"column":4},"end":{"line":223,"column":4}},{"start":{"line":223,"column":4},"end":{"line":223,"column":4}}]},"30":{"line":225,"type":"if","locations":[{"start":{"line":225,"column":5},"end":{"line":225,"column":5}},{"start":{"line":225,"column":5},"end":{"line":225,"column":5}}]},"31":{"line":227,"type":"if","locations":[{"start":{"line":227,"column":12},"end":{"line":227,"column":12}},{"start":{"line":227,"column":12},"end":{"line":227,"column":12}}]},"32":{"line":231,"type":"if","locations":[{"start":{"line":231,"column":4},"end":{"line":231,"column":4}},{"start":{"line":231,"column":4},"end":{"line":231,"column":4}}]},"33":{"line":239,"type":"if","locations":[{"start":{"line":239,"column":4},"end":{"line":239,"column":4}},{"start":{"line":239,"column":4},"end":{"line":239,"column":4}}]},"34":{"line":239,"type":"binary-expr","locations":[{"start":{"line":239,"column":7},"end":{"line":239,"column":19}},{"start":{"line":239,"column":23},"end":{"line":239,"column":46}}]}}},"www/js/TestingCode.js":{"path":"www/js/TestingCode.js","s":{"1":1,"2":0,"3":1,"4":0,"5":1,"6":0,"7":0,"8":0,"9":0,"10":0,"11":0,"12":0,"13":0,"14":0,"15":0,"16":1,"17":0,"18":0,"19":0,"20":0,"21":0,"22":0,"23":0,"24":1,"25":0,"26":0,"27":0,"28":0,"29":0,"30":1,"31":1,"32":0,"33":0,"34":0,"35":0,"36":0,"37":0,"38":0,"39":0,"40":0,"41":0,"42":1,"43":0,"44":0,"45":0,"46":0,"47":0,"48":0,"49":0,"50":0,"51":0},"b":{"1":[0,0],"2":[0,0],"3":[0,0],"4":[0,0]},"f":{"1":0,"2":0,"3":0,"4":0,"5":0,"6":0,"7":0,"8":1,"9":0,"10":0,"11":0,"12":0,"13":0},"fnMap":{"1":{"name":"setEndDate","line":3,"loc":{"start":{"line":3,"column":0},"end":{"line":3,"column":34}}},"2":{"name":"setTimeTravel","line":9,"loc":{"start":{"line":9,"column":0},"end":{"line":9,"column":29}}},"3":{"name":"timeTravel","line":15,"loc":{"start":{"line":15,"column":0},"end":{"line":15,"column":34}}},"4":{"name":"(anonymous_4)","line":21,"loc":{"start":{"line":21,"column":8},"end":{"line":21,"column":19}}},"5":{"name":"setUpFutureDate","line":42,"loc":{"start":{"line":42,"column":0},"end":{"line":42,"column":27}}},"6":{"name":"(anonymous_6)","line":48,"loc":{"start":{"line":48,"column":25},"end":{"line":48,"column":36}}},"7":{"name":"(anonymous_7)","line":58,"loc":{"start":{"line":58,"column":25},"end":{"line":58,"column":36}}},"8":{"name":"setUpDebugToggle","line":67,"loc":{"start":{"line":67,"column":0},"end":{"line":67,"column":28}}},"9":{"name":"(anonymous_9)","line":68,"loc":{"start":{"line":68,"column":25},"end":{"line":68,"column":36}}},"10":{"name":"(anonymous_10)","line":74,"loc":{"start":{"line":74,"column":35},"end":{"line":74,"column":46}}},"11":{"name":"(anonymous_11)","line":79,"loc":{"start":{"line":79,"column":34},"end":{"line":79,"column":45}}},"12":{"name":"(anonymous_12)","line":85,"loc":{"start":{"line":85,"column":25},"end":{"line":85,"column":36}}},"13":{"name":"(anonymous_13)","line":94,"loc":{"start":{"line":94,"column":22},"end":{"line":94,"column":33}}}},"statementMap":{"1":{"start":{"line":3,"column":0},"end":{"line":5,"column":1}},"2":{"start":{"line":4,"column":1},"end":{"line":4,"column":90}},"3":{"start":{"line":9,"column":0},"end":{"line":11,"column":1}},"4":{"start":{"line":10,"column":1},"end":{"line":10,"column":43}},"5":{"start":{"line":15,"column":0},"end":{"line":39,"column":1}},"6":{"start":{"line":16,"column":1},"end":{"line":16,"column":25}},"7":{"start":{"line":21,"column":1},"end":{"line":38,"column":3}},"8":{"start":{"line":23,"column":2},"end":{"line":27,"column":3}},"9":{"start":{"line":25,"column":3},"end":{"line":25,"column":82}},"10":{"start":{"line":26,"column":3},"end":{"line":26,"column":31}},"11":{"start":{"line":30,"column":2},"end":{"line":30,"column":16}},"12":{"start":{"line":31,"column":2},"end":{"line":33,"column":3}},"13":{"start":{"line":32,"column":3},"end":{"line":32,"column":26}},"14":{"start":{"line":35,"column":2},"end":{"line":35,"column":83}},"15":{"start":{"line":37,"column":2},"end":{"line":37,"column":14}},"16":{"start":{"line":42,"column":0},"end":{"line":55,"column":1}},"17":{"start":{"line":44,"column":1},"end":{"line":44,"column":27}},"18":{"start":{"line":46,"column":1},"end":{"line":46,"column":49}},"19":{"start":{"line":48,"column":1},"end":{"line":54,"column":4}},"20":{"start":{"line":50,"column":2},"end":{"line":50,"column":60}},"21":{"start":{"line":51,"column":2},"end":{"line":51,"column":46}},"22":{"start":{"line":52,"column":2},"end":{"line":52,"column":66}},"23":{"start":{"line":53,"column":2},"end":{"line":53,"column":59}},"24":{"start":{"line":58,"column":0},"end":{"line":61,"column":3}},"25":{"start":{"line":59,"column":1},"end":{"line":59,"column":16}},"26":{"start":{"line":60,"column":1},"end":{"line":60,"column":82}},"27":{"start":{"line":63,"column":0},"end":{"line":63,"column":24}},"28":{"start":{"line":64,"column":0},"end":{"line":64,"column":22}},"29":{"start":{"line":65,"column":0},"end":{"line":65,"column":23}},"30":{"start":{"line":67,"column":0},"end":{"line":92,"column":1}},"31":{"start":{"line":68,"column":1},"end":{"line":83,"column":4}},"32":{"start":{"line":69,"column":2},"end":{"line":69,"column":34}},"33":{"start":{"line":70,"column":2},"end":{"line":70,"column":20}},"34":{"start":{"line":71,"column":2},"end":{"line":82,"column":3}},"35":{"start":{"line":72,"column":3},"end":{"line":72,"column":28}},"36":{"start":{"line":73,"column":3},"end":{"line":73,"column":36}},"37":{"start":{"line":74,"column":3},"end":{"line":76,"column":12}},"38":{"start":{"line":75,"column":4},"end":{"line":75,"column":29}},"39":{"start":{"line":77,"column":3},"end":{"line":77,"column":23}},"40":{"start":{"line":79,"column":3},"end":{"line":81,"column":12}},"41":{"start":{"line":80,"column":4},"end":{"line":80,"column":24}},"42":{"start":{"line":85,"column":1},"end":{"line":91,"column":4}},"43":{"start":{"line":86,"column":2},"end":{"line":86,"column":27}},"44":{"start":{"line":87,"column":2},"end":{"line":87,"column":43}},"45":{"start":{"line":88,"column":5},"end":{"line":88,"column":23}},"46":{"start":{"line":89,"column":5},"end":{"line":89,"column":23}},"47":{"start":{"line":90,"column":5},"end":{"line":90,"column":30}},"48":{"start":{"line":94,"column":0},"end":{"line":98,"column":3}},"49":{"start":{"line":95,"column":1},"end":{"line":95,"column":39}},"50":{"start":{"line":96,"column":1},"end":{"line":96,"column":40}},"51":{"start":{"line":97,"column":1},"end":{"line":97,"column":80}}},"branchMap":{"1":{"line":23,"type":"if","locations":[{"start":{"line":23,"column":2},"end":{"line":23,"column":2}},{"start":{"line":23,"column":2},"end":{"line":23,"column":2}}]},"2":{"line":23,"type":"binary-expr","locations":[{"start":{"line":23,"column":5},"end":{"line":23,"column":27}},{"start":{"line":23,"column":31},"end":{"line":23,"column":57}}]},"3":{"line":50,"type":"cond-expr","locations":[{"start":{"line":50,"column":31},"end":{"line":50,"column":46}},{"start":{"line":50,"column":49},"end":{"line":50,"column":59}}]},"4":{"line":71,"type":"if","locations":[{"start":{"line":71,"column":2},"end":{"line":71,"column":2}},{"start":{"line":71,"column":2},"end":{"line":71,"column":2}}]}}},"www/js/UIController.js":{"path":"www/js/UIController.js","s":{"1":1,"2":21,"3":5,"4":4,"5":3,"6":3,"7":0,"8":1,"9":1,"10":21,"11":2,"12":1,"13":1,"14":1,"15":1,"16":0,"17":0,"18":0,"19":1,"20":21,"21":1,"22":21,"23":0,"24":0,"25":0,"26":0,"27":0,"28":21,"29":4,"30":3,"31":0,"32":3,"33":1,"34":21,"35":4,"36":3,"37":3,"38":3,"39":0,"40":0,"41":1,"42":21,"43":4,"44":3,"45":1,"46":1,"47":12,"48":1,"49":2},"b":{"1":[4,1],"2":[3,1],"3":[3,0],"4":[1,1],"5":[1,0],"6":[1,0],"7":[1,0],"8":[0,0],"9":[0,0],"10":[3,1],"11":[0,3],"12":[3,1],"13":[3,0],"14":[3,0],"15":[3,1],"16":[12,9,6,3],"17":[2,2]},"f":{"1":21,"2":5,"3":2,"4":
[...]
:{"line":46,"column":3},"end":{"line":46,"column":47}},"26":{"start":{"line":49,"column":2},"end":{"line":51,"column":5}},"27":{"start":{"line":50,"column":3},"end":{"line":50,"column":49}},"28":{"start":{"line":53,"column":2},"end":{"line":55,"column":5}},"29":{"start":{"line":54,"column":3},"end":{"line":54,"column":47}},"30":{"start":{"line":57,"column":2},"end":{"line":59,"column":5}},"31":{"start":{"line":58,"column":3},"end":{"line":58,"column":49}},"32":{"start":{"line":61,"column":2},"end":{"line":63,"column":5}},"33":{"start":{"line":62,"column":3},"end":{"line":62,"column":49}},"34":{"start":{"line":65,"column":2},"end":{"line":67,"column":5}},"35":{"start":{"line":66,"column":3},"end":{"line":66,"column":51}},"36":{"start":{"line":69,"column":2},"end":{"line":74,"column":5}},"37":{"start":{"line":70,"column":3},"end":{"line":70,"column":27}},"38":{"start":{"line":71,"column":3},"end":{"line":71,"column":17}},"39":{"start":{"line":72,"column":3},"end":{"line":72,"column":24}},"40":{"start":{"line":73,"column":3},"end":{"line":73,"column":22}},"41":{"start":{"line":77,"column":1},"end":{"line":85,"column":2}},"42":{"start":{"line":78,"column":2},"end":{"line":78,"column":36}},"43":{"start":{"line":79,"column":2},"end":{"line":79,"column":37}},"44":{"start":{"line":80,"column":2},"end":{"line":80,"column":36}},"45":{"start":{"line":81,"column":2},"end":{"line":81,"column":37}},"46":{"start":{"line":82,"column":2},"end":{"line":82,"column":37}},"47":{"start":{"line":83,"column":2},"end":{"line":83,"column":35}},"48":{"start":{"line":84,"column":2},"end":{"line":84,"column":38}},"49":{"start":{"line":87,"column":1},"end":{"line":95,"column":2}},"50":{"start":{"line":89,"column":2},"end":{"line":89,"column":37}},"51":{"start":{"line":90,"column":2},"end":{"line":90,"column":36}},"52":{"start":{"line":91,"column":2},"end":{"line":91,"column":37}},"53":{"start":{"line":93,"column":2},"end":{"line":93,"column":35}},"54":{"start":{"line":94,"column":2},"end":{"line":94,"column":38}},"55":{"start":{"line":99,"column":1},"end":{"line":103,"column":4}},"56":{"start":{"line":100,"column":2},"end":{"line":102,"column":3}},"57":{"start":{"line":101,"column":3},"end":{"line":101,"column":37}},"58":{"start":{"line":107,"column":1},"end":{"line":112,"column":4}},"59":{"start":{"line":108,"column":2},"end":{"line":111,"column":3}},"60":{"start":{"line":109,"column":3},"end":{"line":109,"column":38}},"61":{"start":{"line":114,"column":1},"end":{"line":114,"column":21}},"62":{"start":{"line":115,"column":1},"end":{"line":115,"column":15}},"63":{"start":{"line":117,"column":1},"end":{"line":129,"column":2}},"64":{"start":{"line":120,"column":2},"end":{"line":120,"column":18}},"65":{"start":{"line":122,"column":2},"end":{"line":126,"column":5}},"66":{"start":{"line":123,"column":3},"end":{"line":123,"column":43}},"67":{"start":{"line":124,"column":3},"end":{"line":124,"column":24}},"68":{"start":{"line":125,"column":3},"end":{"line":125,"column":22}},"69":{"start":{"line":128,"column":2},"end":{"line":128,"column":18}}},"branchMap":{"1":{"line":4,"type":"if","locations":[{"start":{"line":4,"column":2},"end":{"line":4,"column":2}},{"start":{"line":4,"column":2},"end":{"line":4,"column":2}}]},"2":{"line":100,"type":"if","locations":[{"start":{"line":100,"column":2},"end":{"line":100,"column":2}},{"start":{"line":100,"column":2},"end":{"line":100,"column":2}}]},"3":{"line":108,"type":"if","locations":[{"start":{"line":108,"column":2},"end":{"line":108,"column":2}},{"start":{"line":108,"column":2},"end":{"line":108,"column":2}}]},"4":{"line":117,"type":"if","locations":[{"start":{"line":117,"column":1},"end":{"line":117,"column":1}},{"start":{"line":117,"column":1},"end":{"line":117,"column":1}}]}}},"www/js/ui/UIView.js":{"path":"www/js/ui/UIView.js","s":{"1":1,"2":1,"3":1,"4":1,"5":7,"6":7,"7":1,"8":0,"9":0,"10":0,"11":1,"12":0,"13":0,"14":0,"15":0,"16":0,"17":0,"18":0,"19":0,"20":0,"21":0,"22":0,"23":1,"24":0,"25":0},"b":{"1":[7,7],"2":[0,0],"3":[0,0],"4":[0,0]},"f":{"1":1,"2":7,"3":0,"4":0,"5":0},"fnMap":{"1":{"name":"(anonymous_1)","line":4,"loc":{"start":{"line":4,"column":13},"end":{"line":4,"column":64}}},"2":{"name":"(anonymous_2)","line":11,"loc":{"start":{"line":11,"column":25},"end":{"line":11,"column":51}}},"3":{"name":"notifyListeners","line":16,"loc":{"start":{"line":16,"column":1},"end":{"line":16,"column":39}}},"4":{"name":"(anonymous_4)","line":24,"loc":{"start":{"line":24,"column":26},"end":{"line":24,"column":42}}},"5":{"name":"(anonymous_5)","line":43,"loc":{"start":{"line":43,"column":28},"end":{"line":43,"column":43}}}},"statementMap":{"1":{"start":{"line":4,"column":0},"end":{"line":49,"column":2}},"2":{"start":{"line":7,"column":1},"end":{"line":7,"column":17}},"3":{"start":{"line":9,"column":1},"end":{"line":9,"column":20}},"4":{"start":{"line":11,"column":1},"end":{"line":14,"column":3}},"5":{"start":{"line":12,"column":2},"end":{"line":12,"column":44}},"6":{"start":{"line":13,"column":2},"end":{"line":13,"column":34}},"7":{"start":{"line":16,"column":1},"end":{"line":21,"column":2}},"8":{"start":{"line":17,"column":2},"end":{"line":17,"column":43}},"9":{"start":{"line":18,"column":2},"end":{"line":20,"column":3}},"10":{"start":{"line":19,"column":3},"end":{"line":19,"column":38}},"11":{"start":{"line":24,"column":1},"end":{"line":40,"column":4}},"12":{"start":{"line":26,"column":2},"end":{"line":26,"column":46}},"13":{"start":{"line":28,"column":2},"end":{"line":28,"column":55}},"14":{"start":{"line":30,"column":2},"end":{"line":30,"column":81}},"15":{"start":{"line":32,"column":2},"end":{"line":32,"column":41}},"16":{"start":{"line":33,"column":2},"end":{"line":33,"column":58}},"17":{"start":{"line":34,"column":2},"end":{"line":34,"column":67}},"18":{"start":{"line":35,"column":2},"end":{"line":35,"column":39}},"19":{"start":{"line":36,"column":2},"end":{"line":36,"column":38}},"20":{"start":{"line":37,"column":2},"end":{"line":37,"column":38}},"21":{"start":{"line":38,"column":2},"end":{"line":38,"column":59}},"22":{"start":{"line":39,"column":2},"end":{"line":39,"column":146}},"23":{"start":{"line":43,"column":1},"end":{"line":47,"column":4}},"24":{"start":{"line":44,"column":2},"end":{"line":46,"column":3}},"25":{"start":{"line":45,"column":3},"end":{"line":45,"column":25}}},"branchMap":{"1":{"line":12,"type":"binary-expr","locations":[{"start":{"line":12,"column":21},"end":{"line":12,"column":37}},{"start":{"line":12,"column":41},"end":{"line":12,"column":43}}]},"2":{"line":17,"type":"binary-expr","locations":[{"start":{"line":17,"column":20},"end":{"line":17,"column":36}},{"start":{"line":17,"column":40},"end":{"line":17,"column":42}}]},"3":{"line":44,"type":"if","locations":[{"start":{"line":44,"column":2},"end":{"line":44,"column":2}},{"start":{"line":44,"column":2},"end":{"line":44,"column":2}}]},"4":{"line":44,"type":"binary-expr","locations":[{"start":{"line":44,"column":5},"end":{"line":44,"column":35}},{"start":{"line":44,"column":39},"end":{"line":44,"column":67}}]}}},"www/js/utility.js":{"path":"www/js/utility.js","s":{"1":1,"2":1,"3":1,"4":1,"5":1,"6":1,"7":328,"8":1,"9":23,"10":1,"11":83,"12":83,"13":1,"14":147,"15":134,"16":1,"17":21,"18":1,"19":20,"20":1,"21":90,"22":90,"23":45,"24":45,"25":1,"26":0,"27":0,"28":0,"29":1,"30":0,"31":1,"32":0,"33":1,"34":0,"35":0,"36":0,"37":0,"38":0,"39":0,"40":1,"41":0,"42":1,"43":2,"44":1,"45":2,"46":2,"47":2,"48":1,"49":13,"50":13,"51":13,"52":13,"53":13,"54":13,"55":1,"56":4,"57":4,"58":4,"59":4,"60":4,"61":4,"62":4,"63":1,"64":13,"65":13,"66":13,"67":1,"68":0,"69":0,"70":0,"71":0,"72":0,"73":0,"74":0,"75":0,"76":1,"77":236,"78":236,"79":236,"80":236,"81":236,"82":25,"83":8,"84":17,"85":211,"86":236,"87":236,"88":142,"89":142,"90":142,"91":14,"92":94,"93":94,"94":94,"95":94,"96":94,"97":76,"98":236,"99":1,"100":0,"101":1,"102":20,"103":20,"104":20,"105":20,"106":20},"b":{"1":[83,51],"2":[134,13],"3":[1,20],"4":[45,45],"5":[25,211],"6":[8,17],"7":[142,94],"8":[14,128],"9":[142,142],"10":[94,0],"11":[76,18],"12":[94,77]},"f":{"1":328,"2":23,"3":83,"4":147,"5":21,"6":90,"7":0,"8":0,"9":0,"10":0,"11":0,"12":0,"13":0,"14":2,"15":2,"16":13,"17":4,"18":13,"19":0,"20":236,"21":0,"22":20},"fnMap":{"1":{"name":"isSameDay","line":16,"loc":{"start":{"line":16,"column":0},"end":{"line":16,"column":33}}},"2":{"name":"isToday","line":22,"loc":{"start":{"line":22,"column":0},"end":{"line":22,"column":23}}},"3":{"name":"isTodayOrLater","line":26,"loc":{"start":{"line":26,"column":0},"end":{"line":26,"column":30}}},"4":{"name":"callFunc","line":34,"loc":{"start":{"line":34,"column":0},"end":{"line":34,"column":30}}},"5":{"name":"deepCopy","line":41,"loc":{"start":{"line":41,"column":0},"end":{"line":41,"column":27}}},"6":{"name":"indexOfData","line":48,"loc":{"start":{"line":48,"column":0},"end":{"line":48,"column":38}}},"7":{"name":"dateInputToDate","line":57,"loc":{"start":{"line":57,"column":0},"end":{"line":57,"column":30}}},"8":{"name":"(anonymous_8)","line":58,"loc":{"start":{"line":58,"column":32},"end":{"line":58,"column":46}}},"9":{"name":"dateToDateInput","line":64,"loc":{"start":{"line":64,"column":0},"end":{"line":64,"column":30}}},"10":{"name":"dateToTimeInput","line":68,"loc":{"start":{"line":68,"column":0},"end":{"line":68,"column":30}}},"11":{"name":"timeInputToDate","line":72,"loc":{"start":{"line":72,"column":0},"end":{"line":72,"column":30}}},"12":{"name":"(anonymous_12)","line":73,"loc":{"start":{"line":73,"column":32},"end":{"line":73,"column":46}}},"13":{"name":"padDigits","line":82,"loc":{"start":{"line":82,"column":0},"end":{"line":82,"column":35}}},"14":{"name":"clearStorage","line":87,"loc":{"start":{"line":87,"column":0},"end":{"line":87,"column":24}}},"15":{"name":"(anonymous_15)","line":94,"loc":{"start":{"line":94,"column":19},"end":{"line":94,"column":53}}},"16":{"name":"(anonymous_16)","line":101,"loc":{"start":{"line":101,"column":18},"end":{"line":101,"column":67}}},"17":{"name":"(anonymous_17)","line":111,"loc":{"start":{"line":111,"column":18},"end":{"line":111,"column":76}}},"18":{"name":"(anonymous_18)","line":122,"loc":{"start":{"line":122,"column":17},"end":{"line":122,"column":47}}},"19":{"name":"(anonymous_19)","line":128,"loc":{"start":{"line":128,"column":14},"end":{"line":128,"column":161}}},"20":{"name":"findNextTime","line":139,"loc":{"start":{"line":139,"column":0},"end":{"line":139,"column":40}}},"21":{"name":"trimToDay","line":179,"loc":{"start":{"line":179,"column":0},"end":{"line":179,"column":29}}},"22":{"name":"getTimeDate","line":183,"loc":{"start":{"line":183,"column":0},"end":{"line":183,"column":46}}}},"statementMap":{"1":{"start":{"line":4,"column":0},"end":{"line":4,"column":23}},"2":{"start":{"line":7,"column":0},"end":{"line":7,"column":24}},"3":{"start":{"line":9,"column":0},"end":{"line":9,"column":27}},"4":{"start":{"line":11,"column":0},"end":{"line":11,"column":47}},"5":{"start":{"line":12,"column":0},"end":{"line":12,"column":29}},"6":{"start":{"line":16,"column":0},"end":{"line":18,"column":1}},"7":{"start":{"line":17,"column":1},"end":{"line":17,"column":54}},"8":{"start":{"line":22,"column":0},"end":{"line":24,"column":1}},"9":{"start":{"line":23,"column":1},"end":{"line":23,"column":36}},"10":{"start":{"line":26,"column":0},"end":{"line":29,"column":1}},"11":{"start":{"line":27,"column":1},"end":{"line":27,"column":24}},"12":{"start":{"line":28,"column":1},"end":{"line":28,"column":49}},"13":{"start":{"line":34,"column":0},"end":{"line":38,"column":1}},"14":{"start":{"line":35,"column":1},"end":{"line":37,"column":2}},"15":{"start":{"line":36,"column":2},"end":{"line":36,"column":27}},"16":{"start":{"line":41,"column":0},"end":{"line":46,"column":1}},"17":{"start":{"line":42,"column":1},"end":{"line":44,"column":2}},"18":{"start":{"line":43,"column":2},"end":{"line":43,"column":19}},"19":{"start":{"line":45,"column":1},"end":{"line":45,"column":44}},"20":{"start":{"line":48,"column":0},"end":{"line":55,"column":1}},"21":{"start":{"line":49,"column":1},"end":{"line":53,"column":2}},"22":{"start":{"line":50,"column":2},"end":{"line":52,"column":3}},"23":{"start":{"line":51,"column":3},"end":{"line":51,"column":12}},"24":{"start":{"line":54,"column":1},"end":{"line":54,"column":11}},"25":{"start":{"line":57,"column":0},"end":{"line":62,"column":1}},"26":{"start":{"line":58,"column":1},"end":{"line":60,"column":4}},"27":{"start":{"line":59,"column":2},"end":{"line":59,"column":23}},"28":{"start":{"line":61,"column":1},"end":{"line":61,"column":51}},"29":{"start":{"line":64,"column":0},"end":{"line":66,"column":1}},"30":{"start":{"line":65,"column":1},"end":{"line":65,"column":104}},"31":{"start":{"line":68,"column":0},"end":{"line":70,"column":1}},"32":{"start":{"line":69,"column":1},"end":{"line":69,"column":77}},"33":{"start":{"line":72,"column":0},"end":{"line":80,"column":1}},"34":{"start":{"line":73,"column":1},"end":{"line":75,"column":4}},"35":{"start":{"line":74,"column":2},"end":{"line":74,"column":23}},"36":{"start":{"line":76,"column":1},"end":{"line":76,"column":29}},"37":{"start":{"line":77,"column":1},"end":{"line":77,"column":31}},"38":{"start":{"line":78,"column":1},"end":{"line":78,"column":33}},"39":{"start":{"line":79,"column":1},"end":{"line":79,"column":19}},"40":{"start":{"line":82,"column":0},"end":{"line":84,"column":1}},"41":{"start":{"line":83,"column":4},"end":{"line":83,"column":83}},"42":{"start":{"line":87,"column":0},"end":{"line":89,"column":1}},"43":{"start":{"line":88,"column":1},"end":{"line":88,"column":21}},"44":{"start":{"line":94,"column":0},"end":{"line":98,"column":2}},"45":{"start":{"line":95,"column":1},"end":{"line":95,"column":18}},"46":{"start":{"line":96,"column":1},"end":{"line":96,"column":22}},"47":{"start":{"line":97,"column":1},"end":{"line":97,"column":28}},"48":{"start":{"line":101,"column":0},"end":{"line":108,"column":2}},"49":{"start":{"line":102,"column":1},"end":{"line":102,"column":18}},"50":{"start":{"line":103,"column":1},"end":{"line":103,"column":22}},"51":{"start":{"line":104,"column":1},"end":{"line":104,"column":22}},"52":{"start":{"line":105,"column":1},"end":{"line":105,"column":20}},"53":{"start":{"line":106,"column":1},"end":{"line":106,"column":28}},"54":{"start":{"line":107,"column":1},"end":{"line":107,"column":36}},"55":{"start":{"line":111,"column":0},"end":{"line":119,"column":2}},"56":{"start":{"line":112,"column":1},"end":{"line":112,"column":18}},"57":{"start":{"line":113,"column":1},"end":{"line":113,"column":22}},"58":{"start":{"line":114,"column":1},"end":{"line":114,"column":22}},"59":{"start":{"line":115,"column":1},"end":{"line":115,"column":20}},"60":{"start":{"line":116,"column":1},"end":{"line":116,"column":24}},"61":{"start":{"line":117,"column":1},"end":{"line":117,"column":28}},"62":{"start":{"line":118,"column":1},"end":{"line":118,"column":36}},"63":{"start":{"line":122,"column":0},"end":{"line":126,"column":2}},"64":{"start":{"line":123,"column":1},"end":{"line":123,"column":22}},"65":{"start":{"line":124,"column":1},"end":{"line":124,"column":22}},"66":{"start":{"line":125,"column":1},"end":{"line":125,"column":16}},"67":{"start":{"line":128,"column":0},"end":{"line":137,"column":2}},"68":{"start":{"line":129,"column":1},"end":{"line":129,"column":40}},"69":{"start":{"line":130,"column":1},"end":{"line":130,"column":36}},"70":{"start":{"line":131,"column":1},"end":{"line":131,"column":38}},"71":{"start":{"line":132,"column":1},"end":{"line":132,"column":42}},"72":{"start":{"line":133,"column":1},"end":{"line":133,"column":44}},"73":{"start":{"line":134,"column":1},"end":{"line":134,"column":40}},"74":{"start":{"line":135,"column":1},"end":{"line":135,"column":46}},"75":{"start":{"line":136,"column":1},"end":{"line":136,"column":38}},"76":{"start":{"line":139,"column":0},"end":{"line":177,"column":1}},"77":{"start":{"line":140,"column":1},"end":{"line":140,"column":27}},"78":{"start":{"line":141,"column":1},"end":{"line":141,"column":25}},"79":{"start":{"line":142,"column":1},"end":{"line":142,"column":14}},"80":{"start":{"line":143,"column":1},"end":{"line":143,"column":10}},"81":{"start":{"line":144,"column":1},"end":{"line":153,"column":2}},"82":{"start":{"line":145,"column":2},"end":{"line":150,"column":3}},"83":{"start":{"line":146,"column":3},"end":{"line":146,"column":39}},"84":{"start":{"line":148,"column":3},"end":{"line":148,"column":25}},"85":{"start":{"line":152,"column":2},"end":{"line":152,"column":23}},"86":{"start":{"line":154,"column":1},"end":{"line":154,"column":35}},"87":{"start":{"line":155,"column":1},"end":{"line":168,"column":2}},"88":{"start":{"line":156,"column":2},"end":{"line":156,"column":38}},"89":{"start":{"line":157,"column":2},"end":{"line":157,"column":26}},"90":{"start":{"line":158,"column":2},"end":{"line":160,"column":3}},"91":{"start":{"line":159,"column":3},"end":{"line":159,"column":46}},"92":{"start":{"line":161,"column":8},"end":{"line":168,"column":2}},"93":{"start":{"line":162,"column":2},"end":{"line":162,"column":37}},"94":{"start":{"line":163,"column":2},"end":{"line":163,"column":35}},"95":{"start":{"line":164,"column":2},"end":{"line":164,"column":46}},"96":{"start":{"line":165,"column":2},"end":{"line":167,"column":3}},"97":{"start":{"line":166,"column":3},"end":{"line":166,"column":44}},"98":{"start":{"line":176,"column":1},"end":{"line":176,"column":27}},"99":{"start":{"line":179,"column":0},"end":{"line":181,"column":1}},"100":{"start":{"line":180,"column":1},"end":{"line":180,"column":53}},"101":{"start":{"line":183,"column":0},"end":{"line":189,"column":1}},"102":{"start":{"line":184,"column":1},"end":{"line":184,"column":23}},"103":{"start":{"line":185,"column":1},"end":{"line":185,"column":22}},"104":{"start":{"line":186,"column":1},"end":{"line":186,"column":26}},"105":{"start":{"line":187,"column":1},"end":{"line":187,"column":26}},"106":{"start":{"line":188,"column":1},"end":{"line":188,"column":13}}},"branchMap":{"1":{"line":28,"type":"binary-expr","locations":[{"start":{"line":28,"column":8},"end":{"line":28,"column":30}},{"start":{"line":28,"column":35},"end":{"line":28,"column":47}}]},"2":{"line":35,"type":"if","locations":[{"start":{"line":35,"column":1},"end":{"line":35,"column":1}},{"start":{"line":35,"column":1},"end":{"line":35,"column":1}}]},"3":{"line":42,"type":"if","locations":[{"start":{"line":42,"column":1},"end":{"line":42,"column":1}},{"start":{"line":42,"column":1},"end":{"line":42,"column":1}}]},"4":{"line":50,"type":"if","locations":[{"start":{"line":50,"column":2},"end":{"line":50,"column":2}},{"start":{"line":50,"column":2},"end":{"line":50,"column":2}}]},"5":{"line":144,"type":"if","locations":[{"start":{"line":144,"column":1},"end":{"line":144,"column":1}},{"start":{"line":144,"column":1},"end":{"line":144,"column":1}}]},"6":{"line":145,"type":"if","locations":[{"start":{"line":145,"column":2},"end":{"line":145,"column":2}},{"start":{"line":145,"column":2},"end":{"line":145,"column":2}}]},"7":{"line":155,"type":"if","locations":[{"start":{"line":155,"column":1},"end":{"line":155,"column":1}},{"start":{"line":155,"column":1},"end":{"line":155,"column":1}}]},"8":{"line":158,"type":"if","locations":[{"start":{"line":158,"column":2},"end":{"line":158,"column":2}},{"start":{"line":158,"column":2},"end":{"line":158,"column":2}}]},"9":{"line":158,"type":"binary-expr","locations":[{"start":{"line":158,"column":5},"end":{"line":158,"column":24}},{"start":{"line":158,"column":28},"end":{"line":158,"column":57}}]},"10":{"line":161,"type":"if","locations":[{"start":{"line":161,"column":8},"end":{"line":161,"column":8}},{"start":{"line":161,"column":8},"end":{"line":161,"column":8}}]},"11":{"line":165,"type":"if","locations":[{"start":{"line":165,"column":2},"end":{"line":165,"column":2}},{"start":{"line":165,"column":2},"end":{"line":165,"column":2}}]},"12":{"line":165,"type":"binary-expr","locations":[{"start":{"line":165,"column":5},"end":{"line":165,"column":24}},{"start":{"line":165,"column":28},"end":{"line":165,"column":57}}]}}}}